Exception at PC 0x00007FF82FBC3B29
Exception at PC 0x00007FF82FBC3B29
Exception at PC 0x00007FF82FBC3B29
Exception at PC 0x00007FF82FBC3B29
Exception at PC 0x00007FFFD1C9E132
Attemped to write at address 0x00007FFFF9844AA4
Printing stacktrace...

[0]  [0x00007FFFD1C9E132]
[1]  [0x00007FFFD1C9E132]
[2]  [0x00007FFFD1C9E194]
[3]  [0x00007FFFD18ED0D7]
[4]  [0x00007FFFD17D2BCA]
[5]  [0x00007FFFD17D2FD1]
[6]  [0x00007FFFD1C9EB2F]
[7]  [0x00007FFFD1B5C19D]
[8]  [0x00007FFFD1B55942]
[9]  [0x00007FFFD1B55AB5]
[10] (RtlActivateActivationContextUnsafeFast+0x121) [0x00007FF831DA5021]
[11] (LdrShutdownProcess+0x132) [0x00007FF831DEB102]
[12] (RtlExitUserProcess+0xad) [0x00007FF831DEAFAD]
[13] (ExitProcess+0xa) [0x00007FF830C6CDDA]
[14] (exit+0x85) [0x00007FF8310CA245]
[15] (initterm_e+0x245) [0x00007FF8310CA8B5]
[16]  [0x00000000004014CD]
[17]  [0x000000000040151B]
[18] (BaseThreadInitThunk+0x14) [0x00007FF830C67C24]
[19] (RtlUserThreadStart+0x21) [0x00007FF831DED4D1]
Done
