11:10:08 **** Incremental Build of configuration Debug for project Lab4 ****
make pre-build main-build 
a9-linaro-pre-build-step
' '
'Building file: ../src/lab4.c'
'Invoking: ARM v7 gcc compiler'
arm-none-eabi-gcc -Wall -O0 -g3 -c -fmessage-length=0 -MT"src/lab4.o" -mcpu=cortex-a9 -mfpu=vfpv3 -mfloat-abi=hard -ID:/Repo/ERTS/Assignment/Assignment-work/Assignment_2/HLS_labs/Workfolder/Lab4/Lab4_bsp/ps7_cortexa9_0/include -MMD -MP -MF"src/lab4.d" -MT"src/lab4.o" -o "src/lab4.o" "../src/lab4.c"
'Finished building: ../src/lab4.c'
' '
'Building file: ../Lab4_bsp/ps7_cortexa9_0/libsrc/xadcps_v2_2/src/xadcps.c'
'Invoking: ARM v7 gcc compiler'
arm-none-eabi-gcc -Wall -O0 -g3 -c -fmessage-length=0 -MT"Lab4_bsp/ps7_cortexa9_0/libsrc/xadcps_v2_2/src/xadcps.o" -mcpu=cortex-a9 -mfpu=vfpv3 -mfloat-abi=hard -ID:/Repo/ERTS/Assignment/Assignment-work/Assignment_2/HLS_labs/Workfolder/Lab4/Lab4_bsp/ps7_cortexa9_0/include -MMD -MP -MF"Lab4_bsp/ps7_cortexa9_0/libsrc/xadcps_v2_2/src/xadcps.d" -MT"Lab4_bsp/ps7_cortexa9_0/libsrc/xadcps_v2_2/src/xadcps.o" -o "Lab4_bsp/ps7_cortexa9_0/libsrc/xadcps_v2_2/src/xadcps.o" "../Lab4_bsp/ps7_cortexa9_0/libsrc/xadcps_v2_2/src/xadcps.c"
'Finished building: ../Lab4_bsp/ps7_cortexa9_0/libsrc/xadcps_v2_2/src/xadcps.c'
' '
'Building file: ../Lab4_bsp/ps7_cortexa9_0/libsrc/xadcps_v2_2/src/xadcps_g.c'
'Invoking: ARM v7 gcc compiler'
arm-none-eabi-gcc -Wall -O0 -g3 -c -fmessage-length=0 -MT"Lab4_bsp/ps7_cortexa9_0/libsrc/xadcps_v2_2/src/xadcps_g.o" -mcpu=cortex-a9 -mfpu=vfpv3 -mfloat-abi=hard -ID:/Repo/ERTS/Assignment/Assignment-work/Assignment_2/HLS_labs/Workfolder/Lab4/Lab4_bsp/ps7_cortexa9_0/include -MMD -MP -MF"Lab4_bsp/ps7_cortexa9_0/libsrc/xadcps_v2_2/src/xadcps_g.d" -MT"Lab4_bsp/ps7_cortexa9_0/libsrc/xadcps_v2_2/src/xadcps_g.o" -o "Lab4_bsp/ps7_cortexa9_0/libsrc/xadcps_v2_2/src/xadcps_g.o" "../Lab4_bsp/ps7_cortexa9_0/libsrc/xadcps_v2_2/src/xadcps_g.c"
'Finished building: ../Lab4_bsp/ps7_cortexa9_0/libsrc/xadcps_v2_2/src/xadcps_g.c'
' '
'Building file: ../Lab4_bsp/ps7_cortexa9_0/libsrc/xadcps_v2_2/src/xadcps_intr.c'
'Invoking: ARM v7 gcc compiler'
arm-none-eabi-gcc -Wall -O0 -g3 -c -fmessage-length=0 -MT"Lab4_bsp/ps7_cortexa9_0/libsrc/xadcps_v2_2/src/xadcps_intr.o" -mcpu=cortex-a9 -mfpu=vfpv3 -mfloat-abi=hard -ID:/Repo/ERTS/Assignment/Assignment-work/Assignment_2/HLS_labs/Workfolder/Lab4/Lab4_bsp/ps7_cortexa9_0/include -MMD -MP -MF"Lab4_bsp/ps7_cortexa9_0/libsrc/xadcps_v2_2/src/xadcps_intr.d" -MT"Lab4_bsp/ps7_cortexa9_0/libsrc/xadcps_v2_2/src/xadcps_intr.o" -o "Lab4_bsp/ps7_cortexa9_0/libsrc/xadcps_v2_2/src/xadcps_intr.o" "../Lab4_bsp/ps7_cortexa9_0/libsrc/xadcps_v2_2/src/xadcps_intr.c"
'Finished building: ../Lab4_bsp/ps7_cortexa9_0/libsrc/xadcps_v2_2/src/xadcps_intr.c'
' '
'Building file: ../Lab4_bsp/ps7_cortexa9_0/libsrc/xadcps_v2_2/src/xadcps_selftest.c'
'Invoking: ARM v7 gcc compiler'
arm-none-eabi-gcc -Wall -O0 -g3 -c -fmessage-length=0 -MT"Lab4_bsp/ps7_cortexa9_0/libsrc/xadcps_v2_2/src/xadcps_selftest.o" -mcpu=cortex-a9 -mfpu=vfpv3 -mfloat-abi=hard -ID:/Repo/ERTS/Assignment/Assignment-work/Assignment_2/HLS_labs/Workfolder/Lab4/Lab4_bsp/ps7_cortexa9_0/include -MMD -MP -MF"Lab4_bsp/ps7_cortexa9_0/libsrc/xadcps_v2_2/src/xadcps_selftest.d" -MT"Lab4_bsp/ps7_cortexa9_0/libsrc/xadcps_v2_2/src/xadcps_selftest.o" -o "Lab4_bsp/ps7_cortexa9_0/libsrc/xadcps_v2_2/src/xadcps_selftest.o" "../Lab4_bsp/ps7_cortexa9_0/libsrc/xadcps_v2_2/src/xadcps_selftest.c"
'Finished building: ../Lab4_bsp/ps7_cortexa9_0/libsrc/xadcps_v2_2/src/xadcps_selftest.c'
' '
'Building file: ../Lab4_bsp/ps7_cortexa9_0/libsrc/xadcps_v2_2/src/xadcps_sinit.c'
'Invoking: ARM v7 gcc compiler'
arm-none-eabi-gcc -Wall -O0 -g3 -c -fmessage-length=0 -MT"Lab4_bsp/ps7_cortexa9_0/libsrc/xadcps_v2_2/src/xadcps_sinit.o" -mcpu=cortex-a9 -mfpu=vfpv3 -mfloat-abi=hard -ID:/Repo/ERTS/Assignment/Assignment-work/Assignment_2/HLS_labs/Workfolder/Lab4/Lab4_bsp/ps7_cortexa9_0/include -MMD -MP -MF"Lab4_bsp/ps7_cortexa9_0/libsrc/xadcps_v2_2/src/xadcps_sinit.d" -MT"Lab4_bsp/ps7_cortexa9_0/libsrc/xadcps_v2_2/src/xadcps_sinit.o" -o "Lab4_bsp/ps7_cortexa9_0/libsrc/xadcps_v2_2/src/xadcps_sinit.o" "../Lab4_bsp/ps7_cortexa9_0/libsrc/xadcps_v2_2/src/xadcps_sinit.c"
'Finished building: ../Lab4_bsp/ps7_cortexa9_0/libsrc/xadcps_v2_2/src/xadcps_sinit.c'
' '
'Building file: ../Lab4_bsp/ps7_cortexa9_0/libsrc/uartps_v3_4/src/xuartps.c'
'Invoking: ARM v7 gcc compiler'
arm-none-eabi-gcc -Wall -O0 -g3 -c -fmessage-length=0 -MT"Lab4_bsp/ps7_cortexa9_0/libsrc/uartps_v3_4/src/xuartps.o" -mcpu=cortex-a9 -mfpu=vfpv3 -mfloat-abi=hard -ID:/Repo/ERTS/Assignment/Assignment-work/Assignment_2/HLS_labs/Workfolder/Lab4/Lab4_bsp/ps7_cortexa9_0/include -MMD -MP -MF"Lab4_bsp/ps7_cortexa9_0/libsrc/uartps_v3_4/src/xuartps.d" -MT"Lab4_bsp/ps7_cortexa9_0/libsrc/uartps_v3_4/src/xuartps.o" -o "Lab4_bsp/ps7_cortexa9_0/libsrc/uartps_v3_4/src/xuartps.o" "../Lab4_bsp/ps7_cortexa9_0/libsrc/uartps_v3_4/src/xuartps.c"
'Finished building: ../Lab4_bsp/ps7_cortexa9_0/libsrc/uartps_v3_4/src/xuartps.c'
' '
'Building file: ../Lab4_bsp/ps7_cortexa9_0/libsrc/uartps_v3_4/src/xuartps_g.c'
'Invoking: ARM v7 gcc compiler'
arm-none-eabi-gcc -Wall -O0 -g3 -c -fmessage-length=0 -MT"Lab4_bsp/ps7_cortexa9_0/libsrc/uartps_v3_4/src/xuartps_g.o" -mcpu=cortex-a9 -mfpu=vfpv3 -mfloat-abi=hard -ID:/Repo/ERTS/Assignment/Assignment-work/Assignment_2/HLS_labs/Workfolder/Lab4/Lab4_bsp/ps7_cortexa9_0/include -MMD -MP -MF"Lab4_bsp/ps7_cortexa9_0/libsrc/uartps_v3_4/src/xuartps_g.d" -MT"Lab4_bsp/ps7_cortexa9_0/libsrc/uartps_v3_4/src/xuartps_g.o" -o "Lab4_bsp/ps7_cortexa9_0/libsrc/uartps_v3_4/src/xuartps_g.o" "../Lab4_bsp/ps7_cortexa9_0/libsrc/uartps_v3_4/src/xuartps_g.c"
'Finished building: ../Lab4_bsp/ps7_cortexa9_0/libsrc/uartps_v3_4/src/xuartps_g.c'
' '
'Building file: ../Lab4_bsp/ps7_cortexa9_0/libsrc/uartps_v3_4/src/xuartps_hw.c'
'Invoking: ARM v7 gcc compiler'
arm-none-eabi-gcc -Wall -O0 -g3 -c -fmessage-length=0 -MT"Lab4_bsp/ps7_cortexa9_0/libsrc/uartps_v3_4/src/xuartps_hw.o" -mcpu=cortex-a9 -mfpu=vfpv3 -mfloat-abi=hard -ID:/Repo/ERTS/Assignment/Assignment-work/Assignment_2/HLS_labs/Workfolder/Lab4/Lab4_bsp/ps7_cortexa9_0/include -MMD -MP -MF"Lab4_bsp/ps7_cortexa9_0/libsrc/uartps_v3_4/src/xuartps_hw.d" -MT"Lab4_bsp/ps7_cortexa9_0/libsrc/uartps_v3_4/src/xuartps_hw.o" -o "Lab4_bsp/ps7_cortexa9_0/libsrc/uartps_v3_4/src/xuartps_hw.o" "../Lab4_bsp/ps7_cortexa9_0/libsrc/uartps_v3_4/src/xuartps_hw.c"
'Finished building: ../Lab4_bsp/ps7_cortexa9_0/libsrc/uartps_v3_4/src/xuartps_hw.c'
' '
'Building file: ../Lab4_bsp/ps7_cortexa9_0/libsrc/uartps_v3_4/src/xuartps_intr.c'
'Invoking: ARM v7 gcc compiler'
arm-none-eabi-gcc -Wall -O0 -g3 -c -fmessage-length=0 -MT"Lab4_bsp/ps7_cortexa9_0/libsrc/uartps_v3_4/src/xuartps_intr.o" -mcpu=cortex-a9 -mfpu=vfpv3 -mfloat-abi=hard -ID:/Repo/ERTS/Assignment/Assignment-work/Assignment_2/HLS_labs/Workfolder/Lab4/Lab4_bsp/ps7_cortexa9_0/include -MMD -MP -MF"Lab4_bsp/ps7_cortexa9_0/libsrc/uartps_v3_4/src/xuartps_intr.d" -MT"Lab4_bsp/ps7_cortexa9_0/libsrc/uartps_v3_4/src/xuartps_intr.o" -o "Lab4_bsp/ps7_cortexa9_0/libsrc/uartps_v3_4/src/xuartps_intr.o" "../Lab4_bsp/ps7_cortexa9_0/libsrc/uartps_v3_4/src/xuartps_intr.c"
'Finished building: ../Lab4_bsp/ps7_cortexa9_0/libsrc/uartps_v3_4/src/xuartps_intr.c'
' '
'Building file: ../Lab4_bsp/ps7_cortexa9_0/libsrc/uartps_v3_4/src/xuartps_options.c'
'Invoking: ARM v7 gcc compiler'
arm-none-eabi-gcc -Wall -O0 -g3 -c -fmessage-length=0 -MT"Lab4_bsp/ps7_cortexa9_0/libsrc/uartps_v3_4/src/xuartps_options.o" -mcpu=cortex-a9 -mfpu=vfpv3 -mfloat-abi=hard -ID:/Repo/ERTS/Assignment/Assignment-work/Assignment_2/HLS_labs/Workfolder/Lab4/Lab4_bsp/ps7_cortexa9_0/include -MMD -MP -MF"Lab4_bsp/ps7_cortexa9_0/libsrc/uartps_v3_4/src/xuartps_options.d" -MT"Lab4_bsp/ps7_cortexa9_0/libsrc/uartps_v3_4/src/xuartps_options.o" -o "Lab4_bsp/ps7_cortexa9_0/libsrc/uartps_v3_4/src/xuartps_options.o" "../Lab4_bsp/ps7_cortexa9_0/libsrc/uartps_v3_4/src/xuartps_options.c"
'Finished building: ../Lab4_bsp/ps7_cortexa9_0/libsrc/uartps_v3_4/src/xuartps_options.c'
' '
'Building file: ../Lab4_bsp/ps7_cortexa9_0/libsrc/uartps_v3_4/src/xuartps_selftest.c'
'Invoking: ARM v7 gcc compiler'
arm-none-eabi-gcc -Wall -O0 -g3 -c -fmessage-length=0 -MT"Lab4_bsp/ps7_cortexa9_0/libsrc/uartps_v3_4/src/xuartps_selftest.o" -mcpu=cortex-a9 -mfpu=vfpv3 -mfloat-abi=hard -ID:/Repo/ERTS/Assignment/Assignment-work/Assignment_2/HLS_labs/Workfolder/Lab4/Lab4_bsp/ps7_cortexa9_0/include -MMD -MP -MF"Lab4_bsp/ps7_cortexa9_0/libsrc/uartps_v3_4/src/xuartps_selftest.d" -MT"Lab4_bsp/ps7_cortexa9_0/libsrc/uartps_v3_4/src/xuartps_selftest.o" -o "Lab4_bsp/ps7_cortexa9_0/libsrc/uartps_v3_4/src/xuartps_selftest.o" "../Lab4_bsp/ps7_cortexa9_0/libsrc/uartps_v3_4/src/xuartps_selftest.c"
'Finished building: ../Lab4_bsp/ps7_cortexa9_0/libsrc/uartps_v3_4/src/xuartps_selftest.c'
' '
'Building file: ../Lab4_bsp/ps7_cortexa9_0/libsrc/uartps_v3_4/src/xuartps_sinit.c'
'Invoking: ARM v7 gcc compiler'
arm-none-eabi-gcc -Wall -O0 -g3 -c -fmessage-length=0 -MT"Lab4_bsp/ps7_cortexa9_0/libsrc/uartps_v3_4/src/xuartps_sinit.o" -mcpu=cortex-a9 -mfpu=vfpv3 -mfloat-abi=hard -ID:/Repo/ERTS/Assignment/Assignment-work/Assignment_2/HLS_labs/Workfolder/Lab4/Lab4_bsp/ps7_cortexa9_0/include -MMD -MP -MF"Lab4_bsp/ps7_cortexa9_0/libsrc/uartps_v3_4/src/xuartps_sinit.d" -MT"Lab4_bsp/ps7_cortexa9_0/libsrc/uartps_v3_4/src/xuartps_sinit.o" -o "Lab4_bsp/ps7_cortexa9_0/libsrc/uartps_v3_4/src/xuartps_sinit.o" "../Lab4_bsp/ps7_cortexa9_0/libsrc/uartps_v3_4/src/xuartps_sinit.c"
'Finished building: ../Lab4_bsp/ps7_cortexa9_0/libsrc/uartps_v3_4/src/xuartps_sinit.c'
' '
'Building file: ../Lab4_bsp/ps7_cortexa9_0/libsrc/standalone_v6_3/src/profile/_profile_clean.c'
'Invoking: ARM v7 gcc compiler'
arm-none-eabi-gcc -Wall -O0 -g3 -c -fmessage-length=0 -MT"Lab4_bsp/ps7_cortexa9_0/libsrc/standalone_v6_3/src/profile/_profile_clean.o" -mcpu=cortex-a9 -mfpu=vfpv3 -mfloat-abi=hard -ID:/Repo/ERTS/Assignment/Assignment-work/Assignment_2/HLS_labs/Workfolder/Lab4/Lab4_bsp/ps7_cortexa9_0/include -MMD -MP -MF"Lab4_bsp/ps7_cortexa9_0/libsrc/standalone_v6_3/src/profile/_profile_clean.d" -MT"Lab4_bsp/ps7_cortexa9_0/libsrc/standalone_v6_3/src/profile/_profile_clean.o" -o "Lab4_bsp/ps7_cortexa9_0/libsrc/standalone_v6_3/src/profile/_profile_clean.o" "../Lab4_bsp/ps7_cortexa9_0/libsrc/standalone_v6_3/src/profile/_profile_clean.c"
In file included from ../Lab4_bsp/ps7_cortexa9_0/libsrc/standalone_v6_3/src/profile/xintc_l.h:95:0,
                 from ../Lab4_bsp/ps7_cortexa9_0/libsrc/standalone_v6_3/src/profile/_profile_timer_hw.h:88,
                 from ../Lab4_bsp/ps7_cortexa9_0/libsrc/standalone_v6_3/src/profile/_profile_clean.c:34:
D:/Repo/ERTS/Assignment/Assignment-work/Assignment_2/HLS_labs/Workfolder/Lab4/Lab4_bsp/ps7_cortexa9_0/include/xbasic_types.h:115:2: warning: #warning The xbasics_type.h file is deprecated and users should use xil_types.h and xil_assert. [-Wcpp]
 #warning  The xbasics_type.h file is deprecated and users should use xil_types.h and xil_assert.
  ^~~~~~~
D:/Repo/ERTS/Assignment/Assignment-work/Assignment_2/HLS_labs/Workfolder/Lab4/Lab4_bsp/ps7_cortexa9_0/include/xbasic_types.h:116:2: warning: #warning Please refer the Standalone BSP UG647 for further details [-Wcpp]
 #warning  Please refer the Standalone BSP UG647 for further details
  ^~~~~~~
In file included from ../Lab4_bsp/ps7_cortexa9_0/libsrc/standalone_v6_3/src/profile/_profile_clean.c:34:0:
../Lab4_bsp/ps7_cortexa9_0/libsrc/standalone_v6_3/src/profile/_profile_timer_hw.h:89:19: fatal error: xintc.h: No such file or directory
 #include "xintc.h"
                   ^
compilation terminated.
make: *** [Lab4_bsp/ps7_cortexa9_0/libsrc/standalone_v6_3/src/profile/_profile_clean.o] Fejl 1

11:10:21 Build Finished (took 12s.990ms)

