15:16:01 **** Build of configuration Debug for project Lab44 ****
make pre-build main-build 
a9-linaro-pre-build-step
' '
'Building file: ../src/Main.c'
'Invoking: ARM v7 gcc compiler'
arm-none-eabi-gcc -Wall -O0 -g3 -ID:/Repo/ERTS/Assignment/Assignment-work/Assignment_2/Assignment2/Exercise_4/Exercise_4/Exercise_4.sdk/Lab44_bsp/ps7_cortexa9_0/include -c -fmessage-length=0 -MT"src/Main.o" -mcpu=cortex-a9 -mfpu=vfpv3 -mfloat-abi=hard -MMD -MP -MF"src/Main.d" -MT"src/Main.o" -o "src/Main.o" "../src/Main.c"
'Finished building: ../src/Main.c'
' '
'Building file: ../src/matrix_ip.c'
'Invoking: ARM v7 gcc compiler'
arm-none-eabi-gcc -Wall -O0 -g3 -ID:/Repo/ERTS/Assignment/Assignment-work/Assignment_2/Assignment2/Exercise_4/Exercise_4/Exercise_4.sdk/Lab44_bsp/ps7_cortexa9_0/include -c -fmessage-length=0 -MT"src/matrix_ip.o" -mcpu=cortex-a9 -mfpu=vfpv3 -mfloat-abi=hard -MMD -MP -MF"src/matrix_ip.d" -MT"src/matrix_ip.o" -o "src/matrix_ip.o" "../src/matrix_ip.c"
'Finished building: ../src/matrix_ip.c'
' '
'Building target: Lab44.elf'
'Invoking: ARM v7 gcc linker'
arm-none-eabi-gcc -mcpu=cortex-a9 -mfpu=vfpv3 -mfloat-abi=hard -Wl,-build-id=none -specs=Xilinx.spec -Wl,-T -Wl,../src/lscript.ld -L"D:\Repo\ERTS\Assignment\Assignment-work\Assignment_2\Assignment2\Exercise_4\Exercise_4\Exercise_4.sdk\Lab44_bsp\ps7_cortexa9_0\lib" -o "Lab44.elf"  ./src/Main.o ./src/matrix_ip.o   --start-group,-lxil,-lgcc,-lc,--end-group
arm-none-eabi-gcc: error: unrecognized command line option '--start-group,-lxil,-lgcc,-lc,--end-group'
make: *** [Lab44.elf] Fejl 1

15:16:02 Build Finished (took 1s.35ms)

