08:32:24 INFO  : Registering command handlers for SDK TCF services
08:32:25 INFO  : Launching XSCT server: xsct.bat -interactive D:\Repo\ERTS\Assignment\Assignment-work\Assignment_2\HLS_labs\lab3\lab3.sdk\temp_xsdb_launch_script.tcl
08:32:30 INFO  : XSCT server has started successfully.
08:32:46 INFO  : Successfully done setting XSCT server connection channel  
08:32:46 INFO  : Successfully done setting SDK workspace  
08:32:46 INFO  : Processing command line option -hwspec D:/Repo/ERTS/Assignment/Assignment-work/Assignment_2/HLS_labs/Workfolder/Lab4/system_wrapper.hdf.
11:04:50 INFO  : Registering command handlers for SDK TCF services
11:04:51 INFO  : Launching XSCT server: xsct.bat -interactive D:\Repo\ERTS\Assignment\Assignment-work\Assignment_2\HLS_labs\lab3\lab3.sdk\temp_xsdb_launch_script.tcl
11:04:55 INFO  : XSCT server has started successfully.
11:04:58 INFO  : Successfully done setting XSCT server connection channel  
11:04:58 INFO  : Processing command line option -hwspec D:/Repo/ERTS/Assignment/Assignment-work/Assignment_2/HLS_labs/Workfolder/Lab4/system_wrapper.hdf.
11:04:58 INFO  : Successfully done setting SDK workspace  
11:05:08 INFO  : Checking for hwspec changes in the project system_wrapper_hw_platform_0.
14:09:15 INFO  : Registering command handlers for SDK TCF services
14:09:15 INFO  : Launching XSCT server: xsct.bat -interactive D:\Repo\ERTS\Assignment\Assignment-work\Assignment_2\Assignment2\Lab4\Lab4\Lab4.sdk\temp_xsdb_launch_script.tcl
14:09:18 INFO  : XSCT server has started successfully.
14:09:21 INFO  : Successfully done setting XSCT server connection channel  
14:09:21 INFO  : Successfully done setting SDK workspace  
14:09:21 INFO  : Processing command line option -hwspec D:/Repo/ERTS/Assignment/Assignment-work/Assignment_2/Assignment2/Lab4/Lab4/Lab4.sdk/system_wrapper.hdf.
14:19:32 INFO  : No changes in MSS file content so not generating sources.
10:58:57 INFO  : Registering command handlers for SDK TCF services
10:58:58 INFO  : Launching XSCT server: xsct.bat -interactive D:\Repo\ERTS\Assignment\Assignment-work\Assignment_2\Assignment2\Lab4\Lab4\Lab4.sdk\temp_xsdb_launch_script.tcl
10:59:03 INFO  : XSCT server has started successfully.
10:59:03 INFO  : Successfully done setting XSCT server connection channel  
10:59:23 INFO  : Successfully done setting SDK workspace  
10:59:23 INFO  : Processing command line option -hwspec D:/Repo/ERTS/Assignment/Assignment-work/Assignment_2/Assignment2/Lab4/Lab4/Lab4.sdk/system_wrapper.hdf.
10:59:23 INFO  : Checking for hwspec changes in the project system_wrapper_hw_platform_1.
11:06:10 INFO  : Connected to target on host '127.0.0.1' and port '3121'.
11:06:11 INFO  : 'targets -set -filter {jtag_cable_name =~ "Digilent Zybo 210279655805A" && level==0} -index 1' command is executed.
11:06:12 INFO  : FPGA configured successfully with bitstream "D:/Repo/ERTS/Assignment/Assignment-work/Assignment_2/Assignment2/Lab4/Lab4/Lab4.sdk/system_wrapper_hw_platform_0/system_wrapper.bit"
11:11:58 INFO  : ps7_init is completed.
11:11:58 INFO  : ps7_post_config is completed.
11:11:58 INFO  : Processor reset is completed for ps7_cortexa9_0
11:16:38 INFO  : Connected to target on host '127.0.0.1' and port '3121'.
11:16:38 INFO  : 'targets -set -filter {jtag_cable_name =~ "Digilent Zybo 210279655805A" && level==0} -index 1' command is executed.
11:16:39 INFO  : FPGA configured successfully with bitstream "D:/Repo/ERTS/Assignment/Assignment-work/Assignment_2/Assignment2/Lab4/Lab4/Lab4.sdk/system_wrapper_hw_platform_0/system_wrapper.bit"
11:16:58 INFO  : ps7_init is completed.
11:16:58 INFO  : ps7_post_config is completed.
11:16:58 INFO  : Processor reset is completed for ps7_cortexa9_0
11:18:05 INFO  : ps7_init is completed.
11:18:05 INFO  : ps7_post_config is completed.
11:18:05 INFO  : Processor reset is completed for ps7_cortexa9_0
11:18:14 INFO  : Connected to target on host '127.0.0.1' and port '3121'.
11:18:14 INFO  : 'targets -set -filter {jtag_cable_name =~ "Digilent Zybo 210279655805A" && level==0} -index 1' command is executed.
11:18:15 INFO  : FPGA configured successfully with bitstream "D:/Repo/ERTS/Assignment/Assignment-work/Assignment_2/Assignment2/Lab4/Lab4/Lab4.sdk/system_wrapper_hw_platform_0/system_wrapper.bit"
11:18:35 INFO  : ps7_cortexa9_0 Processor is in use. Please stop existing Run or Debug sessions before launching.
11:18:40 INFO  : Processor reset is completed for ps7_cortexa9_0
11:18:43 ERROR : Unexpected error while launching program.
java.lang.RuntimeException: Failed to download ELF file


    Could not stop the processor after reset


	at com.xilinx.sdk.targetmanager.internal.TM.downloadELF(TM.java:686)
	at com.xilinx.sdk.debug.core.internal.AppRunner.run(AppRunner.java:129)
	at com.xilinx.sdk.debug.core.XilinxAppLaunchConfigurationDelegate.runApplication(XilinxAppLaunchConfigurationDelegate.java:637)
	at com.xilinx.sdk.debug.core.XilinxAppLaunchConfigurationDelegate.launch(XilinxAppLaunchConfigurationDelegate.java:309)
	at com.xilinx.sdk.debug.ui.XilinxAppLaunchDelegateWrapper.launch(XilinxAppLaunchDelegateWrapper.java:31)
	at org.eclipse.debug.internal.core.LaunchConfiguration.launch(LaunchConfiguration.java:885)
	at org.eclipse.debug.internal.core.LaunchConfiguration.launch(LaunchConfiguration.java:739)
	at org.eclipse.debug.internal.ui.DebugUIPlugin.buildAndLaunch(DebugUIPlugin.java:1039)
	at org.eclipse.debug.internal.ui.DebugUIPlugin$8.run(DebugUIPlugin.java:1256)
	at org.eclipse.core.internal.jobs.Worker.run(Worker.java:55)
11:19:03 INFO  : Connected to target on host '127.0.0.1' and port '3121'.
11:19:03 INFO  : 'targets -set -filter {jtag_cable_name =~ "Digilent Zybo 210279655805A" && level==0} -index 1' command is executed.
11:19:04 INFO  : FPGA configured successfully with bitstream "D:/Repo/ERTS/Assignment/Assignment-work/Assignment_2/Assignment2/Lab4/Lab4/Lab4.sdk/system_wrapper_hw_platform_0/system_wrapper.bit"
11:52:32 INFO  : Connected to target on host '127.0.0.1' and port '3121'.
11:52:33 INFO  : 'targets -set -filter {jtag_cable_name =~ "Digilent Zybo 210279655805A" && level==0} -index 1' command is executed.
11:52:34 INFO  : FPGA configured successfully with bitstream "D:/Repo/ERTS/Assignment/Assignment-work/Assignment_2/Assignment2/Lab4/Lab4/Lab4.sdk/system_wrapper_hw_platform_0/system_wrapper.bit"
11:52:54 ERROR : Unexpected error while parsing XMD response ?: com.google.gson.JsonSyntaxException: com.google.gson.stream.MalformedJsonException: invalid number or unquoted string near 
11:53:18 INFO  : Registering command handlers for SDK TCF services
11:53:19 INFO  : Launching XSCT server: xsct.bat -interactive D:\Repo\ERTS\Assignment\Assignment-work\Assignment_2\Assignment2\Lab4\Lab4\Lab4.sdk\temp_xsdb_launch_script.tcl
11:53:24 INFO  : XSCT server has started successfully.
11:53:27 INFO  : Successfully done setting XSCT server connection channel  
11:53:27 INFO  : Processing command line option -hwspec D:/Repo/ERTS/Assignment/Assignment-work/Assignment_2/Assignment2/Lab4/Lab4/Lab4.sdk/system_wrapper.hdf.
11:53:27 INFO  : Successfully done setting SDK workspace  
11:53:27 INFO  : Checking for hwspec changes in the project system_wrapper_hw_platform_1.
11:56:32 INFO  : Connected to target on host '127.0.0.1' and port '3121'.
11:56:33 INFO  : 'targets -set -filter {jtag_cable_name =~ "Digilent Zybo 210279655805A" && level==0} -index 1' command is executed.
11:56:34 INFO  : FPGA configured successfully with bitstream "D:/Repo/ERTS/Assignment/Assignment-work/Assignment_2/Assignment2/Lab4/Lab4/Lab4.sdk/system_wrapper_hw_platform_0/system_wrapper.bit"
11:57:07 INFO  : ps7_init is completed.
11:57:07 INFO  : ps7_post_config is completed.
11:57:07 INFO  : Processor reset is completed for ps7_cortexa9_0
12:01:31 INFO  : Inferring section assignments and sizes from elf file: D:\Repo\ERTS\Assignment\Assignment-work\Assignment_2\Assignment2\Lab4\Lab4\Lab4.sdk\Lab44\Debug\Lab44.elf
12:02:07 INFO  : Successfully generated D:\Repo\ERTS\Assignment\Assignment-work\Assignment_2\Assignment2\Lab4\Lab4\Lab4.sdk\Lab44\src\lscript.ld.
12:02:07 INFO  : Applying linker script to all configurations of project Lab44.
12:02:07 INFO  : Setting rebuild state to true for all configurations of project Lab44.
12:33:40 INFO  : Inferring section assignments and sizes from elf file: D:\Repo\ERTS\Assignment\Assignment-work\Assignment_2\Assignment2\Lab4\Lab4\Lab4.sdk\Lab44\Debug\Lab44.elf
12:34:29 INFO  : Successfully generated D:\Repo\ERTS\Assignment\Assignment-work\Assignment_2\Assignment2\Lab4\Lab4\Lab4.sdk\Lab44\src\lscript.ld.
12:34:29 INFO  : Applying linker script to all configurations of project Lab44.
12:34:29 INFO  : Setting rebuild state to true for all configurations of project Lab44.
12:35:00 INFO  : ps7_cortexa9_0 Processor is in use. Please stop existing Run or Debug sessions before launching.
12:35:03 INFO  : Processor reset is completed for ps7_cortexa9_0
12:35:50 ERROR : Unexpected error while parsing XMD response ?: com.google.gson.JsonSyntaxException: com.google.gson.stream.MalformedJsonException: invalid number or unquoted string near 
13:36:08 INFO  : Registering command handlers for SDK TCF services
13:36:08 INFO  : Launching XSCT server: xsct.bat -interactive D:\Repo\ERTS\Assignment\Assignment-work\Assignment_2\Assignment2\Exercise_4\Exercise_4\Exercise_4.sdk\temp_xsdb_launch_script.tcl
13:36:11 INFO  : XSCT server has started successfully.
13:36:14 INFO  : Successfully done setting XSCT server connection channel  
13:36:14 INFO  : Processing command line option -hwspec D:/Repo/ERTS/Assignment/Assignment-work/Assignment_2/Assignment2/Exercise_4/Exercise_4/Exercise_4.sdk/system_wrapper.hdf.
13:36:14 INFO  : Successfully done setting SDK workspace  
11:42:16 INFO  : Registering command handlers for SDK TCF services
11:42:17 INFO  : Launching XSCT server: xsct.bat -interactive D:\Repo\ERTS\Assignment\Assignment-work\Assignment_2\Assignment2\Exercise_4\Exercise_4\Exercise_4.sdk\temp_xsdb_launch_script.tcl
11:42:20 INFO  : XSCT server has started successfully.
11:42:20 INFO  : Successfully done setting XSCT server connection channel  
11:42:41 INFO  : Successfully done setting SDK workspace  
11:42:41 INFO  : Processing command line option -hwspec D:/Repo/ERTS/Assignment/Assignment-work/Assignment_2/Assignment2/Exercise_4/Exercise_4/Exercise_4.sdk/system_wrapper.hdf.
11:42:41 INFO  : Checking for hwspec changes in the project system_wrapper_hw_platform_2.
13:51:48 INFO  : Registering command handlers for SDK TCF services
13:51:48 INFO  : Launching XSCT server: xsct.bat -interactive D:\Repo\ERTS\Assignment\Assignment-work\Assignment_2\Assignment2\Exercise_4\Exercise_4\Exercise_4.sdk\temp_xsdb_launch_script.tcl
13:51:50 INFO  : XSCT server has started successfully.
13:51:50 INFO  : Successfully done setting XSCT server connection channel  
13:51:55 INFO  : Successfully done setting SDK workspace  
13:51:55 INFO  : Processing command line option -hwspec D:/Repo/ERTS/Assignment/Assignment-work/Assignment_2/Assignment2/Exercise_4/Exercise_4/Exercise_4.sdk/system_wrapper.hdf.
13:51:55 INFO  : Checking for hwspec changes in the project system_wrapper_hw_platform_2.
13:52:44 INFO  : Successfully generated D:\Repo\ERTS\Assignment\Assignment-work\Assignment_2\Assignment2\Exercise_4\Exercise_4\Exercise_4.sdk\Lab44\src\lscript.ld.
13:52:44 INFO  : Applying linker script to all configurations of project Lab44.
13:52:44 INFO  : Setting rebuild state to true for all configurations of project Lab44.
14:43:24 INFO  : Launching XSCT server: xsct.bat -interactive D:\Repo\ERTS\Assignment\Assignment-work\Assignment_2\Assignment2\Exercise_4\Exercise_4\Exercise_4.sdk\temp_xsdb_launch_script.tcl
14:43:27 INFO  : XSCT server has started successfully.
14:43:44 INFO  : Launching XSCT server: xsct.bat -interactive D:\Repo\ERTS\Assignment\Assignment-work\Assignment_2\Assignment2\Exercise_4\Exercise_4\Exercise_4.sdk\temp_xsdb_launch_script.tcl
14:43:45 INFO  : XSCT server has started successfully.
14:54:01 INFO  : Registering command handlers for SDK TCF services
14:54:02 INFO  : Launching XSCT server: xsct.bat -interactive D:\Repo\ERTS\Assignment\Assignment-work\Assignment_2\Assignment2\Exercise_4\Exercise_4\Exercise_4.sdk\temp_xsdb_launch_script.tcl
14:54:04 INFO  : XSCT server has started successfully.
14:54:04 INFO  : Successfully done setting XSCT server connection channel  
14:54:06 INFO  : Successfully done setting SDK workspace  
14:54:06 INFO  : Processing command line option -hwspec D:/Repo/ERTS/Assignment/Assignment-work/Assignment_2/Assignment2/Exercise_4/Exercise_4/Exercise_4.sdk/system_wrapper.hdf.
14:54:06 INFO  : Checking for hwspec changes in the project system_wrapper_hw_platform_2.
14:56:14 INFO  : Launching XSCT server: xsct.bat -interactive D:\Repo\ERTS\Assignment\Assignment-work\Assignment_2\Assignment2\Exercise_4\Exercise_4\Exercise_4.sdk\temp_xsdb_launch_script.tcl
14:56:16 INFO  : XSCT server has started successfully.
14:56:24 INFO  : Launching XSCT server: xsct.bat -interactive D:\Repo\ERTS\Assignment\Assignment-work\Assignment_2\Assignment2\Exercise_4\Exercise_4\Exercise_4.sdk\temp_xsdb_launch_script.tcl
14:56:26 INFO  : XSCT server has started successfully.
