==============================================================
File generated by Vivado(TM) HLS - High-Level Synthesis from C, C++ and SystemC
Version: 2017.4
Copyright (C) 1986-2017 Xilinx, Inc. All Rights Reserved.

==============================================================

INFO: [SYN 201-201] Setting up clock 'default' with a period of 8ns.
INFO: [HLS 200-10] Setting target device to 'xc7z010clg400-1'
INFO: [SYN 201-201] Setting up clock 'default' with a period of 8ns.
INFO: [HLS 200-10] Analyzing design file 'Convolution_IP.prj/conv_2d.cpp' ...
INFO: [HLS 200-10] Validating synthesis directives ...
WARNING: [HLS 200-40] Directive 'RESOURCE' for core 'ROM_1P_LUTRAM' cannot be applied: Variable 'fourth_order_double::sin_K3' can not be recognized(UNKNOWN VARIABLE) in 'sincos_approximation'.
WARNING: [HLS 200-40] Directive 'RESOURCE' for core 'ROM_1P_LUTRAM' cannot be applied: Variable 'second_order_float::sin_cos_K2' can not be recognized(UNKNOWN VARIABLE) in 'sin_or_cos_approximation'.
WARNING: [HLS 200-40] Directive 'RESOURCE' for core 'ROM_1P_LUTRAM' cannot be applied: Variable 'first_order_fixed_16::sin_cos_K1' can not be recognized(UNKNOWN VARIABLE) in 'sin_or_cos_approximation'.
WARNING: [HLS 200-40] Directive 'RESOURCE' for core 'ROM_1P_LUTRAM' cannot be applied: Variable 'fourth_order_double::cos_K4' can not be recognized(UNKNOWN VARIABLE) in 'sincos_approximation'.
WARNING: [HLS 200-40] Directive 'RESOURCE' for core 'ROM_1P_LUTRAM' cannot be applied: Variable 'fourth_order_double::sin_K2' can not be recognized(UNKNOWN VARIABLE) in 'sincos_approximation'.
WARNING: [HLS 200-40] Directive 'RESOURCE' for core 'ROM_1P_LUTRAM' cannot be applied: Variable 'fourth_order_double::sin_cos_K4' can not be recognized(UNKNOWN VARIABLE) in 'sin_or_cos_approximation'.
WARNING: [HLS 200-40] Directive 'RESOURCE' for core 'ROM_1P_LUTRAM' cannot be applied: Variable 'second_order_float::sin_K1' can not be recognized(UNKNOWN VARIABLE) in 'sincos_approximation'.
WARNING: [HLS 200-40] Directive 'RESOURCE' for core 'ROM_1P_LUTRAM' cannot be applied: Variable 'second_order_float::sin_K2' can not be recognized(UNKNOWN VARIABLE) in 'sincos_approximation'.
WARNING: [HLS 200-40] Directive 'RESOURCE' for core 'ROM_1P_LUTRAM' cannot be applied: Variable 'fourth_order_double::sin_K4' can not be recognized(UNKNOWN VARIABLE) in 'sincos_approximation'.
WARNING: [HLS 200-40] Directive 'RESOURCE' for core 'ROM_1P_LUTRAM' cannot be applied: Variable 'fourth_order_double::sin_cos_K1' can not be recognized(UNKNOWN VARIABLE) in 'sin_or_cos_approximation'.
WARNING: [HLS 200-40] Directive 'RESOURCE' for core 'ROM_1P_LUTRAM' cannot be applied: Variable 'fourth_order_double::sin_cos_K0' can not be recognized(UNKNOWN VARIABLE) in 'sin_or_cos_approximation'.
WARNING: [HLS 200-40] Directive 'RESOURCE' for core 'ROM_1P_LUTRAM' cannot be applied: Variable 'second_order_float::cos_K1' can not be recognized(UNKNOWN VARIABLE) in 'sincos_approximation'.
WARNING: [HLS 200-40] Directive 'RESOURCE' for core 'ROM_1P_LUTRAM' cannot be applied: Variable 'fourth_order_double::cos_K0' can not be recognized(UNKNOWN VARIABLE) in 'sincos_approximation'.
WARNING: [HLS 200-40] Directive 'RESOURCE' for core 'ROM_1P_LUTRAM' cannot be applied: Variable 'second_order_float::cos_K0' can not be recognized(UNKNOWN VARIABLE) in 'sincos_approximation'.
WARNING: [HLS 200-40] Directive 'RESOURCE' for core 'ROM_1P_LUTRAM' cannot be applied: Variable 'second_order_float::sin_K0' can not be recognized(UNKNOWN VARIABLE) in 'sincos_approximation'.
WARNING: [HLS 200-40] Directive 'RESOURCE' for core 'ROM_1P_LUTRAM' cannot be applied: Variable 'fourth_order_double::cos_K2' can not be recognized(UNKNOWN VARIABLE) in 'sincos_approximation'.
WARNING: [HLS 200-40] Directive 'RESOURCE' for core 'ROM_1P_LUTRAM' cannot be applied: Variable 'fourth_order_double::cos_K3' can not be recognized(UNKNOWN VARIABLE) in 'sincos_approximation'.
WARNING: [HLS 200-40] Directive 'RESOURCE' for core 'ROM_1P_LUTRAM' cannot be applied: Variable 'fourth_order_double::sin_K0' can not be recognized(UNKNOWN VARIABLE) in 'sincos_approximation'.
WARNING: [HLS 200-40] Directive 'RESOURCE' for core 'ROM_1P_LUTRAM' cannot be applied: Variable 'fourth_order_double::cos_K1' can not be recognized(UNKNOWN VARIABLE) in 'sincos_approximation'.
WARNING: [HLS 200-40] Directive 'RESOURCE' for core 'ROM_1P_LUTRAM' cannot be applied: Variable 'fourth_order_double::sin_cos_K3' can not be recognized(UNKNOWN VARIABLE) in 'sin_or_cos_approximation'.
WARNING: [HLS 200-40] Directive 'RESOURCE' for core 'ROM_1P_LUTRAM' cannot be applied: Variable 'second_order_float::sin_cos_K1' can not be recognized(UNKNOWN VARIABLE) in 'sin_or_cos_approximation'.
WARNING: [HLS 200-40] Directive 'RESOURCE' for core 'ROM_1P_LUTRAM' cannot be applied: Variable 'second_order_float::sin_cos_K0' can not be recognized(UNKNOWN VARIABLE) in 'sin_or_cos_approximation'.
WARNING: [HLS 200-40] Directive 'RESOURCE' for core 'ROM_1P_LUTRAM' cannot be applied: Variable 'fourth_order_double::sin_K1' can not be recognized(UNKNOWN VARIABLE) in 'sincos_approximation'.
WARNING: [HLS 200-40] Directive 'RESOURCE' for core 'ROM_1P_LUTRAM' cannot be applied: Variable 'fourth_order_double::sin_cos_K2' can not be recognized(UNKNOWN VARIABLE) in 'sin_or_cos_approximation'.
WARNING: [HLS 200-40] Directive 'RESOURCE' for core 'ROM_1P_LUTRAM' cannot be applied: Variable 'second_order_float::cos_K2' can not be recognized(UNKNOWN VARIABLE) in 'sincos_approximation'.
WARNING: [HLS 200-40] Directive 'RESOURCE' for core 'ROM_1P_LUTRAM' cannot be applied: Variable 'first_order_fixed_16::sin_cos_K0' can not be recognized(UNKNOWN VARIABLE) in 'sin_or_cos_approximation'.
INFO: [HLS 200-111] Finished Checking Pragmas Time (s): cpu = 00:00:02 ; elapsed = 00:00:13 . Memory (MB): peak = 100.031 ; gain = 45.320
INFO: [HLS 200-111] Finished Linking Time (s): cpu = 00:00:02 ; elapsed = 00:00:14 . Memory (MB): peak = 100.070 ; gain = 45.359
INFO: [HLS 200-10] Starting code transformations ...
INFO: [XFORM 203-603] Inlining function 'convolution_step<3, 3>' into 'conv_3x3_strm' (Convolution_IP.prj/conv_2d.cpp:95).
INFO: [HLS 200-111] Finished Standard Transforms Time (s): cpu = 00:00:24 ; elapsed = 00:00:37 . Memory (MB): peak = 114.891 ; gain = 60.180
INFO: [HLS 200-10] Checking synthesizability ...
INFO: [XFORM 203-602] Inlining function 'borders_ok' into 'conv_3x3_strm' (Convolution_IP.prj/conv_2d.cpp:30->Convolution_IP.prj/conv_2d.cpp:95) automatically.
INFO: [HLS 200-111] Finished Checking Synthesizability Time (s): cpu = 00:00:24 ; elapsed = 00:00:37 . Memory (MB): peak = 117.801 ; gain = 63.090
INFO: [XFORM 203-502] Unrolling all sub-loops inside loop 'for_i_pixel' (Convolution_IP.prj/conv_2d.cpp:88) in function 'conv_3x3_strm' for pipelining.
WARNING: [XFORM 203-505] Ignored pipeline directive for loop 'for_j_pixel' (Convolution_IP.prj/conv_2d.cpp:91) because its parent loop or function is pipelined.
INFO: [XFORM 203-501] Unrolling loop 'for_j_pixel' (Convolution_IP.prj/conv_2d.cpp:91) in function 'conv_3x3_strm' completely.
INFO: [XFORM 203-501] Unrolling loop 'Loop-4.1.1' (Convolution_IP.prj/conv_2d.cpp:28) in function 'conv_3x3_strm' completely.
INFO: [XFORM 203-501] Unrolling loop 'Loop-4.1.1.1' (Convolution_IP.prj/conv_2d.cpp:29) in function 'conv_3x3_strm' completely.
INFO: [XFORM 203-501] Unrolling loop 'loop_1' (Convolution_IP.prj/conv_2d.cpp:114) in function 'conv_3x3_strm' completely.
INFO: [XFORM 203-501] Unrolling loop 'loop_2' (Convolution_IP.prj/conv_2d.cpp:115) in function 'conv_3x3_strm' completely.
INFO: [XFORM 203-501] Unrolling loop 'loop_3' (Convolution_IP.prj/conv_2d.cpp:122) in function 'conv_3x3_strm' completely.
INFO: [XFORM 203-101] Partitioning array 'line_buf' (Convolution_IP.prj/conv_2d.cpp:45) in dimension 1 completely.
INFO: [XFORM 203-101] Partitioning array 'window' (Convolution_IP.prj/conv_2d.cpp:46) in dimension 1 completely.
INFO: [XFORM 203-101] Partitioning array 'right' (Convolution_IP.prj/conv_2d.cpp:47) in dimension 1 completely.
INFO: [XFORM 203-101] Partitioning array 'window.0' (Convolution_IP.prj/conv_2d.cpp:46) in dimension 1 completely.
INFO: [XFORM 203-101] Partitioning array 'window.1' (Convolution_IP.prj/conv_2d.cpp:46) in dimension 1 completely.
INFO: [XFORM 203-101] Partitioning array 'window.2' (Convolution_IP.prj/conv_2d.cpp:46) in dimension 1 completely.
INFO: [XFORM 203-401] Performing if-conversion on hyperblock from (Convolution_IP.prj/conv_2d.cpp:88:3) to (Convolution_IP.prj/conv_2d.cpp:104:4) in function 'conv_3x3_strm'... converting 13 basic blocks.
INFO: [XFORM 203-401] Performing if-conversion on hyperblock from (Convolution_IP.prj/conv_2d.cpp:24:57) to (Convolution_IP.prj/conv_2d.cpp:104:4) in function 'conv_3x3_strm'... converting 13 basic blocks.
INFO: [XFORM 203-401] Performing if-conversion on hyperblock from (Convolution_IP.prj/conv_2d.cpp:24:57) to (Convolution_IP.prj/conv_2d.cpp:104:4) in function 'conv_3x3_strm'... converting 13 basic blocks.
INFO: [XFORM 203-401] Performing if-conversion on hyperblock from (Convolution_IP.prj/conv_2d.cpp:24:57) to (Convolution_IP.prj/conv_2d.cpp:104:4) in function 'conv_3x3_strm'... converting 13 basic blocks.
INFO: [XFORM 203-401] Performing if-conversion on hyperblock from (Convolution_IP.prj/conv_2d.cpp:24:57) to (Convolution_IP.prj/conv_2d.cpp:104:4) in function 'conv_3x3_strm'... converting 13 basic blocks.
INFO: [XFORM 203-401] Performing if-conversion on hyperblock from (Convolution_IP.prj/conv_2d.cpp:24:57) to (Convolution_IP.prj/conv_2d.cpp:104:4) in function 'conv_3x3_strm'... converting 13 basic blocks.
INFO: [XFORM 203-401] Performing if-conversion on hyperblock from (Convolution_IP.prj/conv_2d.cpp:24:57) to (Convolution_IP.prj/conv_2d.cpp:104:4) in function 'conv_3x3_strm'... converting 13 basic blocks.
INFO: [XFORM 203-401] Performing if-conversion on hyperblock from (Convolution_IP.prj/conv_2d.cpp:24:57) to (Convolution_IP.prj/conv_2d.cpp:104:4) in function 'conv_3x3_strm'... converting 13 basic blocks.
INFO: [XFORM 203-401] Performing if-conversion on hyperblock from (Convolution_IP.prj/conv_2d.cpp:24:57) to (Convolution_IP.prj/conv_2d.cpp:104:4) in function 'conv_3x3_strm'... converting 13 basic blocks.
INFO: [XFORM 203-401] Performing if-conversion on hyperblock from (Convolution_IP.prj/conv_2d.cpp:24:57) to (Convolution_IP.prj/conv_2d.cpp:104:4) in function 'conv_3x3_strm'... converting 13 basic blocks.
INFO: [XFORM 203-401] Performing if-conversion on hyperblock from (Convolution_IP.prj/conv_2d.cpp:24:57) to (Convolution_IP.prj/conv_2d.cpp:104:4) in function 'conv_3x3_strm'... converting 13 basic blocks.
INFO: [XFORM 203-401] Performing if-conversion on hyperblock from (Convolution_IP.prj/conv_2d.cpp:24:57) to (Convolution_IP.prj/conv_2d.cpp:104:4) in function 'conv_3x3_strm'... converting 13 basic blocks.
INFO: [XFORM 203-401] Performing if-conversion on hyperblock from (Convolution_IP.prj/conv_2d.cpp:24:57) to (Convolution_IP.prj/conv_2d.cpp:104:4) in function 'conv_3x3_strm'... converting 13 basic blocks.
INFO: [XFORM 203-401] Performing if-conversion on hyperblock from (Convolution_IP.prj/conv_2d.cpp:24:57) to (Convolution_IP.prj/conv_2d.cpp:104:4) in function 'conv_3x3_strm'... converting 13 basic blocks.
INFO: [XFORM 203-401] Performing if-conversion on hyperblock from (Convolution_IP.prj/conv_2d.cpp:24:57) to (Convolution_IP.prj/conv_2d.cpp:104:4) in function 'conv_3x3_strm'... converting 13 basic blocks.
INFO: [XFORM 203-401] Performing if-conversion on hyperblock from (Convolution_IP.prj/conv_2d.cpp:24:57) to (Convolution_IP.prj/conv_2d.cpp:104:4) in function 'conv_3x3_strm'... converting 13 basic blocks.
INFO: [XFORM 203-401] Performing if-conversion on hyperblock from (Convolution_IP.prj/conv_2d.cpp:24:57) to (Convolution_IP.prj/conv_2d.cpp:104:4) in function 'conv_3x3_strm'... converting 13 basic blocks.
INFO: [XFORM 203-401] Performing if-conversion on hyperblock from (Convolution_IP.prj/conv_2d.cpp:24:57) to (Convolution_IP.prj/conv_2d.cpp:104:4) in function 'conv_3x3_strm'... converting 13 basic blocks.
INFO: [XFORM 203-401] Performing if-conversion on hyperblock from (Convolution_IP.prj/conv_2d.cpp:24:57) to (Convolution_IP.prj/conv_2d.cpp:104:4) in function 'conv_3x3_strm'... converting 13 basic blocks.
INFO: [XFORM 203-401] Performing if-conversion on hyperblock from (Convolution_IP.prj/conv_2d.cpp:24:57) to (Convolution_IP.prj/conv_2d.cpp:104:4) in function 'conv_3x3_strm'... converting 13 basic blocks.
INFO: [XFORM 203-401] Performing if-conversion on hyperblock from (Convolution_IP.prj/conv_2d.cpp:24:57) to (Convolution_IP.prj/conv_2d.cpp:104:4) in function 'conv_3x3_strm'... converting 13 basic blocks.
INFO: [XFORM 203-401] Performing if-conversion on hyperblock from (Convolution_IP.prj/conv_2d.cpp:24:57) to (Convolution_IP.prj/conv_2d.cpp:104:4) in function 'conv_3x3_strm'... converting 13 basic blocks.
INFO: [XFORM 203-401] Performing if-conversion on hyperblock from (Convolution_IP.prj/conv_2d.cpp:24:57) to (Convolution_IP.prj/conv_2d.cpp:104:4) in function 'conv_3x3_strm'... converting 13 basic blocks.
INFO: [XFORM 203-401] Performing if-conversion on hyperblock from (Convolution_IP.prj/conv_2d.cpp:24:57) to (Convolution_IP.prj/conv_2d.cpp:104:4) in function 'conv_3x3_strm'... converting 13 basic blocks.
INFO: [XFORM 203-401] Performing if-conversion on hyperblock from (Convolution_IP.prj/conv_2d.cpp:24:57) to (Convolution_IP.prj/conv_2d.cpp:104:4) in function 'conv_3x3_strm'... converting 13 basic blocks.
INFO: [XFORM 203-401] Performing if-conversion on hyperblock from (Convolution_IP.prj/conv_2d.cpp:24:57) to (Convolution_IP.prj/conv_2d.cpp:104:4) in function 'conv_3x3_strm'... converting 13 basic blocks.
INFO: [XFORM 203-401] Performing if-conversion on hyperblock from (Convolution_IP.prj/conv_2d.cpp:24:57) to (Convolution_IP.prj/conv_2d.cpp:104:4) in function 'conv_3x3_strm'... converting 13 basic blocks.
INFO: [XFORM 203-401] Performing if-conversion on hyperblock from (Convolution_IP.prj/conv_2d.cpp:24:57) to (Convolution_IP.prj/conv_2d.cpp:104:4) in function 'conv_3x3_strm'... converting 13 basic blocks.
INFO: [XFORM 203-401] Performing if-conversion on hyperblock from (Convolution_IP.prj/conv_2d.cpp:24:57) to (Convolution_IP.prj/conv_2d.cpp:104:4) in function 'conv_3x3_strm'... converting 13 basic blocks.
INFO: [XFORM 203-401] Performing if-conversion on hyperblock from (Convolution_IP.prj/conv_2d.cpp:24:57) to (Convolution_IP.prj/conv_2d.cpp:104:4) in function 'conv_3x3_strm'... converting 13 basic blocks.
INFO: [XFORM 203-401] Performing if-conversion on hyperblock from (Convolution_IP.prj/conv_2d.cpp:24:57) to (Convolution_IP.prj/conv_2d.cpp:104:4) in function 'conv_3x3_strm'... converting 13 basic blocks.
INFO: [XFORM 203-401] Performing if-conversion on hyperblock from (Convolution_IP.prj/conv_2d.cpp:24:57) to (Convolution_IP.prj/conv_2d.cpp:104:4) in function 'conv_3x3_strm'... converting 13 basic blocks.
INFO: [XFORM 203-401] Performing if-conversion on hyperblock from (Convolution_IP.prj/conv_2d.cpp:24:57) to (Convolution_IP.prj/conv_2d.cpp:104:4) in function 'conv_3x3_strm'... converting 13 basic blocks.
INFO: [XFORM 203-401] Performing if-conversion on hyperblock from (Convolution_IP.prj/conv_2d.cpp:24:57) to (Convolution_IP.prj/conv_2d.cpp:104:4) in function 'conv_3x3_strm'... converting 13 basic blocks.
INFO: [XFORM 203-401] Performing if-conversion on hyperblock from (Convolution_IP.prj/conv_2d.cpp:24:57) to (Convolution_IP.prj/conv_2d.cpp:104:4) in function 'conv_3x3_strm'... converting 13 basic blocks.
INFO: [XFORM 203-401] Performing if-conversion on hyperblock from (Convolution_IP.prj/conv_2d.cpp:24:57) to (Convolution_IP.prj/conv_2d.cpp:104:4) in function 'conv_3x3_strm'... converting 13 basic blocks.
INFO: [XFORM 203-401] Performing if-conversion on hyperblock from (Convolution_IP.prj/conv_2d.cpp:24:57) to (Convolution_IP.prj/conv_2d.cpp:104:4) in function 'conv_3x3_strm'... converting 13 basic blocks.
INFO: [XFORM 203-401] Performing if-conversion on hyperblock from (Convolution_IP.prj/conv_2d.cpp:24:57) to (Convolution_IP.prj/conv_2d.cpp:104:4) in function 'conv_3x3_strm'... converting 13 basic blocks.
INFO: [XFORM 203-401] Performing if-conversion on hyperblock from (Convolution_IP.prj/conv_2d.cpp:24:57) to (Convolution_IP.prj/conv_2d.cpp:104:4) in function 'conv_3x3_strm'... converting 13 basic blocks.
INFO: [XFORM 203-401] Performing if-conversion on hyperblock from (Convolution_IP.prj/conv_2d.cpp:24:57) to (Convolution_IP.prj/conv_2d.cpp:104:4) in function 'conv_3x3_strm'... converting 13 basic blocks.
INFO: [XFORM 203-401] Performing if-conversion on hyperblock from (Convolution_IP.prj/conv_2d.cpp:24:57) to (Convolution_IP.prj/conv_2d.cpp:104:4) in function 'conv_3x3_strm'... converting 13 basic blocks.
INFO: [XFORM 203-401] Performing if-conversion on hyperblock from (Convolution_IP.prj/conv_2d.cpp:24:57) to (Convolution_IP.prj/conv_2d.cpp:104:4) in function 'conv_3x3_strm'... converting 13 basic blocks.
INFO: [XFORM 203-401] Performing if-conversion on hyperblock from (Convolution_IP.prj/conv_2d.cpp:24:57) to (Convolution_IP.prj/conv_2d.cpp:104:4) in function 'conv_3x3_strm'... converting 13 basic blocks.
INFO: [XFORM 203-401] Performing if-conversion on hyperblock from (Convolution_IP.prj/conv_2d.cpp:24:57) to (Convolution_IP.prj/conv_2d.cpp:104:4) in function 'conv_3x3_strm'... converting 13 basic blocks.
INFO: [XFORM 203-401] Performing if-conversion on hyperblock from (Convolution_IP.prj/conv_2d.cpp:24:57) to (Convolution_IP.prj/conv_2d.cpp:104:4) in function 'conv_3x3_strm'... converting 13 basic blocks.
INFO: [XFORM 203-401] Performing if-conversion on hyperblock from (Convolution_IP.prj/conv_2d.cpp:24:57) to (Convolution_IP.prj/conv_2d.cpp:104:4) in function 'conv_3x3_strm'... converting 13 basic blocks.
INFO: [XFORM 203-401] Performing if-conversion on hyperblock from (Convolution_IP.prj/conv_2d.cpp:24:57) to (Convolution_IP.prj/conv_2d.cpp:104:4) in function 'conv_3x3_strm'... converting 13 basic blocks.
INFO: [XFORM 203-401] Performing if-conversion on hyperblock from (Convolution_IP.prj/conv_2d.cpp:24:57) to (Convolution_IP.prj/conv_2d.cpp:104:4) in function 'conv_3x3_strm'... converting 13 basic blocks.
INFO: [XFORM 203-401] Performing if-conversion on hyperblock from (Convolution_IP.prj/conv_2d.cpp:24:57) to (Convolution_IP.prj/conv_2d.cpp:104:4) in function 'conv_3x3_strm'... converting 13 basic blocks.
INFO: [XFORM 203-401] Performing if-conversion on hyperblock from (Convolution_IP.prj/conv_2d.cpp:24:57) to (Convolution_IP.prj/conv_2d.cpp:104:4) in function 'conv_3x3_strm'... converting 13 basic blocks.
INFO: [XFORM 203-401] Performing if-conversion on hyperblock from (Convolution_IP.prj/conv_2d.cpp:24:57) to (Convolution_IP.prj/conv_2d.cpp:104:4) in function 'conv_3x3_strm'... converting 13 basic blocks.
INFO: [XFORM 203-401] Performing if-conversion on hyperblock from (Convolution_IP.prj/conv_2d.cpp:24:57) to (Convolution_IP.prj/conv_2d.cpp:104:4) in function 'conv_3x3_strm'... converting 13 basic blocks.
INFO: [XFORM 203-401] Performing if-conversion on hyperblock from (Convolution_IP.prj/conv_2d.cpp:24:57) to (Convolution_IP.prj/conv_2d.cpp:104:4) in function 'conv_3x3_strm'... converting 13 basic blocks.
INFO: [XFORM 203-401] Performing if-conversion on hyperblock from (Convolution_IP.prj/conv_2d.cpp:24:57) to (Convolution_IP.prj/conv_2d.cpp:104:4) in function 'conv_3x3_strm'... converting 13 basic blocks.
INFO: [XFORM 203-401] Performing if-conversion on hyperblock from (Convolution_IP.prj/conv_2d.cpp:24:57) to (Convolution_IP.prj/conv_2d.cpp:104:4) in function 'conv_3x3_strm'... converting 13 basic blocks.
INFO: [XFORM 203-401] Performing if-conversion on hyperblock from (Convolution_IP.prj/conv_2d.cpp:24:57) to (Convolution_IP.prj/conv_2d.cpp:104:4) in function 'conv_3x3_strm'... converting 13 basic blocks.
INFO: [XFORM 203-401] Performing if-conversion on hyperblock from (Convolution_IP.prj/conv_2d.cpp:24:57) to (Convolution_IP.prj/conv_2d.cpp:104:4) in function 'conv_3x3_strm'... converting 13 basic blocks.
INFO: [XFORM 203-401] Performing if-conversion on hyperblock from (Convolution_IP.prj/conv_2d.cpp:24:57) to (Convolution_IP.prj/conv_2d.cpp:104:4) in function 'conv_3x3_strm'... converting 13 basic blocks.
INFO: [XFORM 203-401] Performing if-conversion on hyperblock from (Convolution_IP.prj/conv_2d.cpp:24:57) to (Convolution_IP.prj/conv_2d.cpp:104:4) in function 'conv_3x3_strm'... converting 13 basic blocks.
INFO: [XFORM 203-401] Performing if-conversion on hyperblock from (Convolution_IP.prj/conv_2d.cpp:24:57) to (Convolution_IP.prj/conv_2d.cpp:104:4) in function 'conv_3x3_strm'... converting 13 basic blocks.
INFO: [XFORM 203-401] Performing if-conversion on hyperblock from (Convolution_IP.prj/conv_2d.cpp:24:57) to (Convolution_IP.prj/conv_2d.cpp:104:4) in function 'conv_3x3_strm'... converting 13 basic blocks.
INFO: [XFORM 203-401] Performing if-conversion on hyperblock from (Convolution_IP.prj/conv_2d.cpp:24:57) to (Convolution_IP.prj/conv_2d.cpp:104:4) in function 'conv_3x3_strm'... converting 13 basic blocks.
INFO: [XFORM 203-401] Performing if-conversion on hyperblock from (Convolution_IP.prj/conv_2d.cpp:24:57) to (Convolution_IP.prj/conv_2d.cpp:104:4) in function 'conv_3x3_strm'... converting 13 basic blocks.
INFO: [XFORM 203-401] Performing if-conversion on hyperblock from (Convolution_IP.prj/conv_2d.cpp:24:57) to (Convolution_IP.prj/conv_2d.cpp:104:4) in function 'conv_3x3_strm'... converting 13 basic blocks.
INFO: [XFORM 203-401] Performing if-conversion on hyperblock from (Convolution_IP.prj/conv_2d.cpp:24:57) to (Convolution_IP.prj/conv_2d.cpp:104:4) in function 'conv_3x3_strm'... converting 13 basic blocks.
INFO: [XFORM 203-401] Performing if-conversion on hyperblock from (Convolution_IP.prj/conv_2d.cpp:24:57) to (Convolution_IP.prj/conv_2d.cpp:104:4) in function 'conv_3x3_strm'... converting 13 basic blocks.
INFO: [XFORM 203-401] Performing if-conversion on hyperblock from (Convolution_IP.prj/conv_2d.cpp:24:57) to (Convolution_IP.prj/conv_2d.cpp:104:4) in function 'conv_3x3_strm'... converting 13 basic blocks.
INFO: [XFORM 203-401] Performing if-conversion on hyperblock from (Convolution_IP.prj/conv_2d.cpp:24:57) to (Convolution_IP.prj/conv_2d.cpp:104:4) in function 'conv_3x3_strm'... converting 13 basic blocks.
INFO: [XFORM 203-401] Performing if-conversion on hyperblock from (Convolution_IP.prj/conv_2d.cpp:24:57) to (Convolution_IP.prj/conv_2d.cpp:104:4) in function 'conv_3x3_strm'... converting 13 basic blocks.
INFO: [XFORM 203-401] Performing if-conversion on hyperblock from (Convolution_IP.prj/conv_2d.cpp:24:57) to (Convolution_IP.prj/conv_2d.cpp:104:4) in function 'conv_3x3_strm'... converting 13 basic blocks.
INFO: [XFORM 203-401] Performing if-conversion on hyperblock from (Convolution_IP.prj/conv_2d.cpp:24:57) to (Convolution_IP.prj/conv_2d.cpp:104:4) in function 'conv_3x3_strm'... converting 13 basic blocks.
INFO: [XFORM 203-401] Performing if-conversion on hyperblock from (Convolution_IP.prj/conv_2d.cpp:24:57) to (Convolution_IP.prj/conv_2d.cpp:104:4) in function 'conv_3x3_strm'... converting 13 basic blocks.
INFO: [XFORM 203-401] Performing if-conversion on hyperblock from (Convolution_IP.prj/conv_2d.cpp:24:57) to (Convolution_IP.prj/conv_2d.cpp:104:4) in function 'conv_3x3_strm'... converting 13 basic blocks.
INFO: [XFORM 203-401] Performing if-conversion on hyperblock from (Convolution_IP.prj/conv_2d.cpp:24:57) to (Convolution_IP.prj/conv_2d.cpp:104:4) in function 'conv_3x3_strm'... converting 13 basic blocks.
INFO: [XFORM 203-401] Performing if-conversion on hyperblock from (Convolution_IP.prj/conv_2d.cpp:24:57) to (Convolution_IP.prj/conv_2d.cpp:104:4) in function 'conv_3x3_strm'... converting 13 basic blocks.
INFO: [XFORM 203-401] Performing if-conversion on hyperblock from (Convolution_IP.prj/conv_2d.cpp:24:57) to (Convolution_IP.prj/conv_2d.cpp:104:4) in function 'conv_3x3_strm'... converting 13 basic blocks.
INFO: [XFORM 203-401] Performing if-conversion on hyperblock from (Convolution_IP.prj/conv_2d.cpp:24:57) to (Convolution_IP.prj/conv_2d.cpp:104:4) in function 'conv_3x3_strm'... converting 13 basic blocks.
INFO: [XFORM 203-401] Performing if-conversion on hyperblock from (Convolution_IP.prj/conv_2d.cpp:24:57) to (Convolution_IP.prj/conv_2d.cpp:104:4) in function 'conv_3x3_strm'... converting 13 basic blocks.
INFO: [XFORM 203-401] Performing if-conversion on hyperblock from (Convolution_IP.prj/conv_2d.cpp:24:57) to (Convolution_IP.prj/conv_2d.cpp:104:4) in function 'conv_3x3_strm'... converting 13 basic blocks.
INFO: [XFORM 203-401] Performing if-conversion on hyperblock from (Convolution_IP.prj/conv_2d.cpp:24:57) to (Convolution_IP.prj/conv_2d.cpp:104:4) in function 'conv_3x3_strm'... converting 13 basic blocks.
INFO: [XFORM 203-401] Performing if-conversion on hyperblock from (Convolution_IP.prj/conv_2d.cpp:24:57) to (Convolution_IP.prj/conv_2d.cpp:104:4) in function 'conv_3x3_strm'... converting 13 basic blocks.
INFO: [XFORM 203-401] Performing if-conversion on hyperblock from (Convolution_IP.prj/conv_2d.cpp:24:57) to (Convolution_IP.prj/conv_2d.cpp:104:4) in function 'conv_3x3_strm'... converting 13 basic blocks.
INFO: [XFORM 203-401] Performing if-conversion on hyperblock from (Convolution_IP.prj/conv_2d.cpp:24:57) to (Convolution_IP.prj/conv_2d.cpp:104:4) in function 'conv_3x3_strm'... converting 13 basic blocks.
INFO: [XFORM 203-401] Performing if-conversion on hyperblock from (Convolution_IP.prj/conv_2d.cpp:24:57) to (Convolution_IP.prj/conv_2d.cpp:104:4) in function 'conv_3x3_strm'... converting 13 basic blocks.
INFO: [XFORM 203-401] Performing if-conversion on hyperblock from (Convolution_IP.prj/conv_2d.cpp:24:57) to (Convolution_IP.prj/conv_2d.cpp:104:4) in function 'conv_3x3_strm'... converting 13 basic blocks.
INFO: [XFORM 203-401] Performing if-conversion on hyperblock from (Convolution_IP.prj/conv_2d.cpp:24:57) to (Convolution_IP.prj/conv_2d.cpp:104:4) in function 'conv_3x3_strm'... converting 13 basic blocks.
INFO: [XFORM 203-401] Performing if-conversion on hyperblock from (Convolution_IP.prj/conv_2d.cpp:24:57) to (Convolution_IP.prj/conv_2d.cpp:104:4) in function 'conv_3x3_strm'... converting 13 basic blocks.
INFO: [XFORM 203-401] Performing if-conversion on hyperblock from (Convolution_IP.prj/conv_2d.cpp:24:57) to (Convolution_IP.prj/conv_2d.cpp:104:4) in function 'conv_3x3_strm'... converting 13 basic blocks.
INFO: [XFORM 203-401] Performing if-conversion on hyperblock from (Convolution_IP.prj/conv_2d.cpp:24:57) to (Convolution_IP.prj/conv_2d.cpp:104:4) in function 'conv_3x3_strm'... converting 13 basic blocks.
INFO: [XFORM 203-401] Performing if-conversion on hyperblock from (Convolution_IP.prj/conv_2d.cpp:24:57) to (Convolution_IP.prj/conv_2d.cpp:104:4) in function 'conv_3x3_strm'... converting 13 basic blocks.
INFO: [XFORM 203-401] Performing if-conversion on hyperblock from (Convolution_IP.prj/conv_2d.cpp:24:57) to (Convolution_IP.prj/conv_2d.cpp:104:4) in function 'conv_3x3_strm'... converting 13 basic blocks.
INFO: [XFORM 203-401] Performing if-conversion on hyperblock from (Convolution_IP.prj/conv_2d.cpp:24:57) to (Convolution_IP.prj/conv_2d.cpp:104:4) in function 'conv_3x3_strm'... converting 13 basic blocks.
INFO: [XFORM 203-401] Performing if-conversion on hyperblock from (Convolution_IP.prj/conv_2d.cpp:24:57) to (Convolution_IP.prj/conv_2d.cpp:104:4) in function 'conv_3x3_strm'... converting 13 basic blocks.
INFO: [XFORM 203-401] Performing if-conversion on hyperblock from (Convolution_IP.prj/conv_2d.cpp:24:57) to (Convolution_IP.prj/conv_2d.cpp:104:4) in function 'conv_3x3_strm'... converting 13 basic blocks.
INFO: [XFORM 203-401] Performing if-conversion on hyperblock from (Convolution_IP.prj/conv_2d.cpp:24:57) to (Convolution_IP.prj/conv_2d.cpp:104:4) in function 'conv_3x3_strm'... converting 13 basic blocks.
INFO: [XFORM 203-401] Performing if-conversion on hyperblock from (Convolution_IP.prj/conv_2d.cpp:24:57) to (Convolution_IP.prj/conv_2d.cpp:104:4) in function 'conv_3x3_strm'... converting 13 basic blocks.
INFO: [XFORM 203-401] Performing if-conversion on hyperblock from (Convolution_IP.prj/conv_2d.cpp:24:57) to (Convolution_IP.prj/conv_2d.cpp:104:4) in function 'conv_3x3_strm'... converting 13 basic blocks.
INFO: [XFORM 203-401] Performing if-conversion on hyperblock from (Convolution_IP.prj/conv_2d.cpp:24:57) to (Convolution_IP.prj/conv_2d.cpp:104:4) in function 'conv_3x3_strm'... converting 13 basic blocks.
INFO: [XFORM 203-401] Performing if-conversion on hyperblock from (Convolution_IP.prj/conv_2d.cpp:24:57) to (Convolution_IP.prj/conv_2d.cpp:104:4) in function 'conv_3x3_strm'... converting 13 basic blocks.
INFO: [XFORM 203-401] Performing if-conversion on hyperblock from (Convolution_IP.prj/conv_2d.cpp:24:57) to (Convolution_IP.prj/conv_2d.cpp:104:4) in function 'conv_3x3_strm'... converting 13 basic blocks.
INFO: [XFORM 203-401] Performing if-conversion on hyperblock from (Convolution_IP.prj/conv_2d.cpp:24:57) to (Convolution_IP.prj/conv_2d.cpp:104:4) in function 'conv_3x3_strm'... converting 13 basic blocks.
INFO: [XFORM 203-401] Performing if-conversion on hyperblock from (Convolution_IP.prj/conv_2d.cpp:24:57) to (Convolution_IP.prj/conv_2d.cpp:104:4) in function 'conv_3x3_strm'... converting 13 basic blocks.
INFO: [XFORM 203-401] Performing if-conversion on hyperblock from (Convolution_IP.prj/conv_2d.cpp:24:57) to (Convolution_IP.prj/conv_2d.cpp:104:4) in function 'conv_3x3_strm'... converting 13 basic blocks.
INFO: [XFORM 203-401] Performing if-conversion on hyperblock from (Convolution_IP.prj/conv_2d.cpp:24:57) to (Convolution_IP.prj/conv_2d.cpp:104:4) in function 'conv_3x3_strm'... converting 13 basic blocks.
INFO: [XFORM 203-401] Performing if-conversion on hyperblock from (Convolution_IP.prj/conv_2d.cpp:24:57) to (Convolution_IP.prj/conv_2d.cpp:104:4) in function 'conv_3x3_strm'... converting 13 basic blocks.
INFO: [XFORM 203-401] Performing if-conversion on hyperblock from (Convolution_IP.prj/conv_2d.cpp:24:57) to (Convolution_IP.prj/conv_2d.cpp:104:4) in function 'conv_3x3_strm'... converting 13 basic blocks.
INFO: [XFORM 203-401] Performing if-conversion on hyperblock from (Convolution_IP.prj/conv_2d.cpp:24:57) to (Convolution_IP.prj/conv_2d.cpp:104:4) in function 'conv_3x3_strm'... converting 13 basic blocks.
INFO: [XFORM 203-401] Performing if-conversion on hyperblock from (Convolution_IP.prj/conv_2d.cpp:24:57) to (Convolution_IP.prj/conv_2d.cpp:104:4) in function 'conv_3x3_strm'... converting 13 basic blocks.
INFO: [XFORM 203-401] Performing if-conversion on hyperblock from (Convolution_IP.prj/conv_2d.cpp:24:57) to (Convolution_IP.prj/conv_2d.cpp:104:4) in function 'conv_3x3_strm'... converting 13 basic blocks.
INFO: [XFORM 203-401] Performing if-conversion on hyperblock from (Convolution_IP.prj/conv_2d.cpp:24:57) to (Convolution_IP.prj/conv_2d.cpp:104:4) in function 'conv_3x3_strm'... converting 13 basic blocks.
INFO: [XFORM 203-401] Performing if-conversion on hyperblock from (Convolution_IP.prj/conv_2d.cpp:24:57) to (Convolution_IP.prj/conv_2d.cpp:104:4) in function 'conv_3x3_strm'... converting 13 basic blocks.
INFO: [XFORM 203-401] Performing if-conversion on hyperblock from (Convolution_IP.prj/conv_2d.cpp:24:57) to (Convolution_IP.prj/conv_2d.cpp:104:4) in function 'conv_3x3_strm'... converting 13 basic blocks.
INFO: [XFORM 203-401] Performing if-conversion on hyperblock from (Convolution_IP.prj/conv_2d.cpp:24:57) to (Convolution_IP.prj/conv_2d.cpp:104:4) in function 'conv_3x3_strm'... converting 13 basic blocks.
INFO: [XFORM 203-401] Performing if-conversion on hyperblock from (Convolution_IP.prj/conv_2d.cpp:24:57) to (Convolution_IP.prj/conv_2d.cpp:104:4) in function 'conv_3x3_strm'... converting 13 basic blocks.
INFO: [XFORM 203-401] Performing if-conversion on hyperblock from (Convolution_IP.prj/conv_2d.cpp:24:57) to (Convolution_IP.prj/conv_2d.cpp:104:4) in function 'conv_3x3_strm'... converting 13 basic blocks.
INFO: [XFORM 203-401] Performing if-conversion on hyperblock from (Convolution_IP.prj/conv_2d.cpp:24:57) to (Convolution_IP.prj/conv_2d.cpp:104:4) in function 'conv_3x3_strm'... converting 13 basic blocks.
INFO: [XFORM 203-401] Performing if-conversion on hyperblock from (Convolution_IP.prj/conv_2d.cpp:24:57) to (Convolution_IP.prj/conv_2d.cpp:104:4) in function 'conv_3x3_strm'... converting 13 basic blocks.
INFO: [XFORM 203-401] Performing if-conversion on hyperblock from (Convolution_IP.prj/conv_2d.cpp:24:57) to (Convolution_IP.prj/conv_2d.cpp:104:4) in function 'conv_3x3_strm'... converting 13 basic blocks.
INFO: [XFORM 203-401] Performing if-conversion on hyperblock from (Convolution_IP.prj/conv_2d.cpp:24:57) to (Convolution_IP.prj/conv_2d.cpp:104:4) in function 'conv_3x3_strm'... converting 13 basic blocks.
INFO: [XFORM 203-401] Performing if-conversion on hyperblock from (Convolution_IP.prj/conv_2d.cpp:24:57) to (Convolution_IP.prj/conv_2d.cpp:104:4) in function 'conv_3x3_strm'... converting 13 basic blocks.
INFO: [XFORM 203-401] Performing if-conversion on hyperblock from (Convolution_IP.prj/conv_2d.cpp:24:57) to (Convolution_IP.prj/conv_2d.cpp:104:4) in function 'conv_3x3_strm'... converting 13 basic blocks.
INFO: [XFORM 203-401] Performing if-conversion on hyperblock from (Convolution_IP.prj/conv_2d.cpp:24:57) to (Convolution_IP.prj/conv_2d.cpp:104:4) in function 'conv_3x3_strm'... converting 13 basic blocks.
INFO: [XFORM 203-401] Performing if-conversion on hyperblock from (Convolution_IP.prj/conv_2d.cpp:24:57) to (Convolution_IP.prj/conv_2d.cpp:104:4) in function 'conv_3x3_strm'... converting 13 basic blocks.
INFO: [XFORM 203-401] Performing if-conversion on hyperblock from (Convolution_IP.prj/conv_2d.cpp:24:57) to (Convolution_IP.prj/conv_2d.cpp:104:4) in function 'conv_3x3_strm'... converting 13 basic blocks.
INFO: [XFORM 203-401] Performing if-conversion on hyperblock from (Convolution_IP.prj/conv_2d.cpp:24:57) to (Convolution_IP.prj/conv_2d.cpp:104:4) in function 'conv_3x3_strm'... converting 13 basic blocks.
INFO: [XFORM 203-401] Performing if-conversion on hyperblock from (Convolution_IP.prj/conv_2d.cpp:24:57) to (Convolution_IP.prj/conv_2d.cpp:104:4) in function 'conv_3x3_strm'... converting 13 basic blocks.
INFO: [XFORM 203-401] Performing if-conversion on hyperblock from (Convolution_IP.prj/conv_2d.cpp:24:57) to (Convolution_IP.prj/conv_2d.cpp:104:4) in function 'conv_3x3_strm'... converting 13 basic blocks.
INFO: [XFORM 203-401] Performing if-conversion on hyperblock from (Convolution_IP.prj/conv_2d.cpp:24:57) to (Convolution_IP.prj/conv_2d.cpp:104:4) in function 'conv_3x3_strm'... converting 13 basic blocks.
INFO: [XFORM 203-401] Performing if-conversion on hyperblock from (Convolution_IP.prj/conv_2d.cpp:24:57) to (Convolution_IP.prj/conv_2d.cpp:104:4) in function 'conv_3x3_strm'... converting 13 basic blocks.
INFO: [XFORM 203-401] Performing if-conversion on hyperblock from (Convolution_IP.prj/conv_2d.cpp:24:57) to (Convolution_IP.prj/conv_2d.cpp:104:4) in function 'conv_3x3_strm'... converting 13 basic blocks.
INFO: [XFORM 203-401] Performing if-conversion on hyperblock from (Convolution_IP.prj/conv_2d.cpp:24:57) to (Convolution_IP.prj/conv_2d.cpp:104:4) in function 'conv_3x3_strm'... converting 13 basic blocks.
INFO: [XFORM 203-401] Performing if-conversion on hyperblock from (Convolution_IP.prj/conv_2d.cpp:24:57) to (Convolution_IP.prj/conv_2d.cpp:104:4) in function 'conv_3x3_strm'... converting 13 basic blocks.
INFO: [XFORM 203-401] Performing if-conversion on hyperblock from (Convolution_IP.prj/conv_2d.cpp:24:57) to (Convolution_IP.prj/conv_2d.cpp:104:4) in function 'conv_3x3_strm'... converting 13 basic blocks.
INFO: [XFORM 203-401] Performing if-conversion on hyperblock from (Convolution_IP.prj/conv_2d.cpp:24:57) to (Convolution_IP.prj/conv_2d.cpp:104:4) in function 'conv_3x3_strm'... converting 13 basic blocks.
INFO: [XFORM 203-401] Performing if-conversion on hyperblock from (Convolution_IP.prj/conv_2d.cpp:24:57) to (Convolution_IP.prj/conv_2d.cpp:104:4) in function 'conv_3x3_strm'... converting 13 basic blocks.
INFO: [XFORM 203-401] Performing if-conversion on hyperblock from (Convolution_IP.prj/conv_2d.cpp:24:57) to (Convolution_IP.prj/conv_2d.cpp:104:4) in function 'conv_3x3_strm'... converting 13 basic blocks.
INFO: [XFORM 203-401] Performing if-conversion on hyperblock from (Convolution_IP.prj/conv_2d.cpp:24:57) to (Convolution_IP.prj/conv_2d.cpp:104:4) in function 'conv_3x3_strm'... converting 13 basic blocks.
INFO: [XFORM 203-401] Performing if-conversion on hyperblock from (Convolution_IP.prj/conv_2d.cpp:24:57) to (Convolution_IP.prj/conv_2d.cpp:104:4) in function 'conv_3x3_strm'... converting 13 basic blocks.
INFO: [XFORM 203-401] Performing if-conversion on hyperblock from (Convolution_IP.prj/conv_2d.cpp:24:57) to (Convolution_IP.prj/conv_2d.cpp:104:4) in function 'conv_3x3_strm'... converting 13 basic blocks.
INFO: [XFORM 203-401] Performing if-conversion on hyperblock from (Convolution_IP.prj/conv_2d.cpp:24:57) to (Convolution_IP.prj/conv_2d.cpp:104:4) in function 'conv_3x3_strm'... converting 13 basic blocks.
INFO: [XFORM 203-401] Performing if-conversion on hyperblock from (Convolution_IP.prj/conv_2d.cpp:24:57) to (Convolution_IP.prj/conv_2d.cpp:104:4) in function 'conv_3x3_strm'... converting 13 basic blocks.
INFO: [XFORM 203-401] Performing if-conversion on hyperblock from (Convolution_IP.prj/conv_2d.cpp:24:57) to (Convolution_IP.prj/conv_2d.cpp:104:4) in function 'conv_3x3_strm'... converting 13 basic blocks.
INFO: [XFORM 203-401] Performing if-conversion on hyperblock from (Convolution_IP.prj/conv_2d.cpp:24:57) to (Convolution_IP.prj/conv_2d.cpp:104:4) in function 'conv_3x3_strm'... converting 13 basic blocks.
INFO: [XFORM 203-401] Performing if-conversion on hyperblock from (Convolution_IP.prj/conv_2d.cpp:24:57) to (Convolution_IP.prj/conv_2d.cpp:104:4) in function 'conv_3x3_strm'... converting 13 basic blocks.
INFO: [XFORM 203-401] Performing if-conversion on hyperblock from (Convolution_IP.prj/conv_2d.cpp:24:57) to (Convolution_IP.prj/conv_2d.cpp:104:4) in function 'conv_3x3_strm'... converting 13 basic blocks.
INFO: [XFORM 203-401] Performing if-conversion on hyperblock from (Convolution_IP.prj/conv_2d.cpp:24:57) to (Convolution_IP.prj/conv_2d.cpp:104:4) in function 'conv_3x3_strm'... converting 13 basic blocks.
INFO: [XFORM 203-401] Performing if-conversion on hyperblock from (Convolution_IP.prj/conv_2d.cpp:24:57) to (Convolution_IP.prj/conv_2d.cpp:104:4) in function 'conv_3x3_strm'... converting 13 basic blocks.
INFO: [XFORM 203-401] Performing if-conversion on hyperblock from (Convolution_IP.prj/conv_2d.cpp:24:57) to (Convolution_IP.prj/conv_2d.cpp:104:4) in function 'conv_3x3_strm'... converting 13 basic blocks.
INFO: [XFORM 203-401] Performing if-conversion on hyperblock from (Convolution_IP.prj/conv_2d.cpp:24:57) to (Convolution_IP.prj/conv_2d.cpp:104:4) in function 'conv_3x3_strm'... converting 13 basic blocks.
INFO: [XFORM 203-401] Performing if-conversion on hyperblock from (Convolution_IP.prj/conv_2d.cpp:24:57) to (Convolution_IP.prj/conv_2d.cpp:104:4) in function 'conv_3x3_strm'... converting 13 basic blocks.
INFO: [XFORM 203-401] Performing if-conversion on hyperblock from (Convolution_IP.prj/conv_2d.cpp:24:57) to (Convolution_IP.prj/conv_2d.cpp:104:4) in function 'conv_3x3_strm'... converting 13 basic blocks.
INFO: [XFORM 203-401] Performing if-conversion on hyperblock from (Convolution_IP.prj/conv_2d.cpp:24:57) to (Convolution_IP.prj/conv_2d.cpp:104:4) in function 'conv_3x3_strm'... converting 13 basic blocks.
INFO: [XFORM 203-401] Performing if-conversion on hyperblock from (Convolution_IP.prj/conv_2d.cpp:24:57) to (Convolution_IP.prj/conv_2d.cpp:104:4) in function 'conv_3x3_strm'... converting 13 basic blocks.
INFO: [XFORM 203-401] Performing if-conversion on hyperblock from (Convolution_IP.prj/conv_2d.cpp:24:57) to (Convolution_IP.prj/conv_2d.cpp:104:4) in function 'conv_3x3_strm'... converting 13 basic blocks.
INFO: [XFORM 203-401] Performing if-conversion on hyperblock from (Convolution_IP.prj/conv_2d.cpp:24:57) to (Convolution_IP.prj/conv_2d.cpp:104:4) in function 'conv_3x3_strm'... converting 13 basic blocks.
INFO: [XFORM 203-401] Performing if-conversion on hyperblock from (Convolution_IP.prj/conv_2d.cpp:24:57) to (Convolution_IP.prj/conv_2d.cpp:104:4) in function 'conv_3x3_strm'... converting 13 basic blocks.
INFO: [XFORM 203-401] Performing if-conversion on hyperblock from (Convolution_IP.prj/conv_2d.cpp:24:57) to (Convolution_IP.prj/conv_2d.cpp:104:4) in function 'conv_3x3_strm'... converting 13 basic blocks.
INFO: [XFORM 203-401] Performing if-conversion on hyperblock from (Convolution_IP.prj/conv_2d.cpp:24:57) to (Convolution_IP.prj/conv_2d.cpp:104:4) in function 'conv_3x3_strm'... converting 13 basic blocks.
INFO: [XFORM 203-401] Performing if-conversion on hyperblock from (Convolution_IP.prj/conv_2d.cpp:24:57) to (Convolution_IP.prj/conv_2d.cpp:104:4) in function 'conv_3x3_strm'... converting 13 basic blocks.
INFO: [XFORM 203-401] Performing if-conversion on hyperblock from (Convolution_IP.prj/conv_2d.cpp:24:57) to (Convolution_IP.prj/conv_2d.cpp:104:4) in function 'conv_3x3_strm'... converting 13 basic blocks.
INFO: [XFORM 203-401] Performing if-conversion on hyperblock from (Convolution_IP.prj/conv_2d.cpp:24:57) to (Convolution_IP.prj/conv_2d.cpp:104:4) in function 'conv_3x3_strm'... converting 13 basic blocks.
INFO: [XFORM 203-401] Performing if-conversion on hyperblock from (Convolution_IP.prj/conv_2d.cpp:24:57) to (Convolution_IP.prj/conv_2d.cpp:104:4) in function 'conv_3x3_strm'... converting 13 basic blocks.
INFO: [XFORM 203-401] Performing if-conversion on hyperblock from (Convolution_IP.prj/conv_2d.cpp:24:57) to (Convolution_IP.prj/conv_2d.cpp:104:4) in function 'conv_3x3_strm'... converting 13 basic blocks.
INFO: [XFORM 203-401] Performing if-conversion on hyperblock from (Convolution_IP.prj/conv_2d.cpp:24:57) to (Convolution_IP.prj/conv_2d.cpp:104:4) in function 'conv_3x3_strm'... converting 13 basic blocks.
INFO: [XFORM 203-401] Performing if-conversion on hyperblock from (Convolution_IP.prj/conv_2d.cpp:24:57) to (Convolution_IP.prj/conv_2d.cpp:104:4) in function 'conv_3x3_strm'... converting 13 basic blocks.
INFO: [XFORM 203-401] Performing if-conversion on hyperblock from (Convolution_IP.prj/conv_2d.cpp:24:57) to (Convolution_IP.prj/conv_2d.cpp:104:4) in function 'conv_3x3_strm'... converting 13 basic blocks.
INFO: [XFORM 203-401] Performing if-conversion on hyperblock from (Convolution_IP.prj/conv_2d.cpp:24:57) to (Convolution_IP.prj/conv_2d.cpp:104:4) in function 'conv_3x3_strm'... converting 13 basic blocks.
INFO: [XFORM 203-401] Performing if-conversion on hyperblock from (Convolution_IP.prj/conv_2d.cpp:24:57) to (Convolution_IP.prj/conv_2d.cpp:104:4) in function 'conv_3x3_strm'... converting 13 basic blocks.
INFO: [XFORM 203-401] Performing if-conversion on hyperblock from (Convolution_IP.prj/conv_2d.cpp:24:57) to (Convolution_IP.prj/conv_2d.cpp:104:4) in function 'conv_3x3_strm'... converting 13 basic blocks.
INFO: [XFORM 203-401] Performing if-conversion on hyperblock from (Convolution_IP.prj/conv_2d.cpp:24:57) to (Convolution_IP.prj/conv_2d.cpp:104:4) in function 'conv_3x3_strm'... converting 13 basic blocks.
INFO: [XFORM 203-401] Performing if-conversion on hyperblock from (Convolution_IP.prj/conv_2d.cpp:24:57) to (Convolution_IP.prj/conv_2d.cpp:104:4) in function 'conv_3x3_strm'... converting 13 basic blocks.
INFO: [XFORM 203-401] Performing if-conversion on hyperblock from (Convolution_IP.prj/conv_2d.cpp:24:57) to (Convolution_IP.prj/conv_2d.cpp:104:4) in function 'conv_3x3_strm'... converting 13 basic blocks.
INFO: [XFORM 203-401] Performing if-conversion on hyperblock from (Convolution_IP.prj/conv_2d.cpp:24:57) to (Convolution_IP.prj/conv_2d.cpp:104:4) in function 'conv_3x3_strm'... converting 13 basic blocks.
INFO: [XFORM 203-401] Performing if-conversion on hyperblock from (Convolution_IP.prj/conv_2d.cpp:24:57) to (Convolution_IP.prj/conv_2d.cpp:104:4) in function 'conv_3x3_strm'... converting 13 basic blocks.
INFO: [XFORM 203-401] Performing if-conversion on hyperblock from (Convolution_IP.prj/conv_2d.cpp:24:57) to (Convolution_IP.prj/conv_2d.cpp:104:4) in function 'conv_3x3_strm'... converting 13 basic blocks.
INFO: [XFORM 203-401] Performing if-conversion on hyperblock from (Convolution_IP.prj/conv_2d.cpp:24:57) to (Convolution_IP.prj/conv_2d.cpp:104:4) in function 'conv_3x3_strm'... converting 13 basic blocks.
INFO: [XFORM 203-401] Performing if-conversion on hyperblock from (Convolution_IP.prj/conv_2d.cpp:24:57) to (Convolution_IP.prj/conv_2d.cpp:104:4) in function 'conv_3x3_strm'... converting 13 basic blocks.
INFO: [XFORM 203-401] Performing if-conversion on hyperblock from (Convolution_IP.prj/conv_2d.cpp:24:57) to (Convolution_IP.prj/conv_2d.cpp:104:4) in function 'conv_3x3_strm'... converting 13 basic blocks.
INFO: [XFORM 203-401] Performing if-conversion on hyperblock from (Convolution_IP.prj/conv_2d.cpp:24:57) to (Convolution_IP.prj/conv_2d.cpp:104:4) in function 'conv_3x3_strm'... converting 13 basic blocks.
INFO: [XFORM 203-401] Performing if-conversion on hyperblock from (Convolution_IP.prj/conv_2d.cpp:24:57) to (Convolution_IP.prj/conv_2d.cpp:104:4) in function 'conv_3x3_strm'... converting 13 basic blocks.
INFO: [XFORM 203-401] Performing if-conversion on hyperblock from (Convolution_IP.prj/conv_2d.cpp:24:57) to (Convolution_IP.prj/conv_2d.cpp:104:4) in function 'conv_3x3_strm'... converting 13 basic blocks.
INFO: [XFORM 203-401] Performing if-conversion on hyperblock from (Convolution_IP.prj/conv_2d.cpp:24:57) to (Convolution_IP.prj/conv_2d.cpp:104:4) in function 'conv_3x3_strm'... converting 13 basic blocks.
INFO: [XFORM 203-401] Performing if-conversion on hyperblock from (Convolution_IP.prj/conv_2d.cpp:24:57) to (Convolution_IP.prj/conv_2d.cpp:104:4) in function 'conv_3x3_strm'... converting 13 basic blocks.
INFO: [XFORM 203-401] Performing if-conversion on hyperblock from (Convolution_IP.prj/conv_2d.cpp:24:57) to (Convolution_IP.prj/conv_2d.cpp:104:4) in function 'conv_3x3_strm'... converting 13 basic blocks.
INFO: [XFORM 203-401] Performing if-conversion on hyperblock from (Convolution_IP.prj/conv_2d.cpp:24:57) to (Convolution_IP.prj/conv_2d.cpp:104:4) in function 'conv_3x3_strm'... converting 13 basic blocks.
INFO: [XFORM 203-401] Performing if-conversion on hyperblock from (Convolution_IP.prj/conv_2d.cpp:24:57) to (Convolution_IP.prj/conv_2d.cpp:104:4) in function 'conv_3x3_strm'... converting 13 basic blocks.
INFO: [XFORM 203-401] Performing if-conversion on hyperblock from (Convolution_IP.prj/conv_2d.cpp:24:57) to (Convolution_IP.prj/conv_2d.cpp:104:4) in function 'conv_3x3_strm'... converting 13 basic blocks.
INFO: [XFORM 203-401] Performing if-conversion on hyperblock from (Convolution_IP.prj/conv_2d.cpp:24:57) to (Convolution_IP.prj/conv_2d.cpp:104:4) in function 'conv_3x3_strm'... converting 13 basic blocks.
INFO: [XFORM 203-401] Performing if-conversion on hyperblock from (Convolution_IP.prj/conv_2d.cpp:24:57) to (Convolution_IP.prj/conv_2d.cpp:104:4) in function 'conv_3x3_strm'... converting 13 basic blocks.
INFO: [XFORM 203-401] Performing if-conversion on hyperblock from (Convolution_IP.prj/conv_2d.cpp:24:57) to (Convolution_IP.prj/conv_2d.cpp:104:4) in function 'conv_3x3_strm'... converting 13 basic blocks.
INFO: [XFORM 203-401] Performing if-conversion on hyperblock from (Convolution_IP.prj/conv_2d.cpp:24:57) to (Convolution_IP.prj/conv_2d.cpp:104:4) in function 'conv_3x3_strm'... converting 13 basic blocks.
INFO: [XFORM 203-401] Performing if-conversion on hyperblock from (Convolution_IP.prj/conv_2d.cpp:24:57) to (Convolution_IP.prj/conv_2d.cpp:104:4) in function 'conv_3x3_strm'... converting 13 basic blocks.
INFO: [XFORM 203-401] Performing if-conversion on hyperblock from (Convolution_IP.prj/conv_2d.cpp:24:57) to (Convolution_IP.prj/conv_2d.cpp:104:4) in function 'conv_3x3_strm'... converting 13 basic blocks.
INFO: [XFORM 203-401] Performing if-conversion on hyperblock from (Convolution_IP.prj/conv_2d.cpp:24:57) to (Convolution_IP.prj/conv_2d.cpp:104:4) in function 'conv_3x3_strm'... converting 13 basic blocks.
INFO: [XFORM 203-401] Performing if-conversion on hyperblock from (Convolution_IP.prj/conv_2d.cpp:24:57) to (Convolution_IP.prj/conv_2d.cpp:104:4) in function 'conv_3x3_strm'... converting 13 basic blocks.
INFO: [XFORM 203-401] Performing if-conversion on hyperblock from (Convolution_IP.prj/conv_2d.cpp:24:57) to (Convolution_IP.prj/conv_2d.cpp:104:4) in function 'conv_3x3_strm'... converting 13 basic blocks.
INFO: [XFORM 203-401] Performing if-conversion on hyperblock from (Convolution_IP.prj/conv_2d.cpp:24:57) to (Convolution_IP.prj/conv_2d.cpp:104:4) in function 'conv_3x3_strm'... converting 13 basic blocks.
INFO: [XFORM 203-401] Performing if-conversion on hyperblock from (Convolution_IP.prj/conv_2d.cpp:24:57) to (Convolution_IP.prj/conv_2d.cpp:104:4) in function 'conv_3x3_strm'... converting 13 basic blocks.
INFO: [XFORM 203-401] Performing if-conversion on hyperblock from (Convolution_IP.prj/conv_2d.cpp:24:57) to (Convolution_IP.prj/conv_2d.cpp:104:4) in function 'conv_3x3_strm'... converting 13 basic blocks.
INFO: [XFORM 203-401] Performing if-conversion on hyperblock from (Convolution_IP.prj/conv_2d.cpp:24:57) to (Convolution_IP.prj/conv_2d.cpp:104:4) in function 'conv_3x3_strm'... converting 13 basic blocks.
INFO: [XFORM 203-401] Performing if-conversion on hyperblock from (Convolution_IP.prj/conv_2d.cpp:24:57) to (Convolution_IP.prj/conv_2d.cpp:104:4) in function 'conv_3x3_strm'... converting 13 basic blocks.
INFO: [XFORM 203-401] Performing if-conversion on hyperblock from (Convolution_IP.prj/conv_2d.cpp:24:57) to (Convolution_IP.prj/conv_2d.cpp:104:4) in function 'conv_3x3_strm'... converting 13 basic blocks.
INFO: [XFORM 203-401] Performing if-conversion on hyperblock from (Convolution_IP.prj/conv_2d.cpp:24:57) to (Convolution_IP.prj/conv_2d.cpp:104:4) in function 'conv_3x3_strm'... converting 13 basic blocks.
INFO: [XFORM 203-401] Performing if-conversion on hyperblock from (Convolution_IP.prj/conv_2d.cpp:24:57) to (Convolution_IP.prj/conv_2d.cpp:104:4) in function 'conv_3x3_strm'... converting 13 basic blocks.
INFO: [XFORM 203-401] Performing if-conversion on hyperblock from (Convolution_IP.prj/conv_2d.cpp:24:57) to (Convolution_IP.prj/conv_2d.cpp:104:4) in function 'conv_3x3_strm'... converting 13 basic blocks.
INFO: [XFORM 203-401] Performing if-conversion on hyperblock from (Convolution_IP.prj/conv_2d.cpp:24:57) to (Convolution_IP.prj/conv_2d.cpp:104:4) in function 'conv_3x3_strm'... converting 13 basic blocks.
INFO: [XFORM 203-401] Performing if-conversion on hyperblock from (Convolution_IP.prj/conv_2d.cpp:24:57) to (Convolution_IP.prj/conv_2d.cpp:104:4) in function 'conv_3x3_strm'... converting 13 basic blocks.
INFO: [XFORM 203-401] Performing if-conversion on hyperblock from (Convolution_IP.prj/conv_2d.cpp:24:57) to (Convolution_IP.prj/conv_2d.cpp:104:4) in function 'conv_3x3_strm'... converting 13 basic blocks.
INFO: [XFORM 203-401] Performing if-conversion on hyperblock from (Convolution_IP.prj/conv_2d.cpp:24:57) to (Convolution_IP.prj/conv_2d.cpp:104:4) in function 'conv_3x3_strm'... converting 13 basic blocks.
INFO: [XFORM 203-401] Performing if-conversion on hyperblock from (Convolution_IP.prj/conv_2d.cpp:24:57) to (Convolution_IP.prj/conv_2d.cpp:104:4) in function 'conv_3x3_strm'... converting 13 basic blocks.
INFO: [XFORM 203-401] Performing if-conversion on hyperblock from (Convolution_IP.prj/conv_2d.cpp:24:57) to (Convolution_IP.prj/conv_2d.cpp:104:4) in function 'conv_3x3_strm'... converting 13 basic blocks.
INFO: [XFORM 203-401] Performing if-conversion on hyperblock from (Convolution_IP.prj/conv_2d.cpp:24:57) to (Convolution_IP.prj/conv_2d.cpp:104:4) in function 'conv_3x3_strm'... converting 13 basic blocks.
INFO: [XFORM 203-401] Performing if-conversion on hyperblock from (Convolution_IP.prj/conv_2d.cpp:24:57) to (Convolution_IP.prj/conv_2d.cpp:104:4) in function 'conv_3x3_strm'... converting 13 basic blocks.
INFO: [XFORM 203-401] Performing if-conversion on hyperblock from (Convolution_IP.prj/conv_2d.cpp:24:57) to (Convolution_IP.prj/conv_2d.cpp:104:4) in function 'conv_3x3_strm'... converting 13 basic blocks.
INFO: [XFORM 203-401] Performing if-conversion on hyperblock from (Convolution_IP.prj/conv_2d.cpp:24:57) to (Convolution_IP.prj/conv_2d.cpp:104:4) in function 'conv_3x3_strm'... converting 13 basic blocks.
INFO: [XFORM 203-401] Performing if-conversion on hyperblock from (Convolution_IP.prj/conv_2d.cpp:24:57) to (Convolution_IP.prj/conv_2d.cpp:104:4) in function 'conv_3x3_strm'... converting 13 basic blocks.
INFO: [XFORM 203-401] Performing if-conversion on hyperblock from (Convolution_IP.prj/conv_2d.cpp:24:57) to (Convolution_IP.prj/conv_2d.cpp:104:4) in function 'conv_3x3_strm'... converting 13 basic blocks.
INFO: [XFORM 203-401] Performing if-conversion on hyperblock from (Convolution_IP.prj/conv_2d.cpp:24:57) to (Convolution_IP.prj/conv_2d.cpp:104:4) in function 'conv_3x3_strm'... converting 13 basic blocks.
INFO: [XFORM 203-401] Performing if-conversion on hyperblock from (Convolution_IP.prj/conv_2d.cpp:24:57) to (Convolution_IP.prj/conv_2d.cpp:104:4) in function 'conv_3x3_strm'... converting 13 basic blocks.
INFO: [XFORM 203-401] Performing if-conversion on hyperblock from (Convolution_IP.prj/conv_2d.cpp:24:57) to (Convolution_IP.prj/conv_2d.cpp:104:4) in function 'conv_3x3_strm'... converting 13 basic blocks.
INFO: [XFORM 203-401] Performing if-conversion on hyperblock from (Convolution_IP.prj/conv_2d.cpp:24:57) to (Convolution_IP.prj/conv_2d.cpp:104:4) in function 'conv_3x3_strm'... converting 13 basic blocks.
INFO: [XFORM 203-401] Performing if-conversion on hyperblock from (Convolution_IP.prj/conv_2d.cpp:24:57) to (Convolution_IP.prj/conv_2d.cpp:104:4) in function 'conv_3x3_strm'... converting 13 basic blocks.
INFO: [XFORM 203-401] Performing if-conversion on hyperblock from (Convolution_IP.prj/conv_2d.cpp:24:57) to (Convolution_IP.prj/conv_2d.cpp:104:4) in function 'conv_3x3_strm'... converting 13 basic blocks.
INFO: [XFORM 203-401] Performing if-conversion on hyperblock from (Convolution_IP.prj/conv_2d.cpp:24:57) to (Convolution_IP.prj/conv_2d.cpp:104:4) in function 'conv_3x3_strm'... converting 13 basic blocks.
INFO: [XFORM 203-401] Performing if-conversion on hyperblock from (Convolution_IP.prj/conv_2d.cpp:24:57) to (Convolution_IP.prj/conv_2d.cpp:104:4) in function 'conv_3x3_strm'... converting 13 basic blocks.
INFO: [XFORM 203-401] Performing if-conversion on hyperblock from (Convolution_IP.prj/conv_2d.cpp:24:57) to (Convolution_IP.prj/conv_2d.cpp:104:4) in function 'conv_3x3_strm'... converting 13 basic blocks.
INFO: [XFORM 203-401] Performing if-conversion on hyperblock from (Convolution_IP.prj/conv_2d.cpp:24:57) to (Convolution_IP.prj/conv_2d.cpp:104:4) in function 'conv_3x3_strm'... converting 13 basic blocks.
INFO: [XFORM 203-401] Performing if-conversion on hyperblock from (Convolution_IP.prj/conv_2d.cpp:24:57) to (Convolution_IP.prj/conv_2d.cpp:104:4) in function 'conv_3x3_strm'... converting 13 basic blocks.
INFO: [XFORM 203-401] Performing if-conversion on hyperblock from (Convolution_IP.prj/conv_2d.cpp:24:57) to (Convolution_IP.prj/conv_2d.cpp:104:4) in function 'conv_3x3_strm'... converting 13 basic blocks.
INFO: [XFORM 203-401] Performing if-conversion on hyperblock from (Convolution_IP.prj/conv_2d.cpp:24:57) to (Convolution_IP.prj/conv_2d.cpp:104:4) in function 'conv_3x3_strm'... converting 13 basic blocks.
INFO: [XFORM 203-401] Performing if-conversion on hyperblock from (Convolution_IP.prj/conv_2d.cpp:24:57) to (Convolution_IP.prj/conv_2d.cpp:104:4) in function 'conv_3x3_strm'... converting 13 basic blocks.
INFO: [XFORM 203-401] Performing if-conversion on hyperblock from (Convolution_IP.prj/conv_2d.cpp:24:57) to (Convolution_IP.prj/conv_2d.cpp:104:4) in function 'conv_3x3_strm'... converting 13 basic blocks.
INFO: [XFORM 203-401] Performing if-conversion on hyperblock from (Convolution_IP.prj/conv_2d.cpp:24:57) to (Convolution_IP.prj/conv_2d.cpp:104:4) in function 'conv_3x3_strm'... converting 13 basic blocks.
INFO: [XFORM 203-401] Performing if-conversion on hyperblock from (Convolution_IP.prj/conv_2d.cpp:24:57) to (Convolution_IP.prj/conv_2d.cpp:104:4) in function 'conv_3x3_strm'... converting 13 basic blocks.
INFO: [XFORM 203-401] Performing if-conversion on hyperblock from (Convolution_IP.prj/conv_2d.cpp:24:57) to (Convolution_IP.prj/conv_2d.cpp:104:4) in function 'conv_3x3_strm'... converting 13 basic blocks.
INFO: [XFORM 203-401] Performing if-conversion on hyperblock from (Convolution_IP.prj/conv_2d.cpp:24:57) to (Convolution_IP.prj/conv_2d.cpp:104:4) in function 'conv_3x3_strm'... converting 13 basic blocks.
INFO: [XFORM 203-401] Performing if-conversion on hyperblock from (Convolution_IP.prj/conv_2d.cpp:24:57) to (Convolution_IP.prj/conv_2d.cpp:104:4) in function 'conv_3x3_strm'... converting 13 basic blocks.
INFO: [XFORM 203-401] Performing if-conversion on hyperblock from (Convolution_IP.prj/conv_2d.cpp:24:57) to (Convolution_IP.prj/conv_2d.cpp:104:4) in function 'conv_3x3_strm'... converting 13 basic blocks.
INFO: [XFORM 203-401] Performing if-conversion on hyperblock from (Convolution_IP.prj/conv_2d.cpp:24:57) to (Convolution_IP.prj/conv_2d.cpp:104:4) in function 'conv_3x3_strm'... converting 13 basic blocks.
INFO: [XFORM 203-401] Performing if-conversion on hyperblock from (Convolution_IP.prj/conv_2d.cpp:24:57) to (Convolution_IP.prj/conv_2d.cpp:104:4) in function 'conv_3x3_strm'... converting 13 basic blocks.
INFO: [XFORM 203-401] Performing if-conversion on hyperblock from (Convolution_IP.prj/conv_2d.cpp:24:57) to (Convolution_IP.prj/conv_2d.cpp:104:4) in function 'conv_3x3_strm'... converting 13 basic blocks.
INFO: [XFORM 203-401] Performing if-conversion on hyperblock from (Convolution_IP.prj/conv_2d.cpp:24:57) to (Convolution_IP.prj/conv_2d.cpp:104:4) in function 'conv_3x3_strm'... converting 13 basic blocks.
INFO: [XFORM 203-401] Performing if-conversion on hyperblock from (Convolution_IP.prj/conv_2d.cpp:24:57) to (Convolution_IP.prj/conv_2d.cpp:104:4) in function 'conv_3x3_strm'... converting 13 basic blocks.
INFO: [XFORM 203-401] Performing if-conversion on hyperblock from (Convolution_IP.prj/conv_2d.cpp:24:57) to (Convolution_IP.prj/conv_2d.cpp:104:4) in function 'conv_3x3_strm'... converting 13 basic blocks.
INFO: [XFORM 203-401] Performing if-conversion on hyperblock from (Convolution_IP.prj/conv_2d.cpp:24:57) to (Convolution_IP.prj/conv_2d.cpp:104:4) in function 'conv_3x3_strm'... converting 13 basic blocks.
INFO: [XFORM 203-401] Performing if-conversion on hyperblock from (Convolution_IP.prj/conv_2d.cpp:24:57) to (Convolution_IP.prj/conv_2d.cpp:104:4) in function 'conv_3x3_strm'... converting 13 basic blocks.
INFO: [XFORM 203-401] Performing if-conversion on hyperblock from (Convolution_IP.prj/conv_2d.cpp:24:57) to (Convolution_IP.prj/conv_2d.cpp:104:4) in function 'conv_3x3_strm'... converting 13 basic blocks.
INFO: [XFORM 203-401] Performing if-conversion on hyperblock from (Convolution_IP.prj/conv_2d.cpp:24:57) to (Convolution_IP.prj/conv_2d.cpp:104:4) in function 'conv_3x3_strm'... converting 13 basic blocks.
INFO: [XFORM 203-401] Performing if-conversion on hyperblock from (Convolution_IP.prj/conv_2d.cpp:24:57) to (Convolution_IP.prj/conv_2d.cpp:104:4) in function 'conv_3x3_strm'... converting 13 basic blocks.
INFO: [XFORM 203-401] Performing if-conversion on hyperblock from (Convolution_IP.prj/conv_2d.cpp:24:57) to (Convolution_IP.prj/conv_2d.cpp:104:4) in function 'conv_3x3_strm'... converting 13 basic blocks.
INFO: [XFORM 203-401] Performing if-conversion on hyperblock from (Convolution_IP.prj/conv_2d.cpp:24:57) to (Convolution_IP.prj/conv_2d.cpp:104:4) in function 'conv_3x3_strm'... converting 13 basic blocks.
INFO: [XFORM 203-401] Performing if-conversion on hyperblock from (Convolution_IP.prj/conv_2d.cpp:24:57) to (Convolution_IP.prj/conv_2d.cpp:104:4) in function 'conv_3x3_strm'... converting 13 basic blocks.
INFO: [XFORM 203-401] Performing if-conversion on hyperblock from (Convolution_IP.prj/conv_2d.cpp:24:57) to (Convolution_IP.prj/conv_2d.cpp:104:4) in function 'conv_3x3_strm'... converting 13 basic blocks.
INFO: [XFORM 203-401] Performing if-conversion on hyperblock from (Convolution_IP.prj/conv_2d.cpp:24:57) to (Convolution_IP.prj/conv_2d.cpp:104:4) in function 'conv_3x3_strm'... converting 13 basic blocks.
INFO: [XFORM 203-401] Performing if-conversion on hyperblock from (Convolution_IP.prj/conv_2d.cpp:24:57) to (Convolution_IP.prj/conv_2d.cpp:104:4) in function 'conv_3x3_strm'... converting 13 basic blocks.
INFO: [XFORM 203-401] Performing if-conversion on hyperblock from (Convolution_IP.prj/conv_2d.cpp:24:57) to (Convolution_IP.prj/conv_2d.cpp:104:4) in function 'conv_3x3_strm'... converting 13 basic blocks.
INFO: [XFORM 203-11] Balancing expressions in function 'borders_ok' (Convolution_IP.prj/conv_2d.cpp:18)...3 expression(s) balanced.
INFO: [HLS 200-111] Finished Pre-synthesis Time (s): cpu = 00:12:16 ; elapsed = 00:12:32 . Memory (MB): peak = 745.652 ; gain = 690.941
INFO: [HLS 200-111] Finished Architecture Synthesis Time (s): cpu = 00:15:23 ; elapsed = 00:15:40 . Memory (MB): peak = 745.652 ; gain = 690.941
INFO: [HLS 200-10] Starting hardware synthesis ...
INFO: [HLS 200-10] Synthesizing 'conv_3x3_strm' ...
INFO: [HLS 200-10] ----------------------------------------------------------------
INFO: [HLS 200-42] -- Implementing module 'borders_ok'
INFO: [HLS 200-10] ----------------------------------------------------------------
INFO: [SCHED 204-11] Starting scheduling ...
INFO: [SCHED 204-61] Pipelining function 'borders_ok'.
INFO: [SCHED 204-61] Pipelining result : Target II = 1, Final II = 1, Depth = 1.
INFO: [SCHED 204-11] Finished scheduling.
INFO: [HLS 200-111]  Elapsed time: 989.67 seconds; current allocated memory: 364.926 MB.
INFO: [BIND 205-100] Starting micro-architecture generation ...
INFO: [BIND 205-101] Performing variable lifetime analysis.
INFO: [BIND 205-101] Exploring resource sharing.
INFO: [BIND 205-101] Binding ...
INFO: [BIND 205-100] Finished micro-architecture generation.
INFO: [HLS 200-111]  Elapsed time: 0.246 seconds; current allocated memory: 364.991 MB.
INFO: [HLS 200-10] ----------------------------------------------------------------
INFO: [HLS 200-42] -- Implementing module 'conv_3x3_strm'
INFO: [HLS 200-10] ----------------------------------------------------------------
INFO: [SCHED 204-11] Starting scheduling ...
INFO: [SCHED 204-61] Pipelining loop 'init_linebuf_0'.
INFO: [SCHED 204-61] Pipelining result : Target II = 1, Final II = 1, Depth = 1.
INFO: [SCHED 204-61] Pipelining loop 'init_linebuf_1'.
INFO: [SCHED 204-61] Pipelining result : Target II = 1, Final II = 1, Depth = 2.
INFO: [SCHED 204-61] Pipelining loop 'init_linebuf_2'.
INFO: [SCHED 204-61] Pipelining result : Target II = 1, Final II = 1, Depth = 2.
INFO: [SCHED 204-61] Pipelining loop 'for_i_pixel'.
WARNING: [SCHED 204-68] Unable to enforce a carried dependence constraint (II = 1, distance = 1, offset = 0)
   between 'phi' operation ('window[2][2]') with incoming values : ('window[2][2]', Convolution_IP.prj/conv_2d.cpp:77) ('tmp', Convolution_IP.prj/conv_2d.cpp:107) and 'br' operation (Convolution_IP.prj/conv_2d.cpp:104).
WARNING: [SCHED 204-68] Unable to enforce a carried dependence constraint (II = 2, distance = 1, offset = 0)
   between 'phi' operation ('window[2][2]') with incoming values : ('window[2][2]', Convolution_IP.prj/conv_2d.cpp:77) ('tmp', Convolution_IP.prj/conv_2d.cpp:107) and 'br' operation (Convolution_IP.prj/conv_2d.cpp:104).
WARNING: [SCHED 204-68] Unable to enforce a carried dependence constraint (II = 3, distance = 1, offset = 0)
   between 'phi' operation ('window[2][2]') with incoming values : ('window[2][2]', Convolution_IP.prj/conv_2d.cpp:77) ('tmp', Convolution_IP.prj/conv_2d.cpp:107) and 'br' operation (Convolution_IP.prj/conv_2d.cpp:104).
WARNING: [SCHED 204-68] Unable to enforce a carried dependence constraint (II = 4, distance = 1, offset = 0)
   between 'phi' operation ('window[2][2]') with incoming values : ('window[2][2]', Convolution_IP.prj/conv_2d.cpp:77) ('tmp', Convolution_IP.prj/conv_2d.cpp:107) and 'br' operation (Convolution_IP.prj/conv_2d.cpp:104).
WARNING: [SCHED 204-68] Unable to enforce a carried dependence constraint (II = 130, distance = 1, offset = 0)
   between 'phi' operation ('window[2][2]') with incoming values : ('window[2][2]', Convolution_IP.prj/conv_2d.cpp:77) ('tmp', Convolution_IP.prj/conv_2d.cpp:107) and 'br' operation (Convolution_IP.prj/conv_2d.cpp:104).
WARNING: [SCHED 204-68] Unable to enforce a carried dependence constraint (II = 193, distance = 1, offset = 0)
   between 'phi' operation ('window[2][2]') with incoming values : ('window[2][2]', Convolution_IP.prj/conv_2d.cpp:77) ('tmp', Convolution_IP.prj/conv_2d.cpp:107) and 'br' operation (Convolution_IP.prj/conv_2d.cpp:104).
WARNING: [SCHED 204-68] Unable to enforce a carried dependence constraint (II = 225, distance = 1, offset = 0)
   between 'phi' operation ('window[2][2]') with incoming values : ('window[2][2]', Convolution_IP.prj/conv_2d.cpp:77) ('tmp', Convolution_IP.prj/conv_2d.cpp:107) and 'br' operation (Convolution_IP.prj/conv_2d.cpp:104).
WARNING: [SCHED 204-68] Unable to enforce a carried dependence constraint (II = 241, distance = 1, offset = 0)
   between 'phi' operation ('window[2][2]') with incoming values : ('window[2][2]', Convolution_IP.prj/conv_2d.cpp:77) ('tmp', Convolution_IP.prj/conv_2d.cpp:107) and 'br' operation (Convolution_IP.prj/conv_2d.cpp:104).
WARNING: [SCHED 204-68] Unable to enforce a carried dependence constraint (II = 249, distance = 1, offset = 0)
   between 'phi' operation ('window[2][2]') with incoming values : ('window[2][2]', Convolution_IP.prj/conv_2d.cpp:77) ('tmp', Convolution_IP.prj/conv_2d.cpp:107) and 'br' operation (Convolution_IP.prj/conv_2d.cpp:104).
WARNING: [SCHED 204-68] Unable to enforce a carried dependence constraint (II = 253, distance = 1, offset = 0)
   between 'phi' operation ('window[2][2]') with incoming values : ('window[2][2]', Convolution_IP.prj/conv_2d.cpp:77) ('tmp', Convolution_IP.prj/conv_2d.cpp:107) and 'br' operation (Convolution_IP.prj/conv_2d.cpp:104).
WARNING: [SCHED 204-68] Unable to enforce a carried dependence constraint (II = 255, distance = 1, offset = 1)
   between fifo write on port 'out_stream_V' (Convolution_IP.prj/conv_2d.cpp:97) and fifo write on port 'out_stream_V' (Convolution_IP.prj/conv_2d.cpp:97).
INFO: [SCHED 204-61] Pipelining result : Target II = 1, Final II = 256, Depth = 260.
WARNING: [SCHED 204-21] Estimated clock period (9.14325ns) exceeds the target (target clock period: 8ns, clock uncertainty: 1ns, effective delay budget: 7ns).
WARNING: [SCHED 204-21] The critical path consists of the following:
	'call' operation ('tmp_13_0_2_1', Convolution_IP.prj/conv_2d.cpp:30->Convolution_IP.prj/conv_2d.cpp:95) to 'borders_ok' (6.24 ns)
	'and' operation ('brmerge_demorgan_i_0_6', Convolution_IP.prj/conv_2d.cpp:30->Convolution_IP.prj/conv_2d.cpp:95) (0.931 ns)
	'select' operation ('result_2_i_0_2_0_s', Convolution_IP.prj/conv_2d.cpp:30->Convolution_IP.prj/conv_2d.cpp:95) (0 ns)
	'add' operation ('result_0_2_2', Convolution_IP.prj/conv_2d.cpp:31->Convolution_IP.prj/conv_2d.cpp:95) (1.98 ns)
INFO: [SCHED 204-11] Finished scheduling.
INFO: [HLS 200-111]  Elapsed time: 1158.26 seconds; current allocated memory: 532.556 MB.
INFO: [BIND 205-100] Starting micro-architecture generation ...
INFO: [BIND 205-101] Performing variable lifetime analysis.
INFO: [BIND 205-101] Exploring resource sharing.
INFO: [BIND 205-101] Binding ...
INFO: [BIND 205-100] Finished micro-architecture generation.
INFO: [HLS 200-111]  Elapsed time: 43.082 seconds; current allocated memory: 607.270 MB.
INFO: [HLS 200-10] ----------------------------------------------------------------
INFO: [HLS 200-10] -- Generating RTL for module 'borders_ok'
INFO: [HLS 200-10] ----------------------------------------------------------------
INFO: [RTGEN 206-100] Finished creating RTL model for 'borders_ok'.
INFO: [HLS 200-111]  Elapsed time: 25.364 seconds; current allocated memory: 617.455 MB.
INFO: [HLS 200-10] ----------------------------------------------------------------
INFO: [HLS 200-10] -- Generating RTL for module 'conv_3x3_strm'
INFO: [HLS 200-10] ----------------------------------------------------------------
INFO: [RTGEN 206-500] Setting interface mode on port 'conv_3x3_strm/out_stream_V' to 'ap_fifo'.
INFO: [RTGEN 206-500] Setting interface mode on port 'conv_3x3_strm/in_stream_V' to 'ap_fifo'.
INFO: [RTGEN 206-500] Setting interface mode on function 'conv_3x3_strm' to 'ap_ctrl_hs'.
INFO: [SYN 201-210] Renamed object name 'conv_3x3_strm_line_buf_0' to 'conv_3x3_strm_linbkb' due to the length limit 20
INFO: [SYN 201-210] Renamed object name 'conv_3x3_strm_line_buf_1' to 'conv_3x3_strm_lincud' due to the length limit 20
INFO: [RTGEN 206-100] Finished creating RTL model for 'conv_3x3_strm'.
INFO: [HLS 200-111]  Elapsed time: 8.122 seconds; current allocated memory: 729.519 MB.
INFO: [RTMG 210-278] Implementing memory 'conv_3x3_strm_linbkb_ram (RAM)' using block RAMs.
INFO: [HLS 200-111] Finished generating all RTL models Time (s): cpu = 00:38:07 ; elapsed = 00:39:00 . Memory (MB): peak = 1853.594 ; gain = 1798.883
INFO: [SYSC 207-301] Generating SystemC RTL for conv_3x3_strm.
INFO: [VHDL 208-304] Generating VHDL RTL for conv_3x3_strm.
INFO: [VLOG 209-307] Generating Verilog RTL for conv_3x3_strm.
INFO: [HLS 200-112] Total elapsed time: 2340.74 seconds; peak allocated memory: 729.519 MB.
