INFO: [HLS 200-0] Workspace C:/Users/Kristoffer/Documents/Embedded_Real_Time_Exercises/Project/Convolution_IP.prj/solution2 opened at Thu Dec 03 19:30:26 +0100 2020
Execute     config_clock -quiet -name default -period 8 -default=false 
INFO: [SYN 201-201] Setting up clock 'default' with a period of 8ns.
Command     config_clock returned 0; 0 sec.
Execute     open_platform DefaultPlatform 
Command     open_platform returned 0; 0 sec.
Execute     import_lib C:/Xilinx/Vivado/2017.4/common/technology/xilinx/zynq/zynq 
Execute       source C:/Xilinx/Vivado/2017.4/common/technology/xilinx/common/xilinx.lib 
Execute         source C:/Xilinx/Vivado/2017.4/common/technology/xilinx/interface/xilinx_interface.lib 
Execute           source C:/Xilinx/Vivado/2017.4/common/technology/xilinx/interface/plb46.lib 
Command           ap_source returned 0; 0 sec.
Execute           source C:/Xilinx/Vivado/2017.4/common/technology/xilinx/interface/fsl.lib 
Command           ap_source returned 0; 0.001 sec.
Execute           source C:/Xilinx/Vivado/2017.4/common/technology/xilinx/interface/axi4.lib 
Command           ap_source returned 0; 0 sec.
Execute           source C:/Xilinx/Vivado/2017.4/common/technology/xilinx/interface/maxi.lib 
Command           ap_source returned 0; 0 sec.
Execute           source C:/Xilinx/Vivado/2017.4/common/technology/xilinx/interface/saxilite.lib 
Command           ap_source returned 0; 0 sec.
Command         ap_source returned 0; 0.001 sec.
Execute         source C:/Xilinx/Vivado/2017.4/common/technology/xilinx/common/dsp48.lib 
Command         ap_source returned 0; 0.001 sec.
Execute         source C:/Xilinx/Vivado/2017.4/common/technology/xilinx/ip/dds_compiler.lib 
Command         ap_source returned 0; 0 sec.
Execute         source C:/Xilinx/Vivado/2017.4/common/technology/xilinx/ip/xfft.lib 
Command         ap_source returned 0; 0 sec.
Execute         source C:/Xilinx/Vivado/2017.4/common/technology/xilinx/ip/xfir.lib 
Command         ap_source returned 0; 0 sec.
Command       ap_source returned 0; 0.004 sec.
Execute       source C:/Xilinx/Vivado/2017.4/common/technology/xilinx/common/xilinx_old.lib 
Command       ap_source returned 0; 0.001 sec.
Execute       source C:/Xilinx/Vivado/2017.4/common/technology/xilinx/common/xilinx_vivado.lib 
Command       ap_source returned 0; 0.001 sec.
Execute       source C:/Xilinx/Vivado/2017.4/common/technology/xilinx/common/xilinx.hlp 
Execute         source C:/Xilinx/Vivado/2017.4/common/technology/xilinx/common/target_info.tcl 
Command         ap_source returned 0; 0.001 sec.
Execute         source C:/Xilinx/Vivado/2017.4/common/technology/xilinx/interface/xilinx_interface.hlp 
Execute           source C:/Xilinx/Vivado/2017.4/common/technology/xilinx/interface/maxi.hlp 
Command           ap_source returned 0; 0 sec.
Execute           source C:/Xilinx/Vivado/2017.4/common/technology/xilinx/interface/saxilite.hlp 
Command           ap_source returned 0; 0 sec.
Command         ap_source returned 0; 0 sec.
Execute         source C:/Xilinx/Vivado/2017.4/common/technology/xilinx/common/dsp48.hlp 
Command         ap_source returned 0; 0.002 sec.
Command       ap_source returned 0; 0.004 sec.
Execute       source C:/Xilinx/Vivado/2017.4/common/technology/xilinx/zynq/dsp48e1.hlp 
Command       ap_source returned 0; 0 sec.
Execute       get_default_platform 
Command       get_default_platform returned 0; 0 sec.
Execute       config_chip_info -quiet -resource  {SLICE 13300}  {LUT 53200}     {FF 106400} {DSP48E 220}   {BRAM 280}  
Command       config_chip_info returned 0; 0 sec.
Execute       config_chip_info -quiet -speed medium 
Command       config_chip_info returned 0; 0 sec.
Execute       source C:/Xilinx/Vivado/2017.4/common/technology/xilinx/common/xilinx.hlp 
Execute         source C:/Xilinx/Vivado/2017.4/common/technology/xilinx/common/target_info.tcl 
Command         ap_source returned 0; 0.001 sec.
Execute         source C:/Xilinx/Vivado/2017.4/common/technology/xilinx/interface/xilinx_interface.hlp 
Execute           source C:/Xilinx/Vivado/2017.4/common/technology/xilinx/interface/maxi.hlp 
Command           ap_source returned 0; 0 sec.
Execute           source C:/Xilinx/Vivado/2017.4/common/technology/xilinx/interface/saxilite.hlp 
Command           ap_source returned 0; 0 sec.
Command         ap_source returned 0; 0 sec.
Execute         source C:/Xilinx/Vivado/2017.4/common/technology/xilinx/common/dsp48.hlp 
Command         ap_source returned 0; 0.001 sec.
Command       ap_source returned 0; 0.004 sec.
Command     import_lib returned 0; 0.019 sec.
Execute     source C:/Xilinx/Vivado/2017.4/common/technology/xilinx/zynq/zynq.gen 
Execute       source C:/Xilinx/Vivado/2017.4/common/technology/xilinx/common/virtex.gen 
Execute         source C:/Xilinx/Vivado/2017.4/common/technology/xilinx/common/xilinx.gen 
Execute           source C:/Xilinx/Vivado/2017.4/common/technology/xilinx/interface/plb46.gen 
Command           ap_source returned 0; 0.001 sec.
Execute           source C:/Xilinx/Vivado/2017.4/common/technology/xilinx/interface/fsl.gen 
Command           ap_source returned 0; 0.001 sec.
Execute           source C:/Xilinx/Vivado/2017.4/common/technology/xilinx/interface/axi4.gen 
Command           ap_source returned 0; 0.001 sec.
Execute           source C:/Xilinx/Vivado/2017.4/common/technology/xilinx/interface/nativeAXI4.gen 
Execute             source C:/Xilinx/Vivado/2017.4/common/technology/xilinx/interface/saxilite.gen 
Command             ap_source returned 0; 0.003 sec.
Execute             source C:/Xilinx/Vivado/2017.4/common/technology/xilinx/interface/maxi.gen 
Command             ap_source returned 0; 0.006 sec.
Command           ap_source returned 0; 0.01 sec.
Execute           source C:/Xilinx/Vivado/2017.4/common/technology/xilinx/scripts/xilinxcoregen.gen 
Command           ap_source returned 0; 0.01 sec.
Execute           source C:/Xilinx/Vivado/2017.4/common/technology/xilinx/interface/XilEDKCoreGen.gen 
Command           ap_source returned 0; 0.006 sec.
Execute           source C:/Xilinx/Vivado/2017.4/common/technology/xilinx/ip/dds_compiler.gen 
Command           ap_source returned 0; 0.003 sec.
Execute           source C:/Xilinx/Vivado/2017.4/common/technology/xilinx/ip/util.gen 
Command           ap_source returned 0; 0 sec.
Execute           source C:/Xilinx/Vivado/2017.4/common/technology/xilinx/ip/xfft.gen 
Command           ap_source returned 0; 0.078 sec.
Execute           source C:/Xilinx/Vivado/2017.4/common/technology/xilinx/ip/xfir.gen 
Command           ap_source returned 0; 0.001 sec.
Command         ap_source returned 0; 0.111 sec.
Execute         source C:/Xilinx/Vivado/2017.4/common/technology/xilinx/common/dsp48.gen 
Command         ap_source returned 0; 0 sec.
Command       ap_source returned 0; 0.114 sec.
Command     ap_source returned 0; 0.114 sec.
Execute     open_platform DefaultPlatform 
Command     open_platform returned 0; 0 sec.
Execute     import_lib C:/Xilinx/Vivado/2017.4/common/technology/xilinx/zynq/zynq_fpv6 
Execute       source C:/Xilinx/Vivado/2017.4/common/technology/xilinx/common/xilinx_fpv7.lib 
Execute         source C:/Xilinx/Vivado/2017.4/common/technology/xilinx/common/xilinx_hp.lib 
Command         ap_source returned 0; 0.001 sec.
Command       ap_source returned 0; 0.004 sec.
Execute       source C:/Xilinx/Vivado/2017.4/common/technology/xilinx/common/xilinx_fpv.hlp 
Execute         source C:/Xilinx/Vivado/2017.4/common/technology/xilinx/common/xilinx.hlp 
Execute           source C:/Xilinx/Vivado/2017.4/common/technology/xilinx/common/target_info.tcl 
Command           ap_source returned 0; 0.023 sec.
Execute           source C:/Xilinx/Vivado/2017.4/common/technology/xilinx/interface/xilinx_interface.hlp 
Execute             source C:/Xilinx/Vivado/2017.4/common/technology/xilinx/interface/maxi.hlp 
Command             ap_source returned 0; 0 sec.
Execute             source C:/Xilinx/Vivado/2017.4/common/technology/xilinx/interface/saxilite.hlp 
Command             ap_source returned 0; 0 sec.
Command           ap_source returned 0; 0 sec.
Execute           source C:/Xilinx/Vivado/2017.4/common/technology/xilinx/common/dsp48.hlp 
Command           ap_source returned 0; 0.001 sec.
Command         ap_source returned 0; 0.025 sec.
Command       ap_source returned 0; 0.026 sec.
Execute       source C:/Xilinx/Vivado/2017.4/common/technology/xilinx/zynq/zynq_hp.hlp 
Command       ap_source returned 0; 0.002 sec.
Command     import_lib returned 0; 0.039 sec.
Execute     source C:/Xilinx/Vivado/2017.4/common/technology/xilinx/zynq/zynq_fpv6.gen 
Execute       source C:/Xilinx/Vivado/2017.4/common/technology/xilinx/common/xilinx_fpv6.gen 
Command       ap_source returned 0; 0.002 sec.
Command     ap_source returned 0; 0.002 sec.
Execute     set_part xc7z010clg400-1 
Execute       add_library xilinx/zynq/zynq:xc7z010:clg400:-1 
Execute         get_default_platform 
Command         get_default_platform returned 0; 0 sec.
Execute         license_isbetapart xc7z010 
Command         license_isbetapart returned 1; 0.165 sec.
Execute         get_default_platform 
Command         get_default_platform returned 0; 0 sec.
Execute         config_chip_info -quiet -resource  {SLICE 4400}   {LUT 17600}     {FF 35200}  {DSP48E 80}    {BRAM 120}  
Command         config_chip_info returned 0; 0 sec.
Execute         config_chip_info -quiet -speed slow 
Command         config_chip_info returned 0; 0 sec.
Command       add_library returned 0; 0.177 sec.
Execute       add_library xilinx/zynq/zynq_fpv6 
Execute         get_default_platform 
Command         get_default_platform returned 0; 0 sec.
Command       add_library returned 0; 0.002 sec.
INFO: [HLS 200-10] Setting target device to 'xc7z010clg400-1'
Execute       get_default_platform 
Command       get_default_platform returned 0; 0 sec.
Command     set_part returned 0; 0.227 sec.
Execute     get_default_platform 
Command     get_default_platform returned 0; 0 sec.
Execute     config_chip_info -quiet -resource  {SLICE 4400}   {LUT 17600}     {FF 35200}  {DSP48E 80}    {BRAM 120}  
Command     config_chip_info returned 0; 0 sec.
Execute     config_chip_info -quiet -speed slow 
Command     config_chip_info returned 0; 0 sec.
Command   open_solution returned 0; 0.44 sec.
Execute   export_design -flow impl -rtl vhdl -format ip_catalog 
Execute     source C:/Users/Kristoffer/Documents/Embedded_Real_Time_Exercises/Project/Convolution_IP.prj/solution2/.autopilot/db/global.setting.tcl 
Command     ap_source returned 0; 0.001 sec.
Execute     source C:/Xilinx/Vivado/2017.4/common/technology/generic/autopilot/common.gen 
Execute       source C:/Xilinx/Vivado/2017.4/common/technology/generic/autopilot/APCoreGen.gen 
Command       ap_source returned 0; 0 sec.
Command     ap_source returned 0; 0.001 sec.
Execute     source C:/Xilinx/Vivado/2017.4/common/technology/generic/autopilot/op.gen 
Command     ap_source returned 0; 0 sec.
Execute     source C:/Xilinx/Vivado/2017.4/common/technology/generic/autopilot/op_simcore.gen 
Command     ap_source returned 0; 0.001 sec.
Execute     source C:/Xilinx/Vivado/2017.4/common/technology/generic/autopilot/interface.gen 
Command     ap_source returned 0; 0 sec.
Execute     source C:/Users/Kristoffer/Documents/Embedded_Real_Time_Exercises/Project/Convolution_IP.prj/solution2/.autopilot/db/global.setting.tcl 
Command     ap_source returned 0; 0.001 sec.
Execute     source C:/Xilinx/Vivado/2017.4/common/technology/xilinx/zynq/zynq.gen 
Execute       source C:/Xilinx/Vivado/2017.4/common/technology/xilinx/common/virtex.gen 
Execute         source C:/Xilinx/Vivado/2017.4/common/technology/xilinx/common/xilinx.gen 
Execute           source C:/Xilinx/Vivado/2017.4/common/technology/xilinx/interface/plb46.gen 
Command           ap_source returned 0; 0.001 sec.
Execute           source C:/Xilinx/Vivado/2017.4/common/technology/xilinx/interface/fsl.gen 
Command           ap_source returned 0; 0 sec.
Execute           source C:/Xilinx/Vivado/2017.4/common/technology/xilinx/interface/axi4.gen 
Command           ap_source returned 0; 0.002 sec.
Execute           source C:/Xilinx/Vivado/2017.4/common/technology/xilinx/interface/nativeAXI4.gen 
Execute             source C:/Xilinx/Vivado/2017.4/common/technology/xilinx/interface/saxilite.gen 
Command             ap_source returned 0; 0.003 sec.
Execute             source C:/Xilinx/Vivado/2017.4/common/technology/xilinx/interface/maxi.gen 
Command             ap_source returned 0; 0.006 sec.
Command           ap_source returned 0; 0.009 sec.
Execute           source C:/Xilinx/Vivado/2017.4/common/technology/xilinx/scripts/xilinxcoregen.gen 
Command           ap_source returned 0; 0.011 sec.
Execute           source C:/Xilinx/Vivado/2017.4/common/technology/xilinx/interface/XilEDKCoreGen.gen 
Command           ap_source returned 0; 0.007 sec.
Execute           source C:/Xilinx/Vivado/2017.4/common/technology/xilinx/ip/dds_compiler.gen 
Command           ap_source returned 0; 0.003 sec.
Execute           source C:/Xilinx/Vivado/2017.4/common/technology/xilinx/ip/util.gen 
Command           ap_source returned 0; 0 sec.
Execute           source C:/Xilinx/Vivado/2017.4/common/technology/xilinx/ip/xfft.gen 
Command           ap_source returned 0; 0.07 sec.
Execute           source C:/Xilinx/Vivado/2017.4/common/technology/xilinx/ip/xfir.gen 
Command           ap_source returned 0; 0.001 sec.
Command         ap_source returned 0; 0.104 sec.
Execute         source C:/Xilinx/Vivado/2017.4/common/technology/xilinx/common/dsp48.gen 
Command         ap_source returned 0; 0 sec.
Command       ap_source returned 0; 0.106 sec.
Command     ap_source returned 0; 0.106 sec.
Execute     source C:/Xilinx/Vivado/2017.4/common/technology/xilinx/zynq/zynq_fpv6.gen 
Execute       source C:/Xilinx/Vivado/2017.4/common/technology/xilinx/common/xilinx_fpv6.gen 
Command       ap_source returned 0; 0.002 sec.
Command     ap_source returned 0; 0.002 sec.
Execute     source C:/Users/Kristoffer/Documents/Embedded_Real_Time_Exercises/Project/Convolution_IP.prj/solution2/.autopilot/db/global.setting.tcl 
Command     ap_source returned 0; 0.001 sec.
INFO: [IMPL 213-8] Exporting RTL as a Vivado IP.
Execute     source C:/Users/Kristoffer/Documents/Embedded_Real_Time_Exercises/Project/Convolution_IP.prj/solution2/.autopilot/db/global.setting.tcl 
Command     ap_source returned 0; 0.001 sec.
Execute     source C:/Users/Kristoffer/Documents/Embedded_Real_Time_Exercises/Project/Convolution_IP.prj/solution2/.autopilot/db/global.setting.tcl 
Command     ap_source returned 0; 0.001 sec.
Execute     source C:/Xilinx/Vivado/2017.4/common/technology/generic/autopilot/common.gen 
Execute       source C:/Xilinx/Vivado/2017.4/common/technology/generic/autopilot/APCoreGen.gen 
Command       ap_source returned 0; 0.001 sec.
Command     ap_source returned 0; 0.001 sec.
Execute     source C:/Xilinx/Vivado/2017.4/common/technology/generic/autopilot/op.gen 
Command     ap_source returned 0; 0 sec.
Execute     source C:/Xilinx/Vivado/2017.4/common/technology/generic/autopilot/op_simcore.gen 
Command     ap_source returned 0; 0.001 sec.
Execute     source C:/Xilinx/Vivado/2017.4/common/technology/generic/autopilot/interface.gen 
Command     ap_source returned 0; 0 sec.
Execute     source C:/Users/Kristoffer/Documents/Embedded_Real_Time_Exercises/Project/Convolution_IP.prj/solution2/.autopilot/db/global.setting.tcl 
Command     ap_source returned 0; 0.001 sec.
Execute     source C:/Xilinx/Vivado/2017.4/common/technology/xilinx/zynq/zynq.gen 
Execute       source C:/Xilinx/Vivado/2017.4/common/technology/xilinx/common/virtex.gen 
Execute         source C:/Xilinx/Vivado/2017.4/common/technology/xilinx/common/xilinx.gen 
Execute           source C:/Xilinx/Vivado/2017.4/common/technology/xilinx/interface/plb46.gen 
Command           ap_source returned 0; 0.001 sec.
Execute           source C:/Xilinx/Vivado/2017.4/common/technology/xilinx/interface/fsl.gen 
Command           ap_source returned 0; 0 sec.
Execute           source C:/Xilinx/Vivado/2017.4/common/technology/xilinx/interface/axi4.gen 
Command           ap_source returned 0; 0.002 sec.
Execute           source C:/Xilinx/Vivado/2017.4/common/technology/xilinx/interface/nativeAXI4.gen 
Execute             source C:/Xilinx/Vivado/2017.4/common/technology/xilinx/interface/saxilite.gen 
Command             ap_source returned 0; 0.003 sec.
Execute             source C:/Xilinx/Vivado/2017.4/common/technology/xilinx/interface/maxi.gen 
Command             ap_source returned 0; 0.006 sec.
Command           ap_source returned 0; 0.009 sec.
Execute           source C:/Xilinx/Vivado/2017.4/common/technology/xilinx/scripts/xilinxcoregen.gen 
Command           ap_source returned 0; 0.009 sec.
Execute           source C:/Xilinx/Vivado/2017.4/common/technology/xilinx/interface/XilEDKCoreGen.gen 
Command           ap_source returned 0; 0.006 sec.
Execute           source C:/Xilinx/Vivado/2017.4/common/technology/xilinx/ip/dds_compiler.gen 
Command           ap_source returned 0; 0.003 sec.
Execute           source C:/Xilinx/Vivado/2017.4/common/technology/xilinx/ip/util.gen 
Command           ap_source returned 0; 0 sec.
Execute           source C:/Xilinx/Vivado/2017.4/common/technology/xilinx/ip/xfft.gen 
Command           ap_source returned 0; 0.073 sec.
Execute           source C:/Xilinx/Vivado/2017.4/common/technology/xilinx/ip/xfir.gen 
Command           ap_source returned 0; 0 sec.
Command         ap_source returned 0; 0.103 sec.
Execute         source C:/Xilinx/Vivado/2017.4/common/technology/xilinx/common/dsp48.gen 
Command         ap_source returned 0; 0.001 sec.
Command       ap_source returned 0; 0.106 sec.
Command     ap_source returned 0; 0.106 sec.
Execute     source C:/Xilinx/Vivado/2017.4/common/technology/xilinx/zynq/zynq_fpv6.gen 
Execute       source C:/Xilinx/Vivado/2017.4/common/technology/xilinx/common/xilinx_fpv6.gen 
Command       ap_source returned 0; 0.001 sec.
Command     ap_source returned 0; 0.001 sec.
Execute     source C:/Users/Kristoffer/Documents/Embedded_Real_Time_Exercises/Project/Convolution_IP.prj/solution2/.autopilot/db/conv_3x3_strm.rtl_wrap.cfg.tcl 
Command     ap_source returned 0; 0.001 sec.
Execute     source C:/Users/Kristoffer/Documents/Embedded_Real_Time_Exercises/Project/Convolution_IP.prj/solution2/.autopilot/db/conv_3x3_strm.rtl_wrap.cfg.tcl 
Command     ap_source returned 0; 0.001 sec.
Execute     source C:/Users/Kristoffer/Documents/Embedded_Real_Time_Exercises/Project/Convolution_IP.prj/solution2/.autopilot/db/conv_3x3_strm.rtl_wrap.cfg.tcl 
Command     ap_source returned 0; 0.001 sec.
Execute     source C:/Users/Kristoffer/Documents/Embedded_Real_Time_Exercises/Project/Convolution_IP.prj/solution2/.autopilot/db/conv_3x3_strm.tbgen.tcl 
Command     ap_source returned 0; 0.001 sec.
Execute     source C:/Users/Kristoffer/Documents/Embedded_Real_Time_Exercises/Project/Convolution_IP.prj/solution2/.autopilot/db/conv_3x3_strm.tbgen.tcl 
Command     ap_source returned 0; 0.001 sec.
Execute     source C:/Users/Kristoffer/Documents/Embedded_Real_Time_Exercises/Project/Convolution_IP.prj/solution2/.autopilot/db/global.setting.tcl 
Command     ap_source returned 0; 0.001 sec.
Execute     source C:/Users/Kristoffer/Documents/Embedded_Real_Time_Exercises/Project/Convolution_IP.prj/solution2/.autopilot/db/conv_3x3_strm.compgen.tcl 
Command     ap_source returned 0; 0.001 sec.
Execute     source C:/Users/Kristoffer/Documents/Embedded_Real_Time_Exercises/Project/Convolution_IP.prj/solution2/.autopilot/db/global.setting.tcl 
Command     ap_source returned 0; 0.001 sec.
Execute     source C:/Users/Kristoffer/Documents/Embedded_Real_Time_Exercises/Project/Convolution_IP.prj/solution2/.autopilot/db/conv_3x3_strm.compgen.tcl 
Command     ap_source returned 0; 0.015 sec.
Execute     source C:/Users/Kristoffer/Documents/Embedded_Real_Time_Exercises/Project/Convolution_IP.prj/solution2/.autopilot/db/global.setting.tcl 
Command     ap_source returned 0; 0 sec.
Execute     source C:/Users/Kristoffer/Documents/Embedded_Real_Time_Exercises/Project/Convolution_IP.prj/solution2/.autopilot/db/conv_3x3_strm.compgen.tcl 
Command     ap_source returned 0; 0 sec.
Execute     source C:/Users/Kristoffer/Documents/Embedded_Real_Time_Exercises/Project/Convolution_IP.prj/solution2/.autopilot/db/global.setting.tcl 
Command     ap_source returned 0; 0.024 sec.
Execute     source C:/Users/Kristoffer/Documents/Embedded_Real_Time_Exercises/Project/Convolution_IP.prj/solution2/.autopilot/db/conv_3x3_strm.constraint.tcl 
Command     ap_source returned 0; 0.001 sec.
Execute     source C:/Users/Kristoffer/Documents/Embedded_Real_Time_Exercises/Project/Convolution_IP.prj/solution2/.autopilot/db/conv_3x3_strm.tbgen.tcl 
Command     ap_source returned 0; 0.001 sec.
Execute     source C:/Users/Kristoffer/Documents/Embedded_Real_Time_Exercises/Project/Convolution_IP.prj/solution2/.autopilot/db/global.setting.tcl 
Command     ap_source returned 0; 0.001 sec.
Execute     source C:/Users/Kristoffer/Documents/Embedded_Real_Time_Exercises/Project/Convolution_IP.prj/solution2/.autopilot/db/conv_3x3_strm.tbgen.tcl 
Command     ap_source returned 0; 0.001 sec.
Execute     source C:/Users/Kristoffer/Documents/Embedded_Real_Time_Exercises/Project/Convolution_IP.prj/solution2/.autopilot/db/conv_3x3_strm.tbgen.tcl 
Command     ap_source returned 0; 0.001 sec.
Execute     source C:/Users/Kristoffer/Documents/Embedded_Real_Time_Exercises/Project/Convolution_IP.prj/solution2/.autopilot/db/global.setting.tcl 
Command     ap_source returned 0; 0.001 sec.
Execute     source C:/Users/Kristoffer/Documents/Embedded_Real_Time_Exercises/Project/Convolution_IP.prj/solution2/.autopilot/db/global.setting.tcl 
Command     ap_source returned 0; 0.001 sec.
Execute     source C:/Users/Kristoffer/Documents/Embedded_Real_Time_Exercises/Project/Convolution_IP.prj/solution2/.autopilot/db/conv_3x3_strm.rtl_wrap.cfg.tcl 
Command     ap_source returned 0; 0.001 sec.
Execute     source C:/Users/Kristoffer/Documents/Embedded_Real_Time_Exercises/Project/Convolution_IP.prj/solution2/.autopilot/db/conv_3x3_strm.rtl_wrap.cfg.tcl 
Command     ap_source returned 0; 0.001 sec.
Execute     source C:/Users/Kristoffer/Documents/Embedded_Real_Time_Exercises/Project/Convolution_IP.prj/solution2/.autopilot/db/conv_3x3_strm.rtl_wrap.cfg.tcl 
Command     ap_source returned 0; 0.001 sec.
Execute     source C:/Users/Kristoffer/Documents/Embedded_Real_Time_Exercises/Project/Convolution_IP.prj/solution2/.autopilot/db/conv_3x3_strm.tbgen.tcl 
Command     ap_source returned 0; 0.001 sec.
Execute     source C:/Users/Kristoffer/Documents/Embedded_Real_Time_Exercises/Project/Convolution_IP.prj/solution2/.autopilot/db/conv_3x3_strm.tbgen.tcl 
Command     ap_source returned 0; 0.001 sec.
Execute     source C:/Users/Kristoffer/Documents/Embedded_Real_Time_Exercises/Project/Convolution_IP.prj/solution2/.autopilot/db/conv_3x3_strm.tbgen.tcl 
Command     ap_source returned 0; 0.001 sec.
Execute     source C:/Users/Kristoffer/Documents/Embedded_Real_Time_Exercises/Project/Convolution_IP.prj/solution2/.autopilot/db/conv_3x3_strm.rtl_wrap.cfg.tcl 
Command     ap_source returned 0; 0.001 sec.
Execute     source C:/Users/Kristoffer/Documents/Embedded_Real_Time_Exercises/Project/Convolution_IP.prj/solution2/.autopilot/db/conv_3x3_strm.rtl_wrap.cfg.tcl 
Command     ap_source returned 0; 0.001 sec.
Execute     source C:/Users/Kristoffer/Documents/Embedded_Real_Time_Exercises/Project/Convolution_IP.prj/solution2/.autopilot/db/conv_3x3_strm.rtl_wrap.cfg.tcl 
Command     ap_source returned 0; 0.001 sec.
Execute     source C:/Users/Kristoffer/Documents/Embedded_Real_Time_Exercises/Project/Convolution_IP.prj/solution2/.autopilot/db/conv_3x3_strm.tbgen.tcl 
Command     ap_source returned 0; 0.001 sec.
Execute     source C:/Users/Kristoffer/Documents/Embedded_Real_Time_Exercises/Project/Convolution_IP.prj/solution2/.autopilot/db/conv_3x3_strm.tbgen.tcl 
Command     ap_source returned 0; 0.001 sec.
Execute     source C:/Users/Kristoffer/Documents/Embedded_Real_Time_Exercises/Project/Convolution_IP.prj/solution2/.autopilot/db/conv_3x3_strm.tbgen.tcl 
Command     ap_source returned 0; 0.001 sec.
Execute     source C:/Users/Kristoffer/Documents/Embedded_Real_Time_Exercises/Project/Convolution_IP.prj/solution2/.autopilot/db/global.setting.tcl 
Command     ap_source returned 0; 0.022 sec.
Execute     source C:/Users/Kristoffer/Documents/Embedded_Real_Time_Exercises/Project/Convolution_IP.prj/solution2/.autopilot/db/conv_3x3_strm.constraint.tcl 
Command     ap_source returned 0; 0 sec.
Execute     source C:/Users/Kristoffer/Documents/Embedded_Real_Time_Exercises/Project/Convolution_IP.prj/solution2/.autopilot/db/global.setting.tcl 
Command     ap_source returned 0; 0 sec.
Execute     source C:/Users/Kristoffer/Documents/Embedded_Real_Time_Exercises/Project/Convolution_IP.prj/solution2/.autopilot/db/conv_3x3_strm.constraint.tcl 
Command     ap_source returned 0; 0.001 sec.
Execute     source C:/Users/Kristoffer/Documents/Embedded_Real_Time_Exercises/Project/Convolution_IP.prj/solution2/.autopilot/db/conv_3x3_strm.tbgen.tcl 
Command     ap_source returned 0; 0.001 sec.
Execute     source C:/Users/Kristoffer/Documents/Embedded_Real_Time_Exercises/Project/Convolution_IP.prj/solution2/.autopilot/db/global.setting.tcl 
Command     ap_source returned 0; 0.001 sec.
Execute     source C:/Xilinx/Vivado/2017.4/common/technology/generic/autopilot/common.gen 
Execute       source C:/Xilinx/Vivado/2017.4/common/technology/generic/autopilot/APCoreGen.gen 
Command       ap_source returned 0; 0 sec.
Command     ap_source returned 0; 0.001 sec.
Execute     source C:/Xilinx/Vivado/2017.4/common/technology/generic/autopilot/op.gen 
Command     ap_source returned 0; 0 sec.
Execute     source C:/Xilinx/Vivado/2017.4/common/technology/generic/autopilot/op_simcore.gen 
Command     ap_source returned 0; 0.001 sec.
Execute     source C:/Xilinx/Vivado/2017.4/common/technology/generic/autopilot/interface.gen 
Command     ap_source returned 0; 0.001 sec.
Execute     source C:/Users/Kristoffer/Documents/Embedded_Real_Time_Exercises/Project/Convolution_IP.prj/solution2/.autopilot/db/global.setting.tcl 
Command     ap_source returned 0; 0 sec.
Execute     source C:/Xilinx/Vivado/2017.4/common/technology/xilinx/zynq/zynq.gen 
Execute       source C:/Xilinx/Vivado/2017.4/common/technology/xilinx/common/virtex.gen 
Execute         source C:/Xilinx/Vivado/2017.4/common/technology/xilinx/common/xilinx.gen 
Execute           source C:/Xilinx/Vivado/2017.4/common/technology/xilinx/interface/plb46.gen 
Command           ap_source returned 0; 0.001 sec.
Execute           source C:/Xilinx/Vivado/2017.4/common/technology/xilinx/interface/fsl.gen 
Command           ap_source returned 0; 0.001 sec.
Execute           source C:/Xilinx/Vivado/2017.4/common/technology/xilinx/interface/axi4.gen 
Command           ap_source returned 0; 0.001 sec.
Execute           source C:/Xilinx/Vivado/2017.4/common/technology/xilinx/interface/nativeAXI4.gen 
Execute             source C:/Xilinx/Vivado/2017.4/common/technology/xilinx/interface/saxilite.gen 
Command             ap_source returned 0; 0.003 sec.
Execute             source C:/Xilinx/Vivado/2017.4/common/technology/xilinx/interface/maxi.gen 
Command             ap_source returned 0; 0.006 sec.
Command           ap_source returned 0; 0.009 sec.
Execute           source C:/Xilinx/Vivado/2017.4/common/technology/xilinx/scripts/xilinxcoregen.gen 
Command           ap_source returned 0; 0.009 sec.
Execute           source C:/Xilinx/Vivado/2017.4/common/technology/xilinx/interface/XilEDKCoreGen.gen 
Command           ap_source returned 0; 0.007 sec.
Execute           source C:/Xilinx/Vivado/2017.4/common/technology/xilinx/ip/dds_compiler.gen 
Command           ap_source returned 0; 0.002 sec.
Execute           source C:/Xilinx/Vivado/2017.4/common/technology/xilinx/ip/util.gen 
Command           ap_source returned 0; 0 sec.
Execute           source C:/Xilinx/Vivado/2017.4/common/technology/xilinx/ip/xfft.gen 
Command           ap_source returned 0; 0.072 sec.
Execute           source C:/Xilinx/Vivado/2017.4/common/technology/xilinx/ip/xfir.gen 
Command           ap_source returned 0; 0.001 sec.
Command         ap_source returned 0; 0.105 sec.
Execute         source C:/Xilinx/Vivado/2017.4/common/technology/xilinx/common/dsp48.gen 
Command         ap_source returned 0; 0 sec.
Command       ap_source returned 0; 0.107 sec.
Command     ap_source returned 0; 0.108 sec.
Execute     source C:/Xilinx/Vivado/2017.4/common/technology/xilinx/zynq/zynq_fpv6.gen 
Execute       source C:/Xilinx/Vivado/2017.4/common/technology/xilinx/common/xilinx_fpv6.gen 
Command       ap_source returned 0; 0.001 sec.
Command     ap_source returned 0; 0.001 sec.
Execute     source C:/Users/Kristoffer/Documents/Embedded_Real_Time_Exercises/Project/Convolution_IP.prj/solution2/.autopilot/db/global.setting.tcl 
Command     ap_source returned 0; 0.001 sec.
Execute     source C:/Xilinx/Vivado/2017.4/common/technology/generic/autopilot/common.gen 
Execute       source C:/Xilinx/Vivado/2017.4/common/technology/generic/autopilot/APCoreGen.gen 
Command       ap_source returned 0; 0.001 sec.
Command     ap_source returned 0; 0.001 sec.
Execute     source C:/Xilinx/Vivado/2017.4/common/technology/generic/autopilot/op.gen 
Command     ap_source returned 0; 0 sec.
Execute     source C:/Xilinx/Vivado/2017.4/common/technology/generic/autopilot/op_simcore.gen 
Command     ap_source returned 0; 0.001 sec.
Execute     source C:/Xilinx/Vivado/2017.4/common/technology/generic/autopilot/interface.gen 
Command     ap_source returned 0; 0.001 sec.
Execute     source C:/Users/Kristoffer/Documents/Embedded_Real_Time_Exercises/Project/Convolution_IP.prj/solution2/.autopilot/db/global.setting.tcl 
Command     ap_source returned 0; 0 sec.
Execute     source C:/Xilinx/Vivado/2017.4/common/technology/xilinx/zynq/zynq.gen 
Execute       source C:/Xilinx/Vivado/2017.4/common/technology/xilinx/common/virtex.gen 
Execute         source C:/Xilinx/Vivado/2017.4/common/technology/xilinx/common/xilinx.gen 
Execute           source C:/Xilinx/Vivado/2017.4/common/technology/xilinx/interface/plb46.gen 
Command           ap_source returned 0; 0.001 sec.
Execute           source C:/Xilinx/Vivado/2017.4/common/technology/xilinx/interface/fsl.gen 
Command           ap_source returned 0; 0.001 sec.
Execute           source C:/Xilinx/Vivado/2017.4/common/technology/xilinx/interface/axi4.gen 
Command           ap_source returned 0; 0.001 sec.
Execute           source C:/Xilinx/Vivado/2017.4/common/technology/xilinx/interface/nativeAXI4.gen 
Execute             source C:/Xilinx/Vivado/2017.4/common/technology/xilinx/interface/saxilite.gen 
Command             ap_source returned 0; 0.003 sec.
Execute             source C:/Xilinx/Vivado/2017.4/common/technology/xilinx/interface/maxi.gen 
Command             ap_source returned 0; 0.006 sec.
Command           ap_source returned 0; 0.009 sec.
Execute           source C:/Xilinx/Vivado/2017.4/common/technology/xilinx/scripts/xilinxcoregen.gen 
Command           ap_source returned 0; 0.009 sec.
Execute           source C:/Xilinx/Vivado/2017.4/common/technology/xilinx/interface/XilEDKCoreGen.gen 
Command           ap_source returned 0; 0.007 sec.
Execute           source C:/Xilinx/Vivado/2017.4/common/technology/xilinx/ip/dds_compiler.gen 
Command           ap_source returned 0; 0.003 sec.
Execute           source C:/Xilinx/Vivado/2017.4/common/technology/xilinx/ip/util.gen 
Command           ap_source returned 0; 0 sec.
Execute           source C:/Xilinx/Vivado/2017.4/common/technology/xilinx/ip/xfft.gen 
Command           ap_source returned 0; 0.071 sec.
Execute           source C:/Xilinx/Vivado/2017.4/common/technology/xilinx/ip/xfir.gen 
Command           ap_source returned 0; 0.001 sec.
Command         ap_source returned 0; 0.103 sec.
Execute         source C:/Xilinx/Vivado/2017.4/common/technology/xilinx/common/dsp48.gen 
Command         ap_source returned 0; 0 sec.
Command       ap_source returned 0; 0.105 sec.
Command     ap_source returned 0; 0.106 sec.
Execute     source C:/Xilinx/Vivado/2017.4/common/technology/xilinx/zynq/zynq_fpv6.gen 
Execute       source C:/Xilinx/Vivado/2017.4/common/technology/xilinx/common/xilinx_fpv6.gen 
Command       ap_source returned 0; 0.001 sec.
Command     ap_source returned 0; 0.001 sec.
Execute     source C:/Users/Kristoffer/Documents/Embedded_Real_Time_Exercises/Project/Convolution_IP.prj/solution2/.autopilot/db/global.setting.tcl 
Command     ap_source returned 0; 0.001 sec.
Execute     source C:/Users/Kristoffer/Documents/Embedded_Real_Time_Exercises/Project/Convolution_IP.prj/solution2/.autopilot/db/global.setting.tcl 
Command     ap_source returned 0; 0.001 sec.
Execute     source C:/Users/Kristoffer/Documents/Embedded_Real_Time_Exercises/Project/Convolution_IP.prj/solution2/.autopilot/db/global.setting.tcl 
Command     ap_source returned 0; 0.001 sec.
Execute     source C:/Xilinx/Vivado/2017.4/common/technology/generic/autopilot/common.gen 
Execute       source C:/Xilinx/Vivado/2017.4/common/technology/generic/autopilot/APCoreGen.gen 
Command       ap_source returned 0; 0.001 sec.
Command     ap_source returned 0; 0.001 sec.
Execute     source C:/Xilinx/Vivado/2017.4/common/technology/generic/autopilot/op.gen 
Command     ap_source returned 0; 0.001 sec.
Execute     source C:/Xilinx/Vivado/2017.4/common/technology/generic/autopilot/op_simcore.gen 
Command     ap_source returned 0; 0.001 sec.
Execute     source C:/Xilinx/Vivado/2017.4/common/technology/generic/autopilot/interface.gen 
Command     ap_source returned 0; 0 sec.
Execute     source C:/Users/Kristoffer/Documents/Embedded_Real_Time_Exercises/Project/Convolution_IP.prj/solution2/.autopilot/db/global.setting.tcl 
Command     ap_source returned 0; 0.001 sec.
Execute     source C:/Xilinx/Vivado/2017.4/common/technology/xilinx/zynq/zynq.gen 
Execute       source C:/Xilinx/Vivado/2017.4/common/technology/xilinx/common/virtex.gen 
Execute         source C:/Xilinx/Vivado/2017.4/common/technology/xilinx/common/xilinx.gen 
Execute           source C:/Xilinx/Vivado/2017.4/common/technology/xilinx/interface/plb46.gen 
Command           ap_source returned 0; 0.001 sec.
Execute           source C:/Xilinx/Vivado/2017.4/common/technology/xilinx/interface/fsl.gen 
Command           ap_source returned 0; 0 sec.
Execute           source C:/Xilinx/Vivado/2017.4/common/technology/xilinx/interface/axi4.gen 
Command           ap_source returned 0; 0.002 sec.
Execute           source C:/Xilinx/Vivado/2017.4/common/technology/xilinx/interface/nativeAXI4.gen 
Execute             source C:/Xilinx/Vivado/2017.4/common/technology/xilinx/interface/saxilite.gen 
Command             ap_source returned 0; 0.003 sec.
Execute             source C:/Xilinx/Vivado/2017.4/common/technology/xilinx/interface/maxi.gen 
Command             ap_source returned 0; 0.006 sec.
Command           ap_source returned 0; 0.009 sec.
Execute           source C:/Xilinx/Vivado/2017.4/common/technology/xilinx/scripts/xilinxcoregen.gen 
Command           ap_source returned 0; 0.009 sec.
Execute           source C:/Xilinx/Vivado/2017.4/common/technology/xilinx/interface/XilEDKCoreGen.gen 
Command           ap_source returned 0; 0.006 sec.
Execute           source C:/Xilinx/Vivado/2017.4/common/technology/xilinx/ip/dds_compiler.gen 
Command           ap_source returned 0; 0.002 sec.
Execute           source C:/Xilinx/Vivado/2017.4/common/technology/xilinx/ip/util.gen 
Command           ap_source returned 0; 0 sec.
Execute           source C:/Xilinx/Vivado/2017.4/common/technology/xilinx/ip/xfft.gen 
Command           ap_source returned 0; 0.072 sec.
Execute           source C:/Xilinx/Vivado/2017.4/common/technology/xilinx/ip/xfir.gen 
Command           ap_source returned 0; 0 sec.
Command         ap_source returned 0; 0.102 sec.
Execute         source C:/Xilinx/Vivado/2017.4/common/technology/xilinx/common/dsp48.gen 
Command         ap_source returned 0; 0 sec.
Command       ap_source returned 0; 0.105 sec.
Command     ap_source returned 0; 0.105 sec.
Execute     source C:/Xilinx/Vivado/2017.4/common/technology/xilinx/zynq/zynq_fpv6.gen 
Execute       source C:/Xilinx/Vivado/2017.4/common/technology/xilinx/common/xilinx_fpv6.gen 
Command       ap_source returned 0; 0.001 sec.
Command     ap_source returned 0; 0.001 sec.
Execute     source C:/Users/Kristoffer/Documents/Embedded_Real_Time_Exercises/Project/Convolution_IP.prj/solution2/.autopilot/db/global.setting.tcl 
Command     ap_source returned 0; 0.022 sec.
Execute     source C:/Users/Kristoffer/Documents/Embedded_Real_Time_Exercises/Project/Convolution_IP.prj/solution2/.autopilot/db/conv_3x3_strm.compgen.tcl 
Command     ap_source returned 0; 0.002 sec.
Execute     source C:/Users/Kristoffer/Documents/Embedded_Real_Time_Exercises/Project/Convolution_IP.prj/solution2/.autopilot/db/global.setting.tcl 
Command     ap_source returned 0; 0 sec.
Execute     source C:/Users/Kristoffer/Documents/Embedded_Real_Time_Exercises/Project/Convolution_IP.prj/solution2/.autopilot/db/conv_3x3_strm.constraint.tcl 
Command     ap_source returned 0; 0.001 sec.
Execute     source C:/Users/Kristoffer/Documents/Embedded_Real_Time_Exercises/Project/Convolution_IP.prj/solution2/.autopilot/db/conv_3x3_strm.tbgen.tcl 
Command     ap_source returned 0; 0.001 sec.
Execute     source C:/Users/Kristoffer/Documents/Embedded_Real_Time_Exercises/Project/Convolution_IP.prj/solution2/.autopilot/db/global.setting.tcl 
Command     ap_source returned 0; 0 sec.
Execute     source C:/Xilinx/Vivado/2017.4/common/technology/generic/autopilot/common.gen 
Execute       source C:/Xilinx/Vivado/2017.4/common/technology/generic/autopilot/APCoreGen.gen 
Command       ap_source returned 0; 0.001 sec.
Command     ap_source returned 0; 0.001 sec.
Execute     source C:/Xilinx/Vivado/2017.4/common/technology/generic/autopilot/op.gen 
Command     ap_source returned 0; 0.001 sec.
Execute     source C:/Xilinx/Vivado/2017.4/common/technology/generic/autopilot/op_simcore.gen 
Command     ap_source returned 0; 0.001 sec.
Execute     source C:/Xilinx/Vivado/2017.4/common/technology/generic/autopilot/interface.gen 
Command     ap_source returned 0; 0 sec.
Execute     source C:/Users/Kristoffer/Documents/Embedded_Real_Time_Exercises/Project/Convolution_IP.prj/solution2/.autopilot/db/global.setting.tcl 
Command     ap_source returned 0; 0.001 sec.
Execute     source C:/Xilinx/Vivado/2017.4/common/technology/xilinx/zynq/zynq.gen 
Execute       source C:/Xilinx/Vivado/2017.4/common/technology/xilinx/common/virtex.gen 
Execute         source C:/Xilinx/Vivado/2017.4/common/technology/xilinx/common/xilinx.gen 
Execute           source C:/Xilinx/Vivado/2017.4/common/technology/xilinx/interface/plb46.gen 
Command           ap_source returned 0; 0.001 sec.
Execute           source C:/Xilinx/Vivado/2017.4/common/technology/xilinx/interface/fsl.gen 
Command           ap_source returned 0; 0 sec.
Execute           source C:/Xilinx/Vivado/2017.4/common/technology/xilinx/interface/axi4.gen 
Command           ap_source returned 0; 0.002 sec.
Execute           source C:/Xilinx/Vivado/2017.4/common/technology/xilinx/interface/nativeAXI4.gen 
Execute             source C:/Xilinx/Vivado/2017.4/common/technology/xilinx/interface/saxilite.gen 
Command             ap_source returned 0; 0.003 sec.
Execute             source C:/Xilinx/Vivado/2017.4/common/technology/xilinx/interface/maxi.gen 
Command             ap_source returned 0; 0.006 sec.
Command           ap_source returned 0; 0.009 sec.
Execute           source C:/Xilinx/Vivado/2017.4/common/technology/xilinx/scripts/xilinxcoregen.gen 
Command           ap_source returned 0; 0.009 sec.
Execute           source C:/Xilinx/Vivado/2017.4/common/technology/xilinx/interface/XilEDKCoreGen.gen 
Command           ap_source returned 0; 0.007 sec.
Execute           source C:/Xilinx/Vivado/2017.4/common/technology/xilinx/ip/dds_compiler.gen 
Command           ap_source returned 0; 0.003 sec.
Execute           source C:/Xilinx/Vivado/2017.4/common/technology/xilinx/ip/util.gen 
Command           ap_source returned 0; 0 sec.
Execute           source C:/Xilinx/Vivado/2017.4/common/technology/xilinx/ip/xfft.gen 
Command           ap_source returned 0; 0.078 sec.
Execute           source C:/Xilinx/Vivado/2017.4/common/technology/xilinx/ip/xfir.gen 
Command           ap_source returned 0; 0 sec.
Command         ap_source returned 0; 0.111 sec.
Execute         source C:/Xilinx/Vivado/2017.4/common/technology/xilinx/common/dsp48.gen 
Command         ap_source returned 0; 0.001 sec.
Command       ap_source returned 0; 0.113 sec.
Command     ap_source returned 0; 0.113 sec.
Execute     source C:/Xilinx/Vivado/2017.4/common/technology/xilinx/zynq/zynq_fpv6.gen 
Execute       source C:/Xilinx/Vivado/2017.4/common/technology/xilinx/common/xilinx_fpv6.gen 
Command       ap_source returned 0; 0.002 sec.
Command     ap_source returned 0; 0.002 sec.
Execute     source C:/Users/Kristoffer/Documents/Embedded_Real_Time_Exercises/Project/Convolution_IP.prj/solution2/.autopilot/db/global.setting.tcl 
Command     ap_source returned 0; 0.001 sec.
Command   export_design returned 0; 128.883 sec.
Command ap_source returned 0; 129.331 sec.
Execute cleanup_all 
Command cleanup_all returned 0; 0 sec.
