#-----------------------------------------------------------
# Vivado v2017.2 (64-bit)
# SW Build 1909853 on Thu Jun 15 18:39:09 MDT 2017
# IP Build 1909766 on Thu Jun 15 19:58:00 MDT 2017
# Start of session at: Sun Sep 27 14:43:18 2020
# Process ID: 9428
# Current directory: C:/Users/Kristoffer/Documents/ERTS/Assignment2/lab3
# Command line: vivado.exe -gui_launcher_event rodinguilauncherevent9628 C:\Users\Kristoffer\Documents\ERTS\Assignment2\lab3\lab3.xpr
# Log file: C:/Users/Kristoffer/Documents/ERTS/Assignment2/lab3/vivado.log
# Journal file: C:/Users/Kristoffer/Documents/ERTS/Assignment2/lab3\vivado.jou
#-----------------------------------------------------------
start_gui
open_project C:/Users/Kristoffer/Documents/ERTS/Assignment2/lab3/lab3.xpr
INFO: [Project 1-313] Project file moved from 'C:/Users/Kristoffer/Documents/Embedded_Real_Time_Exercises/Assignment2/Deliverables/lab3' since last save.
Scanning sources...
Finished scanning sources
INFO: [filemgmt 56-1] IP Repository Path: Directory not found as 'C:/Users/Kristoffer/Documents/ERTS/led_ip_1.0'; using path 'C:/Users/Kristoffer/Documents/Embedded_Real_Time_Exercises/Assignment2/led_ip_1.0' instead.
INFO: [IP_Flow 19-234] Refreshing IP repositories
INFO: [IP_Flow 19-1700] Loaded user IP repository 'c:/Users/Kristoffer/Documents/Embedded_Real_Time_Exercises/Assignment2/led_ip_1.0'.
INFO: [IP_Flow 19-2313] Loaded Vivado IP repository 'C:/Xilinx/Vivado/2017.2/data/ip'.
WARNING: [IP_Flow 19-3664] IP 'system_processing_system7_0_0' generated file not found 'c:/Users/Kristoffer/Documents/ERTS/Assignment2/lab3/lab3.srcs/sources_1/bd/system/ip/system_processing_system7_0_0/sim/libps7.so'. Please regenerate to continue.
WARNING: [IP_Flow 19-3664] IP 'system_processing_system7_0_0' generated file not found 'c:/Users/Kristoffer/Documents/ERTS/Assignment2/lab3/lab3.srcs/sources_1/bd/system/ip/system_processing_system7_0_0/sim/libps7.dll'. Please regenerate to continue.
WARNING: [IP_Flow 19-3664] IP 'system_processing_system7_0_0' generated file not found 'c:/Users/Kristoffer/Documents/ERTS/Assignment2/lab3/lab3.srcs/sources_1/bd/system/ip/system_processing_system7_0_0/sim/libremoteport.so'. Please regenerate to continue.
WARNING: [IP_Flow 19-3664] IP 'system_processing_system7_0_0' generated file not found 'c:/Users/Kristoffer/Documents/ERTS/Assignment2/lab3/lab3.srcs/sources_1/bd/system/ip/system_processing_system7_0_0/sim/libremoteport.dll'. Please regenerate to continue.
open_project: Time (s): cpu = 00:00:11 ; elapsed = 00:00:08 . Memory (MB): peak = 829.156 ; gain = 72.418
exit
INFO: [Common 17-206] Exiting Vivado at Sun Sep 27 14:43:41 2020...
