#-----------------------------------------------------------
# xsim v2017.4 (64-bit)
# SW Build 2086221 on Fri Dec 15 20:55:39 MST 2017
# IP Build 2085800 on Fri Dec 15 22:25:07 MST 2017
# Start of session at: Thu Dec  3 19:11:51 2020
# Process ID: 5336
# Current directory: C:/Users/Kristoffer/Documents/Embedded_Real_Time_Exercises/Project/Convolution_IP.prj/solution2/sim/vhdl
# Command line: xsim.exe -mode tcl -source {xsim.dir/conv_3x3_strm/xsim_script.tcl}
# Log file: C:/Users/Kristoffer/Documents/Embedded_Real_Time_Exercises/Project/Convolution_IP.prj/solution2/sim/vhdl/xsim.log
# Journal file: C:/Users/Kristoffer/Documents/Embedded_Real_Time_Exercises/Project/Convolution_IP.prj/solution2/sim/vhdl\xsim.jou
#-----------------------------------------------------------
source xsim.dir/conv_3x3_strm/xsim_script.tcl
# xsim {conv_3x3_strm} -autoloadwcfg -tclbatch {conv_3x3_strm.tcl}
Vivado Simulator 2017.4
Time resolution is 1 ps
source conv_3x3_strm.tcl
## run all
Note: simulation done!
Time: 526596 ns  Iteration: 1  Process: /apatb_conv_3x3_strm_top/generate_sim_done_proc  File: C:/Users/Kristoffer/Documents/Embedded_Real_Time_Exercises/Project/Convolution_IP.prj/solution2/sim/vhdl/conv_3x3_strm.autotb.vhd
Failure: NORMAL EXIT (note: failure is to force the simulator to stop)
Time: 526596 ns  Iteration: 1  Process: /apatb_conv_3x3_strm_top/generate_sim_done_proc  File: C:/Users/Kristoffer/Documents/Embedded_Real_Time_Exercises/Project/Convolution_IP.prj/solution2/sim/vhdl/conv_3x3_strm.autotb.vhd
$finish called at time : 526596 ns
## quit
INFO: [Common 17-206] Exiting xsim at Thu Dec  3 19:11:59 2020...
