
*** Running vivado
    with args -log conv_3x3_strm.vdi -applog -m64 -product Vivado -messageDb vivado.pb -mode batch -source conv_3x3_strm.tcl -notrace


****** Vivado v2017.4 (64-bit)
  **** SW Build 2086221 on Fri Dec 15 20:55:39 MST 2017
  **** IP Build 2085800 on Fri Dec 15 22:25:07 MST 2017
    ** Copyright 1986-2017 Xilinx, Inc. All Rights Reserved.

source conv_3x3_strm.tcl -notrace
Command: open_checkpoint C:/Users/Kristoffer/Documents/Embedded_Real_Time_Exercises/Project/Convolution_IP.prj/solution2/impl/vhdl/project.runs/impl_1/conv_3x3_strm.dcp

Starting open_checkpoint Task

Time (s): cpu = 00:00:00 ; elapsed = 00:00:00.029 . Memory (MB): peak = 225.441 ; gain = 0.000
INFO: [Netlist 29-17] Analyzing 29 Unisim elements for replacement
INFO: [Netlist 29-28] Unisim Transformation completed in 0 CPU seconds
INFO: [Project 1-479] Netlist was created with Vivado 2017.4
INFO: [Device 21-403] Loading part xc7z010clg400-1
INFO: [Project 1-570] Preparing netlist for logic optimization
Parsing XDC File [C:/Users/Kristoffer/Documents/Embedded_Real_Time_Exercises/Project/Convolution_IP.prj/solution2/impl/vhdl/project.runs/impl_1/.Xil/Vivado-6808-DESKTOP-4E9RQGN/dcp1/conv_3x3_strm.xdc]
Finished Parsing XDC File [C:/Users/Kristoffer/Documents/Embedded_Real_Time_Exercises/Project/Convolution_IP.prj/solution2/impl/vhdl/project.runs/impl_1/.Xil/Vivado-6808-DESKTOP-4E9RQGN/dcp1/conv_3x3_strm.xdc]
INFO: [Project 1-111] Unisim Transformation Summary:
No Unisim elements were transformed.

INFO: [Project 1-604] Checkpoint was created with Vivado v2017.4 (64-bit) build 2086221
open_checkpoint: Time (s): cpu = 00:00:06 ; elapsed = 00:00:07 . Memory (MB): peak = 545.684 ; gain = 320.242
Command: opt_design
Attempting to get a license for feature 'Implementation' and/or device 'xc7z010'
INFO: [Common 17-349] Got license for feature 'Implementation' and/or device 'xc7z010'
Running DRC as a precondition to command opt_design

Starting DRC Task
INFO: [DRC 23-27] Running DRC with 2 threads
INFO: [Project 1-461] DRC finished with 0 Errors
INFO: [Project 1-462] Please refer to the DRC report (report_drc) for more information.

Time (s): cpu = 00:00:01 ; elapsed = 00:00:00.467 . Memory (MB): peak = 559.613 ; gain = 12.805
INFO: [Timing 38-35] Done setting XDC timing constraints.

Starting Logic Optimization Task

Phase 1 Retarget
INFO: [Opt 31-138] Pushed 0 inverter(s) to 0 load pin(s).
INFO: [Opt 31-49] Retargeted 0 cell(s).
Phase 1 Retarget | Checksum: 11a59c9b2

Time (s): cpu = 00:00:00 ; elapsed = 00:00:00.108 . Memory (MB): peak = 1100.707 ; gain = 0.000
INFO: [Opt 31-389] Phase Retarget created 0 cells and removed 1 cells

Phase 2 Constant propagation
INFO: [Opt 31-138] Pushed 0 inverter(s) to 0 load pin(s).
Phase 2 Constant propagation | Checksum: 89061f9a

Time (s): cpu = 00:00:00 ; elapsed = 00:00:00.121 . Memory (MB): peak = 1100.707 ; gain = 0.000
INFO: [Opt 31-389] Phase Constant propagation created 0 cells and removed 0 cells

Phase 3 Sweep
Phase 3 Sweep | Checksum: 4df8f92d

Time (s): cpu = 00:00:00 ; elapsed = 00:00:00.134 . Memory (MB): peak = 1100.707 ; gain = 0.000
INFO: [Opt 31-389] Phase Sweep created 0 cells and removed 0 cells

Phase 4 BUFG optimization
Phase 4 BUFG optimization | Checksum: 4df8f92d

Time (s): cpu = 00:00:00 ; elapsed = 00:00:00.138 . Memory (MB): peak = 1100.707 ; gain = 0.000
INFO: [Opt 31-389] Phase BUFG optimization created 0 cells and removed 0 cells

Phase 5 Shift Register Optimization
Phase 5 Shift Register Optimization | Checksum: 4df8f92d

Time (s): cpu = 00:00:00 ; elapsed = 00:00:00.147 . Memory (MB): peak = 1100.707 ; gain = 0.000
INFO: [Opt 31-389] Phase Shift Register Optimization created 0 cells and removed 0 cells

Starting Connectivity Check Task

Time (s): cpu = 00:00:00 ; elapsed = 00:00:00.002 . Memory (MB): peak = 1100.707 ; gain = 0.000
Ending Logic Optimization Task | Checksum: 4df8f92d

Time (s): cpu = 00:00:00 ; elapsed = 00:00:00.155 . Memory (MB): peak = 1100.707 ; gain = 0.000

Starting Power Optimization Task
INFO: [Pwropt 34-132] Skipping clock gating for clocks with a period < 2.00 ns.
INFO: [Timing 38-35] Done setting XDC timing constraints.
INFO: [Pwropt 34-9] Applying IDT optimizations ...
INFO: [Pwropt 34-10] Applying ODC optimizations ...
WARNING: [Timing 38-242] The property HD.CLK_SRC of clock port "ap_clk" is not set. In out-of-context mode, this prevents timing estimation for clock delay/skew
Resolution: Set the HD.CLK_SRC property of the out-of-context port to the location of the clock buffer instance in the top-level design
INFO: [Physopt 32-619] Estimated Timing Summary | WNS=3.002 | TNS=0.000 |
Running Vector-less Activity Propagation...

Finished Running Vector-less Activity Propagation


Starting PowerOpt Patch Enables Task
INFO: [Pwropt 34-162] WRITE_MODE attribute of 0 BRAM(s) out of a total of 2 has been updated to save power. Run report_power_opt to get a complete listing of the BRAMs updated.
INFO: [Pwropt 34-201] Structural ODC has moved 0 WE to EN ports
Number of BRAM Ports augmented: 0 newly gated: 0 Total Ports: 4
Ending PowerOpt Patch Enables Task | Checksum: 898da7fb

Time (s): cpu = 00:00:00 ; elapsed = 00:00:00.012 . Memory (MB): peak = 1231.578 ; gain = 0.000
Ending Power Optimization Task | Checksum: 898da7fb

Time (s): cpu = 00:00:01 ; elapsed = 00:00:00.749 . Memory (MB): peak = 1231.578 ; gain = 130.871
INFO: [Common 17-83] Releasing license: Implementation
28 Infos, 1 Warnings, 0 Critical Warnings and 0 Errors encountered.
opt_design completed successfully
opt_design: Time (s): cpu = 00:00:12 ; elapsed = 00:00:11 . Memory (MB): peak = 1231.578 ; gain = 685.895
INFO: [Timing 38-35] Done setting XDC timing constraints.
INFO: [Common 17-1381] The checkpoint 'C:/Users/Kristoffer/Documents/Embedded_Real_Time_Exercises/Project/Convolution_IP.prj/solution2/impl/vhdl/project.runs/impl_1/conv_3x3_strm_opt.dcp' has been generated.
INFO: [runtcl-4] Executing : report_drc -file conv_3x3_strm_drc_opted.rpt -pb conv_3x3_strm_drc_opted.pb -rpx conv_3x3_strm_drc_opted.rpx
Command: report_drc -file conv_3x3_strm_drc_opted.rpt -pb conv_3x3_strm_drc_opted.pb -rpx conv_3x3_strm_drc_opted.rpx
INFO: [IP_Flow 19-234] Refreshing IP repositories
INFO: [IP_Flow 19-1704] No user IP repositories specified
INFO: [IP_Flow 19-2313] Loaded Vivado IP repository 'C:/Xilinx/Vivado/2017.4/data/ip'.
INFO: [DRC 23-27] Running DRC with 2 threads
INFO: [Coretcl 2-168] The results of DRC are in file C:/Users/Kristoffer/Documents/Embedded_Real_Time_Exercises/Project/Convolution_IP.prj/solution2/impl/vhdl/project.runs/impl_1/conv_3x3_strm_drc_opted.rpt.
report_drc completed successfully
INFO: [Chipscope 16-241] No debug cores found in the current design.
Before running the implement_debug_core command, either use the Set Up Debug wizard (GUI mode)
or use the create_debug_core and connect_debug_core Tcl commands to insert debug cores into the design.
Command: place_design
Attempting to get a license for feature 'Implementation' and/or device 'xc7z010'
INFO: [Common 17-349] Got license for feature 'Implementation' and/or device 'xc7z010'
INFO: [DRC 23-27] Running DRC with 2 threads
INFO: [Vivado_Tcl 4-198] DRC finished with 0 Errors
INFO: [Vivado_Tcl 4-199] Please refer to the DRC report (report_drc) for more information.
Running DRC as a precondition to command place_design
INFO: [DRC 23-27] Running DRC with 2 threads
INFO: [Vivado_Tcl 4-198] DRC finished with 0 Errors
INFO: [Vivado_Tcl 4-199] Please refer to the DRC report (report_drc) for more information.

Starting Placer Task
INFO: [Place 30-611] Multithreading enabled for place_design using a maximum of 2 CPUs

Phase 1 Placer Initialization

Phase 1.1 Placer Initialization Netlist Sorting
Netlist sorting complete. Time (s): cpu = 00:00:00 ; elapsed = 00:00:00 . Memory (MB): peak = 1231.578 ; gain = 0.000
Phase 1.1 Placer Initialization Netlist Sorting | Checksum: 5c8a7490

Time (s): cpu = 00:00:00 ; elapsed = 00:00:00.014 . Memory (MB): peak = 1231.578 ; gain = 0.000
INFO: [Opt 31-138] Pushed 0 inverter(s) to 0 load pin(s).
Netlist sorting complete. Time (s): cpu = 00:00:00 ; elapsed = 00:00:00 . Memory (MB): peak = 1231.578 ; gain = 0.000

Phase 1.2 IO Placement/ Clock Placement/ Build Placer Device
INFO: [Timing 38-35] Done setting XDC timing constraints.
Phase 1.2 IO Placement/ Clock Placement/ Build Placer Device | Checksum: 19c5270a

Time (s): cpu = 00:00:00 ; elapsed = 00:00:00.437 . Memory (MB): peak = 1231.578 ; gain = 0.000

Phase 1.3 Build Placer Netlist Model
Phase 1.3 Build Placer Netlist Model | Checksum: cff3896e

Time (s): cpu = 00:00:01 ; elapsed = 00:00:00.608 . Memory (MB): peak = 1231.578 ; gain = 0.000

Phase 1.4 Constrain Clocks/Macros
Phase 1.4 Constrain Clocks/Macros | Checksum: cff3896e

Time (s): cpu = 00:00:01 ; elapsed = 00:00:00.610 . Memory (MB): peak = 1231.578 ; gain = 0.000
Phase 1 Placer Initialization | Checksum: cff3896e

Time (s): cpu = 00:00:01 ; elapsed = 00:00:00.612 . Memory (MB): peak = 1231.578 ; gain = 0.000

Phase 2 Global Placement
Phase 2 Global Placement | Checksum: 11df23b20

Time (s): cpu = 00:00:03 ; elapsed = 00:00:01 . Memory (MB): peak = 1231.578 ; gain = 0.000

Phase 3 Detail Placement

Phase 3.1 Commit Multi Column Macros
Phase 3.1 Commit Multi Column Macros | Checksum: 11df23b20

Time (s): cpu = 00:00:03 ; elapsed = 00:00:01 . Memory (MB): peak = 1231.578 ; gain = 0.000

Phase 3.2 Commit Most Macros & LUTRAMs
Phase 3.2 Commit Most Macros & LUTRAMs | Checksum: 193075179

Time (s): cpu = 00:00:03 ; elapsed = 00:00:02 . Memory (MB): peak = 1231.578 ; gain = 0.000

Phase 3.3 Area Swap Optimization
Phase 3.3 Area Swap Optimization | Checksum: 178863bf7

Time (s): cpu = 00:00:03 ; elapsed = 00:00:02 . Memory (MB): peak = 1231.578 ; gain = 0.000

Phase 3.4 Pipeline Register Optimization
Phase 3.4 Pipeline Register Optimization | Checksum: 178863bf7

Time (s): cpu = 00:00:03 ; elapsed = 00:00:02 . Memory (MB): peak = 1231.578 ; gain = 0.000

Phase 3.5 Small Shape Detail Placement
Phase 3.5 Small Shape Detail Placement | Checksum: b8e27bba

Time (s): cpu = 00:00:03 ; elapsed = 00:00:02 . Memory (MB): peak = 1231.578 ; gain = 0.000

Phase 3.6 Re-assign LUT pins
Phase 3.6 Re-assign LUT pins | Checksum: 128a32568

Time (s): cpu = 00:00:03 ; elapsed = 00:00:02 . Memory (MB): peak = 1231.578 ; gain = 0.000

Phase 3.7 Pipeline Register Optimization
Phase 3.7 Pipeline Register Optimization | Checksum: 128a32568

Time (s): cpu = 00:00:03 ; elapsed = 00:00:02 . Memory (MB): peak = 1231.578 ; gain = 0.000
Phase 3 Detail Placement | Checksum: 128a32568

Time (s): cpu = 00:00:03 ; elapsed = 00:00:02 . Memory (MB): peak = 1231.578 ; gain = 0.000

Phase 4 Post Placement Optimization and Clean-Up

Phase 4.1 Post Commit Optimization
INFO: [Timing 38-35] Done setting XDC timing constraints.

Phase 4.1.1 Post Placement Optimization
Post Placement Optimization Initialization | Checksum: 131337c9c

Phase 4.1.1.1 BUFG Insertion
INFO: [Physopt 32-721] Multithreading enabled for phys_opt_design using a maximum of 2 CPUs
INFO: [Place 46-31] BUFG insertion identified 0 candidate nets, 0 success, 0 skipped for placement/routing, 0 skipped for timing, 0 skipped for netlist change reason.
Phase 4.1.1.1 BUFG Insertion | Checksum: 131337c9c

Time (s): cpu = 00:00:03 ; elapsed = 00:00:02 . Memory (MB): peak = 1231.578 ; gain = 0.000
INFO: [Place 30-746] Post Placement Timing Summary WNS=2.692. For the most accurate timing information please run report_timing.
Phase 4.1.1 Post Placement Optimization | Checksum: 143a64d7d

Time (s): cpu = 00:00:03 ; elapsed = 00:00:02 . Memory (MB): peak = 1231.578 ; gain = 0.000
Phase 4.1 Post Commit Optimization | Checksum: 143a64d7d

Time (s): cpu = 00:00:03 ; elapsed = 00:00:02 . Memory (MB): peak = 1231.578 ; gain = 0.000

Phase 4.2 Post Placement Cleanup
Phase 4.2 Post Placement Cleanup | Checksum: 143a64d7d

Time (s): cpu = 00:00:03 ; elapsed = 00:00:02 . Memory (MB): peak = 1231.578 ; gain = 0.000

Phase 4.3 Placer Reporting
Phase 4.3 Placer Reporting | Checksum: 143a64d7d

Time (s): cpu = 00:00:03 ; elapsed = 00:00:02 . Memory (MB): peak = 1231.578 ; gain = 0.000

Phase 4.4 Final Placement Cleanup
Phase 4.4 Final Placement Cleanup | Checksum: 1855c9987

Time (s): cpu = 00:00:03 ; elapsed = 00:00:02 . Memory (MB): peak = 1231.578 ; gain = 0.000
Phase 4 Post Placement Optimization and Clean-Up | Checksum: 1855c9987

Time (s): cpu = 00:00:03 ; elapsed = 00:00:02 . Memory (MB): peak = 1231.578 ; gain = 0.000
Ending Placer Task | Checksum: 14ed50b88

Time (s): cpu = 00:00:03 ; elapsed = 00:00:02 . Memory (MB): peak = 1231.578 ; gain = 0.000
INFO: [Common 17-83] Releasing license: Implementation
52 Infos, 1 Warnings, 0 Critical Warnings and 0 Errors encountered.
place_design completed successfully
Writing placer database...
Writing XDEF routing.
Writing XDEF routing logical nets.
Writing XDEF routing special nets.
Write XDEF Complete: Time (s): cpu = 00:00:00 ; elapsed = 00:00:00.084 . Memory (MB): peak = 1231.578 ; gain = 0.000
INFO: [Common 17-1381] The checkpoint 'C:/Users/Kristoffer/Documents/Embedded_Real_Time_Exercises/Project/Convolution_IP.prj/solution2/impl/vhdl/project.runs/impl_1/conv_3x3_strm_placed.dcp' has been generated.
INFO: [runtcl-4] Executing : report_io -file conv_3x3_strm_io_placed.rpt
report_io: Time (s): cpu = 00:00:00 ; elapsed = 00:00:00.040 . Memory (MB): peak = 1231.578 ; gain = 0.000
INFO: [runtcl-4] Executing : report_utilization -file conv_3x3_strm_utilization_placed.rpt -pb conv_3x3_strm_utilization_placed.pb
report_utilization: Time (s): cpu = 00:00:00 ; elapsed = 00:00:00.026 . Memory (MB): peak = 1231.578 ; gain = 0.000
INFO: [runtcl-4] Executing : report_control_sets -verbose -file conv_3x3_strm_control_sets_placed.rpt
report_control_sets: Time (s): cpu = 00:00:00 ; elapsed = 00:00:00.006 . Memory (MB): peak = 1231.578 ; gain = 0.000
Command: phys_opt_design
Attempting to get a license for feature 'Implementation' and/or device 'xc7z010'
INFO: [Common 17-349] Got license for feature 'Implementation' and/or device 'xc7z010'
INFO: [Vivado_Tcl 4-383] Design worst setup slack (WNS) is greater than or equal to 0.500 ns. Skipping all physical synthesis optimizations.
INFO: [Vivado_Tcl 4-232] No setup violation found. The netlist was not modified.
INFO: [Common 17-83] Releasing license: Implementation
60 Infos, 1 Warnings, 0 Critical Warnings and 0 Errors encountered.
phys_opt_design completed successfully
Writing placer database...
Writing XDEF routing.
Writing XDEF routing logical nets.
Writing XDEF routing special nets.
Write XDEF Complete: Time (s): cpu = 00:00:00 ; elapsed = 00:00:00.081 . Memory (MB): peak = 1231.578 ; gain = 0.000
INFO: [Common 17-1381] The checkpoint 'C:/Users/Kristoffer/Documents/Embedded_Real_Time_Exercises/Project/Convolution_IP.prj/solution2/impl/vhdl/project.runs/impl_1/conv_3x3_strm_physopt.dcp' has been generated.
Command: route_design
Attempting to get a license for feature 'Implementation' and/or device 'xc7z010'
INFO: [Common 17-349] Got license for feature 'Implementation' and/or device 'xc7z010'
Running DRC as a precondition to command route_design
INFO: [DRC 23-27] Running DRC with 2 threads
INFO: [Vivado_Tcl 4-198] DRC finished with 0 Errors
INFO: [Vivado_Tcl 4-199] Please refer to the DRC report (report_drc) for more information.


Starting Routing Task
INFO: [Route 35-254] Multithreading enabled for route_design using a maximum of 2 CPUs
Checksum: PlaceDB: 9330e4d4 ConstDB: 0 ShapeSum: bba426b4 RouteDB: 0

Phase 1 Build RT Design
WARNING: [Route 35-197] Clock port "ap_clk" does not have an associated HD.CLK_SRC. Without this constraint, timing analysis may not be accurate and upstream checks cannot be done to ensure correct clock placement.
WARNING: [Route 35-198] Port "in_stream_V_dout[7]" does not have an associated HD.PARTPIN_LOCS, which will prevent the partial routing of the signal "in_stream_V_dout[7]". Without this partial route, timing analysis to/from this port will not be accurate, and no routing information for this port can be exported.
WARNING: [Route 35-198] Port "in_stream_V_dout[6]" does not have an associated HD.PARTPIN_LOCS, which will prevent the partial routing of the signal "in_stream_V_dout[6]". Without this partial route, timing analysis to/from this port will not be accurate, and no routing information for this port can be exported.
WARNING: [Route 35-198] Port "in_stream_V_dout[5]" does not have an associated HD.PARTPIN_LOCS, which will prevent the partial routing of the signal "in_stream_V_dout[5]". Without this partial route, timing analysis to/from this port will not be accurate, and no routing information for this port can be exported.
WARNING: [Route 35-198] Port "in_stream_V_dout[4]" does not have an associated HD.PARTPIN_LOCS, which will prevent the partial routing of the signal "in_stream_V_dout[4]". Without this partial route, timing analysis to/from this port will not be accurate, and no routing information for this port can be exported.
WARNING: [Route 35-198] Port "in_stream_V_dout[3]" does not have an associated HD.PARTPIN_LOCS, which will prevent the partial routing of the signal "in_stream_V_dout[3]". Without this partial route, timing analysis to/from this port will not be accurate, and no routing information for this port can be exported.
WARNING: [Route 35-198] Port "in_stream_V_dout[2]" does not have an associated HD.PARTPIN_LOCS, which will prevent the partial routing of the signal "in_stream_V_dout[2]". Without this partial route, timing analysis to/from this port will not be accurate, and no routing information for this port can be exported.
WARNING: [Route 35-198] Port "in_stream_V_dout[1]" does not have an associated HD.PARTPIN_LOCS, which will prevent the partial routing of the signal "in_stream_V_dout[1]". Without this partial route, timing analysis to/from this port will not be accurate, and no routing information for this port can be exported.
WARNING: [Route 35-198] Port "in_stream_V_dout[0]" does not have an associated HD.PARTPIN_LOCS, which will prevent the partial routing of the signal "in_stream_V_dout[0]". Without this partial route, timing analysis to/from this port will not be accurate, and no routing information for this port can be exported.
WARNING: [Route 35-198] Port "ap_start" does not have an associated HD.PARTPIN_LOCS, which will prevent the partial routing of the signal "ap_start". Without this partial route, timing analysis to/from this port will not be accurate, and no routing information for this port can be exported.
WARNING: [Route 35-198] Port "in_stream_V_empty_n" does not have an associated HD.PARTPIN_LOCS, which will prevent the partial routing of the signal "in_stream_V_empty_n". Without this partial route, timing analysis to/from this port will not be accurate, and no routing information for this port can be exported.
WARNING: [Route 35-198] Port "ap_rst" does not have an associated HD.PARTPIN_LOCS, which will prevent the partial routing of the signal "ap_rst". Without this partial route, timing analysis to/from this port will not be accurate, and no routing information for this port can be exported.
WARNING: [Route 35-198] Port "out_stream_V_full_n" does not have an associated HD.PARTPIN_LOCS, which will prevent the partial routing of the signal "out_stream_V_full_n". Without this partial route, timing analysis to/from this port will not be accurate, and no routing information for this port can be exported.
Phase 1 Build RT Design | Checksum: b626bfe7

Time (s): cpu = 00:00:12 ; elapsed = 00:00:11 . Memory (MB): peak = 1231.578 ; gain = 0.000
Post Restoration Checksum: NetGraph: 74f3218d NumContArr: 41339e5a Constraints: 0 Timing: 0

Phase 2 Router Initialization

Phase 2.1 Create Timer
Phase 2.1 Create Timer | Checksum: b626bfe7

Time (s): cpu = 00:00:12 ; elapsed = 00:00:11 . Memory (MB): peak = 1231.578 ; gain = 0.000

Phase 2.2 Fix Topology Constraints
Phase 2.2 Fix Topology Constraints | Checksum: b626bfe7

Time (s): cpu = 00:00:12 ; elapsed = 00:00:11 . Memory (MB): peak = 1231.578 ; gain = 0.000

Phase 2.3 Pre Route Cleanup
Phase 2.3 Pre Route Cleanup | Checksum: b626bfe7

Time (s): cpu = 00:00:12 ; elapsed = 00:00:11 . Memory (MB): peak = 1231.578 ; gain = 0.000
 Number of Nodes with overlaps = 0

Phase 2.4 Update Timing
Phase 2.4 Update Timing | Checksum: 1f7a636ba

Time (s): cpu = 00:00:12 ; elapsed = 00:00:11 . Memory (MB): peak = 1231.578 ; gain = 0.000
INFO: [Route 35-416] Intermediate Timing Summary | WNS=2.784  | TNS=0.000  | WHS=0.106  | THS=0.000  |

Phase 2 Router Initialization | Checksum: 18f262d04

Time (s): cpu = 00:00:12 ; elapsed = 00:00:11 . Memory (MB): peak = 1231.578 ; gain = 0.000

Phase 3 Initial Routing
Phase 3 Initial Routing | Checksum: 1a8c550b2

Time (s): cpu = 00:00:12 ; elapsed = 00:00:11 . Memory (MB): peak = 1231.578 ; gain = 0.000

Phase 4 Rip-up And Reroute

Phase 4.1 Global Iteration 0
 Number of Nodes with overlaps = 57
 Number of Nodes with overlaps = 2
 Number of Nodes with overlaps = 0
INFO: [Route 35-416] Intermediate Timing Summary | WNS=2.333  | TNS=0.000  | WHS=N/A    | THS=N/A    |

Phase 4.1 Global Iteration 0 | Checksum: 5a0c5114

Time (s): cpu = 00:00:13 ; elapsed = 00:00:11 . Memory (MB): peak = 1231.578 ; gain = 0.000
Phase 4 Rip-up And Reroute | Checksum: 5a0c5114

Time (s): cpu = 00:00:13 ; elapsed = 00:00:11 . Memory (MB): peak = 1231.578 ; gain = 0.000

Phase 5 Delay and Skew Optimization

Phase 5.1 Delay CleanUp
Phase 5.1 Delay CleanUp | Checksum: 5a0c5114

Time (s): cpu = 00:00:13 ; elapsed = 00:00:11 . Memory (MB): peak = 1231.578 ; gain = 0.000

Phase 5.2 Clock Skew Optimization
Phase 5.2 Clock Skew Optimization | Checksum: 5a0c5114

Time (s): cpu = 00:00:13 ; elapsed = 00:00:11 . Memory (MB): peak = 1231.578 ; gain = 0.000
Phase 5 Delay and Skew Optimization | Checksum: 5a0c5114

Time (s): cpu = 00:00:13 ; elapsed = 00:00:11 . Memory (MB): peak = 1231.578 ; gain = 0.000

Phase 6 Post Hold Fix

Phase 6.1 Hold Fix Iter

Phase 6.1.1 Update Timing
Phase 6.1.1 Update Timing | Checksum: ae57d226

Time (s): cpu = 00:00:13 ; elapsed = 00:00:11 . Memory (MB): peak = 1231.578 ; gain = 0.000
INFO: [Route 35-416] Intermediate Timing Summary | WNS=2.333  | TNS=0.000  | WHS=0.112  | THS=0.000  |

Phase 6.1 Hold Fix Iter | Checksum: ae57d226

Time (s): cpu = 00:00:13 ; elapsed = 00:00:11 . Memory (MB): peak = 1231.578 ; gain = 0.000
Phase 6 Post Hold Fix | Checksum: ae57d226

Time (s): cpu = 00:00:13 ; elapsed = 00:00:11 . Memory (MB): peak = 1231.578 ; gain = 0.000

Phase 7 Route finalize

Router Utilization Summary
  Global Vertical Routing Utilization    = 0.186233 %
  Global Horizontal Routing Utilization  = 0.254136 %
  Routable Net Status*
  *Does not include unroutable nets such as driverless and loadless.
  Run report_route_status for detailed report.
  Number of Failed Nets               = 0
  Number of Unrouted Nets             = 0
  Number of Partially Routed Nets     = 0
  Number of Node Overlaps             = 0

Phase 7 Route finalize | Checksum: 119414f97

Time (s): cpu = 00:00:13 ; elapsed = 00:00:11 . Memory (MB): peak = 1231.578 ; gain = 0.000

Phase 8 Verifying routed nets

 Verification completed successfully
Phase 8 Verifying routed nets | Checksum: 119414f97

Time (s): cpu = 00:00:13 ; elapsed = 00:00:11 . Memory (MB): peak = 1231.578 ; gain = 0.000

Phase 9 Depositing Routes
Phase 9 Depositing Routes | Checksum: 1a8037bd8

Time (s): cpu = 00:00:13 ; elapsed = 00:00:11 . Memory (MB): peak = 1231.578 ; gain = 0.000

Phase 10 Post Router Timing
INFO: [Route 35-57] Estimated Timing Summary | WNS=2.333  | TNS=0.000  | WHS=0.112  | THS=0.000  |

INFO: [Route 35-327] The final timing numbers are based on the router estimated timing analysis. For a complete and accurate timing signoff, please run report_timing_summary.
Phase 10 Post Router Timing | Checksum: 1a8037bd8

Time (s): cpu = 00:00:13 ; elapsed = 00:00:12 . Memory (MB): peak = 1231.578 ; gain = 0.000
INFO: [Route 35-16] Router Completed Successfully

Time (s): cpu = 00:00:13 ; elapsed = 00:00:12 . Memory (MB): peak = 1231.578 ; gain = 0.000

Routing Is Done.
INFO: [Common 17-83] Releasing license: Implementation
73 Infos, 14 Warnings, 0 Critical Warnings and 0 Errors encountered.
route_design completed successfully
route_design: Time (s): cpu = 00:00:14 ; elapsed = 00:00:12 . Memory (MB): peak = 1231.578 ; gain = 0.000
Writing placer database...
Writing XDEF routing.
Writing XDEF routing logical nets.
Writing XDEF routing special nets.
Write XDEF Complete: Time (s): cpu = 00:00:00 ; elapsed = 00:00:00.085 . Memory (MB): peak = 1231.578 ; gain = 0.000
INFO: [Common 17-1381] The checkpoint 'C:/Users/Kristoffer/Documents/Embedded_Real_Time_Exercises/Project/Convolution_IP.prj/solution2/impl/vhdl/project.runs/impl_1/conv_3x3_strm_routed.dcp' has been generated.
INFO: [runtcl-4] Executing : report_drc -file conv_3x3_strm_drc_routed.rpt -pb conv_3x3_strm_drc_routed.pb -rpx conv_3x3_strm_drc_routed.rpx
Command: report_drc -file conv_3x3_strm_drc_routed.rpt -pb conv_3x3_strm_drc_routed.pb -rpx conv_3x3_strm_drc_routed.rpx
INFO: [IP_Flow 19-1839] IP Catalog is up to date.
INFO: [DRC 23-27] Running DRC with 2 threads
INFO: [Coretcl 2-168] The results of DRC are in file C:/Users/Kristoffer/Documents/Embedded_Real_Time_Exercises/Project/Convolution_IP.prj/solution2/impl/vhdl/project.runs/impl_1/conv_3x3_strm_drc_routed.rpt.
report_drc completed successfully
INFO: [runtcl-4] Executing : report_methodology -file conv_3x3_strm_methodology_drc_routed.rpt -pb conv_3x3_strm_methodology_drc_routed.pb -rpx conv_3x3_strm_methodology_drc_routed.rpx
Command: report_methodology -file conv_3x3_strm_methodology_drc_routed.rpt -pb conv_3x3_strm_methodology_drc_routed.pb -rpx conv_3x3_strm_methodology_drc_routed.rpx
INFO: [Timing 38-35] Done setting XDC timing constraints.
INFO: [Timing 38-35] Done setting XDC timing constraints.
WARNING: [Timing 38-242] The property HD.CLK_SRC of clock port "ap_clk" is not set. In out-of-context mode, this prevents timing estimation for clock delay/skew
Resolution: Set the HD.CLK_SRC property of the out-of-context port to the location of the clock buffer instance in the top-level design
INFO: [DRC 23-133] Running Methodology with 2 threads
INFO: [Coretcl 2-1520] The results of Report Methodology are in file C:/Users/Kristoffer/Documents/Embedded_Real_Time_Exercises/Project/Convolution_IP.prj/solution2/impl/vhdl/project.runs/impl_1/conv_3x3_strm_methodology_drc_routed.rpt.
report_methodology completed successfully
INFO: [runtcl-4] Executing : report_power -file conv_3x3_strm_power_routed.rpt -pb conv_3x3_strm_power_summary_routed.pb -rpx conv_3x3_strm_power_routed.rpx
Command: report_power -file conv_3x3_strm_power_routed.rpt -pb conv_3x3_strm_power_summary_routed.pb -rpx conv_3x3_strm_power_routed.rpx
INFO: [Timing 38-35] Done setting XDC timing constraints.
Running Vector-less Activity Propagation...

Finished Running Vector-less Activity Propagation
85 Infos, 15 Warnings, 0 Critical Warnings and 0 Errors encountered.
report_power completed successfully
INFO: [runtcl-4] Executing : report_route_status -file conv_3x3_strm_route_status.rpt -pb conv_3x3_strm_route_status.pb
INFO: [runtcl-4] Executing : report_timing_summary -max_paths 10 -file conv_3x3_strm_timing_summary_routed.rpt -rpx conv_3x3_strm_timing_summary_routed.rpx -warn_on_violation 
INFO: [Timing 38-91] UpdateTimingParams: Speed grade: -1, Delay Type: min_max.
INFO: [Timing 38-191] Multithreading enabled for timing update using a maximum of 2 CPUs
INFO: [runtcl-4] Executing : report_incremental_reuse -file conv_3x3_strm_incremental_reuse_routed.rpt
INFO: [Vivado_Tcl 4-545] No incremental reuse to report, no incremental placement and routing data was found.
INFO: [runtcl-4] Executing : report_clock_utilization -file conv_3x3_strm_clock_utilization_routed.rpt
INFO: [Common 17-206] Exiting Vivado at Thu Dec  3 19:32:30 2020...
