
*** Running vivado
    with args -log conv_3x3_strm.vds -m64 -product Vivado -mode batch -messageDb vivado.pb -notrace -source conv_3x3_strm.tcl


****** Vivado v2017.4 (64-bit)
  **** SW Build 2086221 on Fri Dec 15 20:55:39 MST 2017
  **** IP Build 2085800 on Fri Dec 15 22:25:07 MST 2017
    ** Copyright 1986-2017 Xilinx, Inc. All Rights Reserved.

source conv_3x3_strm.tcl -notrace
Command: synth_design -top conv_3x3_strm -part xc7z010clg400-1 -no_iobuf -mode out_of_context
Starting synth_design
Attempting to get a license for feature 'Synthesis' and/or device 'xc7z010'
INFO: [Common 17-349] Got license for feature 'Synthesis' and/or device 'xc7z010'
INFO: Launching helper process for spawning children vivado processes
INFO: Helper process launched with PID 2976 
---------------------------------------------------------------------------------
Starting RTL Elaboration : Time (s): cpu = 00:00:07 ; elapsed = 00:00:07 . Memory (MB): peak = 333.238 ; gain = 103.137
---------------------------------------------------------------------------------
INFO: [Synth 8-638] synthesizing module 'conv_3x3_strm' [C:/Users/Kristoffer/Documents/Embedded_Real_Time_Exercises/Project/Convolution_IP.prj/solution2/impl/vhdl/conv_3x3_strm.vhd:29]
INFO: [Synth 8-5534] Detected attribute (* fsm_encoding = "none" *) [C:/Users/Kristoffer/Documents/Embedded_Real_Time_Exercises/Project/Convolution_IP.prj/solution2/impl/vhdl/conv_3x3_strm.vhd:76]
INFO: [Synth 8-5534] Detected attribute (* fsm_encoding = "none" *) [C:/Users/Kristoffer/Documents/Embedded_Real_Time_Exercises/Project/Convolution_IP.prj/solution2/impl/vhdl/conv_3x3_strm.vhd:79]
INFO: [Synth 8-5534] Detected attribute (* fsm_encoding = "none" *) [C:/Users/Kristoffer/Documents/Embedded_Real_Time_Exercises/Project/Convolution_IP.prj/solution2/impl/vhdl/conv_3x3_strm.vhd:87]
INFO: [Synth 8-5534] Detected attribute (* fsm_encoding = "none" *) [C:/Users/Kristoffer/Documents/Embedded_Real_Time_Exercises/Project/Convolution_IP.prj/solution2/impl/vhdl/conv_3x3_strm.vhd:92]
INFO: [Synth 8-5534] Detected attribute (* fsm_encoding = "none" *) [C:/Users/Kristoffer/Documents/Embedded_Real_Time_Exercises/Project/Convolution_IP.prj/solution2/impl/vhdl/conv_3x3_strm.vhd:118]
INFO: [Synth 8-5534] Detected attribute (* fsm_encoding = "none" *) [C:/Users/Kristoffer/Documents/Embedded_Real_Time_Exercises/Project/Convolution_IP.prj/solution2/impl/vhdl/conv_3x3_strm.vhd:122]
INFO: [Synth 8-5534] Detected attribute (* fsm_encoding = "none" *) [C:/Users/Kristoffer/Documents/Embedded_Real_Time_Exercises/Project/Convolution_IP.prj/solution2/impl/vhdl/conv_3x3_strm.vhd:171]
INFO: [Synth 8-5534] Detected attribute (* fsm_encoding = "none" *) [C:/Users/Kristoffer/Documents/Embedded_Real_Time_Exercises/Project/Convolution_IP.prj/solution2/impl/vhdl/conv_3x3_strm.vhd:175]
INFO: [Synth 8-5534] Detected attribute (* fsm_encoding = "none" *) [C:/Users/Kristoffer/Documents/Embedded_Real_Time_Exercises/Project/Convolution_IP.prj/solution2/impl/vhdl/conv_3x3_strm.vhd:262]
	Parameter DataWidth bound to: 8 - type: integer 
	Parameter AddressRange bound to: 256 - type: integer 
	Parameter AddressWidth bound to: 8 - type: integer 
INFO: [Synth 8-3491] module 'conv_3x3_strm_linbkb' declared at 'C:/Users/Kristoffer/Documents/Embedded_Real_Time_Exercises/Project/Convolution_IP.prj/solution2/impl/vhdl/conv_3x3_strm_linbkb.vhd:101' bound to instance 'line_buf_0_U' of component 'conv_3x3_strm_linbkb' [C:/Users/Kristoffer/Documents/Embedded_Real_Time_Exercises/Project/Convolution_IP.prj/solution2/impl/vhdl/conv_3x3_strm.vhd:293]
INFO: [Synth 8-638] synthesizing module 'conv_3x3_strm_linbkb' [C:/Users/Kristoffer/Documents/Embedded_Real_Time_Exercises/Project/Convolution_IP.prj/solution2/impl/vhdl/conv_3x3_strm_linbkb.vhd:119]
	Parameter DataWidth bound to: 8 - type: integer 
	Parameter AddressRange bound to: 256 - type: integer 
	Parameter AddressWidth bound to: 8 - type: integer 
INFO: [Synth 8-3491] module 'conv_3x3_strm_linbkb_ram' declared at 'C:/Users/Kristoffer/Documents/Embedded_Real_Time_Exercises/Project/Convolution_IP.prj/solution2/impl/vhdl/conv_3x3_strm_linbkb.vhd:13' bound to instance 'conv_3x3_strm_linbkb_ram_U' of component 'conv_3x3_strm_linbkb_ram' [C:/Users/Kristoffer/Documents/Embedded_Real_Time_Exercises/Project/Convolution_IP.prj/solution2/impl/vhdl/conv_3x3_strm_linbkb.vhd:136]
INFO: [Synth 8-638] synthesizing module 'conv_3x3_strm_linbkb_ram' [C:/Users/Kristoffer/Documents/Embedded_Real_Time_Exercises/Project/Convolution_IP.prj/solution2/impl/vhdl/conv_3x3_strm_linbkb.vhd:34]
	Parameter mem_type bound to: block - type: string 
	Parameter dwidth bound to: 8 - type: integer 
	Parameter awidth bound to: 8 - type: integer 
	Parameter mem_size bound to: 256 - type: integer 
INFO: [Synth 8-256] done synthesizing module 'conv_3x3_strm_linbkb_ram' (1#1) [C:/Users/Kristoffer/Documents/Embedded_Real_Time_Exercises/Project/Convolution_IP.prj/solution2/impl/vhdl/conv_3x3_strm_linbkb.vhd:34]
INFO: [Synth 8-256] done synthesizing module 'conv_3x3_strm_linbkb' (2#1) [C:/Users/Kristoffer/Documents/Embedded_Real_Time_Exercises/Project/Convolution_IP.prj/solution2/impl/vhdl/conv_3x3_strm_linbkb.vhd:119]
	Parameter DataWidth bound to: 8 - type: integer 
	Parameter AddressRange bound to: 256 - type: integer 
	Parameter AddressWidth bound to: 8 - type: integer 
INFO: [Synth 8-3491] module 'conv_3x3_strm_linbkb' declared at 'C:/Users/Kristoffer/Documents/Embedded_Real_Time_Exercises/Project/Convolution_IP.prj/solution2/impl/vhdl/conv_3x3_strm_linbkb.vhd:101' bound to instance 'line_buf_1_U' of component 'conv_3x3_strm_linbkb' [C:/Users/Kristoffer/Documents/Embedded_Real_Time_Exercises/Project/Convolution_IP.prj/solution2/impl/vhdl/conv_3x3_strm.vhd:310]
INFO: [Synth 8-256] done synthesizing module 'conv_3x3_strm' (3#1) [C:/Users/Kristoffer/Documents/Embedded_Real_Time_Exercises/Project/Convolution_IP.prj/solution2/impl/vhdl/conv_3x3_strm.vhd:29]
WARNING: [Synth 8-3331] design conv_3x3_strm_linbkb has unconnected port reset
---------------------------------------------------------------------------------
Finished RTL Elaboration : Time (s): cpu = 00:00:08 ; elapsed = 00:00:08 . Memory (MB): peak = 386.520 ; gain = 156.418
---------------------------------------------------------------------------------

Report Check Netlist: 
+------+------------------+-------+---------+-------+------------------+
|      |Item              |Errors |Warnings |Status |Description       |
+------+------------------+-------+---------+-------+------------------+
|1     |multi_driven_nets |      0|        0|Passed |Multi driven nets |
+------+------------------+-------+---------+-------+------------------+
---------------------------------------------------------------------------------
Finished RTL Optimization Phase 1 : Time (s): cpu = 00:00:08 ; elapsed = 00:00:08 . Memory (MB): peak = 386.520 ; gain = 156.418
---------------------------------------------------------------------------------
INFO: [Device 21-403] Loading part xc7z010clg400-1
INFO: [Project 1-570] Preparing netlist for logic optimization

Processing XDC Constraints
Initializing timing engine
Parsing XDC File [C:/Users/Kristoffer/Documents/Embedded_Real_Time_Exercises/Project/Convolution_IP.prj/solution2/impl/vhdl/conv_3x3_strm.xdc]
Finished Parsing XDC File [C:/Users/Kristoffer/Documents/Embedded_Real_Time_Exercises/Project/Convolution_IP.prj/solution2/impl/vhdl/conv_3x3_strm.xdc]
Completed Processing XDC Constraints

INFO: [Project 1-111] Unisim Transformation Summary:
No Unisim elements were transformed.

Constraint Validation Runtime : Time (s): cpu = 00:00:00 ; elapsed = 00:00:00.023 . Memory (MB): peak = 724.742 ; gain = 0.000
---------------------------------------------------------------------------------
Finished Constraint Validation : Time (s): cpu = 00:00:20 ; elapsed = 00:00:21 . Memory (MB): peak = 724.742 ; gain = 494.641
---------------------------------------------------------------------------------
---------------------------------------------------------------------------------
Start Loading Part and Timing Information
---------------------------------------------------------------------------------
Loading part: xc7z010clg400-1
---------------------------------------------------------------------------------
Finished Loading Part and Timing Information : Time (s): cpu = 00:00:20 ; elapsed = 00:00:21 . Memory (MB): peak = 724.742 ; gain = 494.641
---------------------------------------------------------------------------------
---------------------------------------------------------------------------------
Start Applying 'set_property' XDC Constraints
---------------------------------------------------------------------------------
---------------------------------------------------------------------------------
Finished applying 'set_property' XDC Constraints : Time (s): cpu = 00:00:20 ; elapsed = 00:00:21 . Memory (MB): peak = 724.742 ; gain = 494.641
---------------------------------------------------------------------------------
INFO: [Synth 8-4471] merging register 'line_buf_1_addr_3_reg_1050_reg[7:0]' into 'line_buf_0_addr_3_reg_1044_reg[7:0]' [C:/Users/Kristoffer/Documents/Embedded_Real_Time_Exercises/Project/Convolution_IP.prj/solution2/impl/vhdl/conv_3x3_strm.vhd:603]
WARNING: [Synth 8-6014] Unused sequential element line_buf_1_addr_3_reg_1050_reg was removed.  [C:/Users/Kristoffer/Documents/Embedded_Real_Time_Exercises/Project/Convolution_IP.prj/solution2/impl/vhdl/conv_3x3_strm.vhd:603]
INFO: [Synth 8-5818] HDL ADVISOR - The operator resource <adder> is shared. To prevent sharing consider applying a KEEP on the output of the operator [C:/Users/Kristoffer/Documents/Embedded_Real_Time_Exercises/Project/Convolution_IP.prj/solution2/impl/vhdl/conv_3x3_strm.vhd:1173]
INFO: [Synth 8-5818] HDL ADVISOR - The operator resource <adder> is shared. To prevent sharing consider applying a KEEP on the output of the operator [C:/Users/Kristoffer/Documents/Embedded_Real_Time_Exercises/Project/Convolution_IP.prj/solution2/impl/vhdl/conv_3x3_strm.vhd:1172]
INFO: [Synth 8-5818] HDL ADVISOR - The operator resource <adder> is shared. To prevent sharing consider applying a KEEP on the output of the operator [C:/Users/Kristoffer/Documents/Embedded_Real_Time_Exercises/Project/Convolution_IP.prj/solution2/impl/vhdl/conv_3x3_strm.vhd:1172]
INFO: [Synth 8-4490] FSM extraction disabled for register 'ap_CS_fsm_reg' through user attribute
INFO: [Synth 8-4490] FSM extraction disabled for register 'ap_CS_fsm_reg' through user attribute
INFO: [Synth 8-5546] ROM "exitcond1_fu_310_p2" won't be mapped to RAM because it is too sparse
INFO: [Synth 8-5546] ROM "exitcond2_fu_327_p2" won't be mapped to RAM because it is too sparse
INFO: [Synth 8-5546] ROM "exitcond_flatten_fu_415_p2" won't be mapped to RAM because it is too sparse
INFO: [Synth 8-5546] ROM "exitcond_fu_427_p2" won't be mapped to RAM because it is too sparse
INFO: [Synth 8-5546] ROM "tmp_i_fu_369_p2" won't be mapped to RAM because it is too sparse
INFO: [Synth 8-5546] ROM "tmp_1_i_fu_463_p2" won't be mapped to RAM because it is too sparse
WARNING: [Synth 8-6014] Unused sequential element indvar_flatten_reg_276_reg was removed.  [C:/Users/Kristoffer/Documents/Embedded_Real_Time_Exercises/Project/Convolution_IP.prj/solution2/impl/vhdl/conv_3x3_strm.vhd:493]
WARNING: [Synth 8-6014] Unused sequential element read_count_1_fu_122_reg was removed.  [C:/Users/Kristoffer/Documents/Embedded_Real_Time_Exercises/Project/Convolution_IP.prj/solution2/impl/vhdl/conv_3x3_strm.vhd:504]
WARNING: [Synth 8-6014] Unused sequential element x_1_reg_888_reg was removed.  [C:/Users/Kristoffer/Documents/Embedded_Real_Time_Exercises/Project/Convolution_IP.prj/solution2/impl/vhdl/conv_3x3_strm.vhd:581]
WARNING: [Synth 8-6014] Unused sequential element x_2_reg_897_reg was removed.  [C:/Users/Kristoffer/Documents/Embedded_Real_Time_Exercises/Project/Convolution_IP.prj/solution2/impl/vhdl/conv_3x3_strm.vhd:561]
---------------------------------------------------------------------------------
Finished RTL Optimization Phase 2 : Time (s): cpu = 00:00:20 ; elapsed = 00:00:22 . Memory (MB): peak = 724.742 ; gain = 494.641
---------------------------------------------------------------------------------

Report RTL Partitions: 
+-+--------------+------------+----------+
| |RTL Partition |Replication |Instances |
+-+--------------+------------+----------+
+-+--------------+------------+----------+
---------------------------------------------------------------------------------
Start RTL Component Statistics 
---------------------------------------------------------------------------------
Detailed RTL Component Info : 
+---Adders : 
	   3 Input     11 Bit       Adders := 1     
	   5 Input     11 Bit       Adders := 1     
	   2 Input      9 Bit       Adders := 9     
	   2 Input      8 Bit       Adders := 2     
+---XORs : 
	   2 Input      1 Bit         XORs := 5     
+---Registers : 
	               11 Bit    Registers := 2     
	                9 Bit    Registers := 8     
	                8 Bit    Registers := 18    
	                1 Bit    Registers := 27    
+---RAMs : 
	               2K Bit         RAMs := 2     
+---Muxes : 
	   2 Input     11 Bit        Muxes := 2     
	   3 Input     11 Bit        Muxes := 1     
	   2 Input      9 Bit        Muxes := 11    
	   3 Input      8 Bit        Muxes := 1     
	   2 Input      8 Bit        Muxes := 12    
	   2 Input      5 Bit        Muxes := 1     
	   2 Input      3 Bit        Muxes := 1     
	   2 Input      2 Bit        Muxes := 1     
	   2 Input      1 Bit        Muxes := 18    
	   3 Input      1 Bit        Muxes := 1     
---------------------------------------------------------------------------------
Finished RTL Component Statistics 
---------------------------------------------------------------------------------
---------------------------------------------------------------------------------
Start RTL Hierarchical Component Statistics 
---------------------------------------------------------------------------------
Hierarchical RTL Component report 
Module conv_3x3_strm 
Detailed RTL Component Info : 
+---Adders : 
	   3 Input     11 Bit       Adders := 1     
	   5 Input     11 Bit       Adders := 1     
	   2 Input      9 Bit       Adders := 9     
	   2 Input      8 Bit       Adders := 2     
+---XORs : 
	   2 Input      1 Bit         XORs := 5     
+---Registers : 
	               11 Bit    Registers := 2     
	                9 Bit    Registers := 8     
	                8 Bit    Registers := 14    
	                1 Bit    Registers := 27    
+---Muxes : 
	   2 Input     11 Bit        Muxes := 2     
	   3 Input     11 Bit        Muxes := 1     
	   2 Input      9 Bit        Muxes := 11    
	   3 Input      8 Bit        Muxes := 1     
	   2 Input      8 Bit        Muxes := 12    
	   2 Input      5 Bit        Muxes := 1     
	   2 Input      3 Bit        Muxes := 1     
	   2 Input      2 Bit        Muxes := 1     
	   2 Input      1 Bit        Muxes := 18    
	   3 Input      1 Bit        Muxes := 1     
Module conv_3x3_strm_linbkb_ram 
Detailed RTL Component Info : 
+---Registers : 
	                8 Bit    Registers := 2     
+---RAMs : 
	               2K Bit         RAMs := 1     
---------------------------------------------------------------------------------
Finished RTL Hierarchical Component Statistics
---------------------------------------------------------------------------------
---------------------------------------------------------------------------------
Start Part Resource Summary
---------------------------------------------------------------------------------
Part Resources:
DSPs: 80 (col length:40)
BRAMs: 120 (col length: RAMB18 40 RAMB36 20)
---------------------------------------------------------------------------------
Finished Part Resource Summary
---------------------------------------------------------------------------------
---------------------------------------------------------------------------------
Start Cross Boundary and Area Optimization
---------------------------------------------------------------------------------
INFO: [Synth 8-5546] ROM "exitcond1_fu_310_p2" won't be mapped to RAM because it is too sparse
INFO: [Synth 8-5546] ROM "exitcond2_fu_327_p2" won't be mapped to RAM because it is too sparse
INFO: [Synth 8-5546] ROM "exitcond_flatten_fu_415_p2" won't be mapped to RAM because it is too sparse
INFO: [Synth 8-5546] ROM "exitcond_fu_427_p2" won't be mapped to RAM because it is too sparse
INFO: [Synth 8-5546] ROM "tmp_1_i_fu_463_p2" won't be mapped to RAM because it is too sparse
WARNING: [Synth 8-6014] Unused sequential element x_1_reg_888_reg was removed.  [C:/Users/Kristoffer/Documents/Embedded_Real_Time_Exercises/Project/Convolution_IP.prj/solution2/impl/vhdl/conv_3x3_strm.vhd:581]
WARNING: [Synth 8-6014] Unused sequential element x_2_reg_897_reg was removed.  [C:/Users/Kristoffer/Documents/Embedded_Real_Time_Exercises/Project/Convolution_IP.prj/solution2/impl/vhdl/conv_3x3_strm.vhd:561]
WARNING: [Synth 8-6014] Unused sequential element read_count_1_fu_122_reg was removed.  [C:/Users/Kristoffer/Documents/Embedded_Real_Time_Exercises/Project/Convolution_IP.prj/solution2/impl/vhdl/conv_3x3_strm.vhd:504]
WARNING: [Synth 8-6014] Unused sequential element indvar_flatten_reg_276_reg was removed.  [C:/Users/Kristoffer/Documents/Embedded_Real_Time_Exercises/Project/Convolution_IP.prj/solution2/impl/vhdl/conv_3x3_strm.vhd:493]
---------------------------------------------------------------------------------
Finished Cross Boundary and Area Optimization : Time (s): cpu = 00:00:22 ; elapsed = 00:00:23 . Memory (MB): peak = 724.742 ; gain = 494.641
---------------------------------------------------------------------------------
---------------------------------------------------------------------------------
Start ROM, RAM, DSP and Shift Register Reporting
---------------------------------------------------------------------------------

Block RAM: Preliminary Mapping  Report (see note below)
+--------------------------+------------+------------------------+---+---+------------------------+---+---+------------------+--------+--------+
|Module Name               | RTL Object | PORT A (Depth x Width) | W | R | PORT B (Depth x Width) | W | R | Ports driving FF | RAMB18 | RAMB36 | 
+--------------------------+------------+------------------------+---+---+------------------------+---+---+------------------+--------+--------+
|conv_3x3_strm_linbkb_ram: | ram_reg    | 256 x 8(WRITE_FIRST)   | W | R | 256 x 8(WRITE_FIRST)   |   | R | Port A and B     | 1      | 0      | 
|conv_3x3_strm_linbkb_ram: | ram_reg    | 256 x 8(WRITE_FIRST)   | W | R | 256 x 8(WRITE_FIRST)   |   | R | Port A and B     | 1      | 0      | 
+--------------------------+------------+------------------------+---+---+------------------------+---+---+------------------+--------+--------+

Note: The tale above is a preliminary report that shows the Block RAMs at the current stage of the synthesis flow. Some Block RAMs may be reimplemented as non Block RAM primitives later in the synthesis flow. Multiple instantiated Block RAMs are reported only once. 
---------------------------------------------------------------------------------
Finished ROM, RAM, DSP and Shift Register Reporting
---------------------------------------------------------------------------------

Report RTL Partitions: 
+-+--------------+------------+----------+
| |RTL Partition |Replication |Instances |
+-+--------------+------------+----------+
+-+--------------+------------+----------+
---------------------------------------------------------------------------------
Start Applying XDC Timing Constraints
---------------------------------------------------------------------------------
---------------------------------------------------------------------------------
Finished Applying XDC Timing Constraints : Time (s): cpu = 00:00:31 ; elapsed = 00:00:32 . Memory (MB): peak = 724.742 ; gain = 494.641
---------------------------------------------------------------------------------
---------------------------------------------------------------------------------
Start Timing Optimization
---------------------------------------------------------------------------------
---------------------------------------------------------------------------------
Finished Timing Optimization : Time (s): cpu = 00:00:32 ; elapsed = 00:00:33 . Memory (MB): peak = 759.254 ; gain = 529.152
---------------------------------------------------------------------------------
---------------------------------------------------------------------------------
Start ROM, RAM, DSP and Shift Register Reporting
---------------------------------------------------------------------------------

Block RAM: Final Mapping  Report
+--------------------------+------------+------------------------+---+---+------------------------+---+---+------------------+--------+--------+
|Module Name               | RTL Object | PORT A (Depth x Width) | W | R | PORT B (Depth x Width) | W | R | Ports driving FF | RAMB18 | RAMB36 | 
+--------------------------+------------+------------------------+---+---+------------------------+---+---+------------------+--------+--------+
|conv_3x3_strm_linbkb_ram: | ram_reg    | 256 x 8(WRITE_FIRST)   | W | R | 256 x 8(WRITE_FIRST)   |   | R | Port A and B     | 1      | 0      | 
|conv_3x3_strm_linbkb_ram: | ram_reg    | 256 x 8(WRITE_FIRST)   | W | R | 256 x 8(WRITE_FIRST)   |   | R | Port A and B     | 1      | 0      | 
+--------------------------+------------+------------------------+---+---+------------------------+---+---+------------------+--------+--------+

---------------------------------------------------------------------------------
Finished ROM, RAM, DSP and Shift Register Reporting
---------------------------------------------------------------------------------

Report RTL Partitions: 
+-+--------------+------------+----------+
| |RTL Partition |Replication |Instances |
+-+--------------+------------+----------+
+-+--------------+------------+----------+
---------------------------------------------------------------------------------
Start Technology Mapping
---------------------------------------------------------------------------------
INFO: [Synth 8-4480] The timing for the instance line_buf_0_U/conv_3x3_strm_linbkb_ram_U/ram_reg (implemented as a block RAM) might be sub-optimal as no optional output register could be merged into the block ram. Providing additional output register may help in improving timing.
INFO: [Synth 8-4480] The timing for the instance line_buf_0_U/conv_3x3_strm_linbkb_ram_U/ram_reg (implemented as a block RAM) might be sub-optimal as no optional output register could be merged into the block ram. Providing additional output register may help in improving timing.
INFO: [Synth 8-4480] The timing for the instance line_buf_1_U/conv_3x3_strm_linbkb_ram_U/ram_reg (implemented as a block RAM) might be sub-optimal as no optional output register could be merged into the block ram. Providing additional output register may help in improving timing.
INFO: [Synth 8-4480] The timing for the instance line_buf_1_U/conv_3x3_strm_linbkb_ram_U/ram_reg (implemented as a block RAM) might be sub-optimal as no optional output register could be merged into the block ram. Providing additional output register may help in improving timing.
---------------------------------------------------------------------------------
Finished Technology Mapping : Time (s): cpu = 00:00:32 ; elapsed = 00:00:33 . Memory (MB): peak = 768.277 ; gain = 538.176
---------------------------------------------------------------------------------

Report RTL Partitions: 
+-+--------------+------------+----------+
| |RTL Partition |Replication |Instances |
+-+--------------+------------+----------+
+-+--------------+------------+----------+
---------------------------------------------------------------------------------
Start IO Insertion
---------------------------------------------------------------------------------
---------------------------------------------------------------------------------
Start Flattening Before IO Insertion
---------------------------------------------------------------------------------
---------------------------------------------------------------------------------
Finished Flattening Before IO Insertion
---------------------------------------------------------------------------------
---------------------------------------------------------------------------------
Start Final Netlist Cleanup
---------------------------------------------------------------------------------
---------------------------------------------------------------------------------
Finished Final Netlist Cleanup
---------------------------------------------------------------------------------
---------------------------------------------------------------------------------
Finished IO Insertion : Time (s): cpu = 00:00:33 ; elapsed = 00:00:34 . Memory (MB): peak = 768.277 ; gain = 538.176
---------------------------------------------------------------------------------

Report Check Netlist: 
+------+------------------+-------+---------+-------+------------------+
|      |Item              |Errors |Warnings |Status |Description       |
+------+------------------+-------+---------+-------+------------------+
|1     |multi_driven_nets |      0|        0|Passed |Multi driven nets |
+------+------------------+-------+---------+-------+------------------+
---------------------------------------------------------------------------------
Start Renaming Generated Instances
---------------------------------------------------------------------------------
---------------------------------------------------------------------------------
Finished Renaming Generated Instances : Time (s): cpu = 00:00:33 ; elapsed = 00:00:34 . Memory (MB): peak = 768.277 ; gain = 538.176
---------------------------------------------------------------------------------

Report RTL Partitions: 
+-+--------------+------------+----------+
| |RTL Partition |Replication |Instances |
+-+--------------+------------+----------+
+-+--------------+------------+----------+
---------------------------------------------------------------------------------
Start Rebuilding User Hierarchy
---------------------------------------------------------------------------------
---------------------------------------------------------------------------------
Finished Rebuilding User Hierarchy : Time (s): cpu = 00:00:33 ; elapsed = 00:00:34 . Memory (MB): peak = 768.277 ; gain = 538.176
---------------------------------------------------------------------------------
---------------------------------------------------------------------------------
Start Renaming Generated Ports
---------------------------------------------------------------------------------
---------------------------------------------------------------------------------
Finished Renaming Generated Ports : Time (s): cpu = 00:00:33 ; elapsed = 00:00:34 . Memory (MB): peak = 768.277 ; gain = 538.176
---------------------------------------------------------------------------------
---------------------------------------------------------------------------------
Start Handling Custom Attributes
---------------------------------------------------------------------------------
---------------------------------------------------------------------------------
Finished Handling Custom Attributes : Time (s): cpu = 00:00:33 ; elapsed = 00:00:34 . Memory (MB): peak = 768.277 ; gain = 538.176
---------------------------------------------------------------------------------
---------------------------------------------------------------------------------
Start Renaming Generated Nets
---------------------------------------------------------------------------------
---------------------------------------------------------------------------------
Finished Renaming Generated Nets : Time (s): cpu = 00:00:33 ; elapsed = 00:00:34 . Memory (MB): peak = 768.277 ; gain = 538.176
---------------------------------------------------------------------------------
---------------------------------------------------------------------------------
Start Writing Synthesis Report
---------------------------------------------------------------------------------

Report BlackBoxes: 
+-+--------------+----------+
| |BlackBox name |Instances |
+-+--------------+----------+
+-+--------------+----------+

Report Cell Usage: 
+------+---------+------+
|      |Cell     |Count |
+------+---------+------+
|1     |CARRY4   |    27|
|2     |LUT1     |     3|
|3     |LUT2     |    21|
|4     |LUT3     |    45|
|5     |LUT4     |    43|
|6     |LUT5     |    91|
|7     |LUT6     |   130|
|8     |RAMB18E1 |     2|
|9     |FDRE     |   272|
|10    |FDSE     |    10|
+------+---------+------+

Report Instance Areas: 
+------+-------------------------------+---------------------------+------+
|      |Instance                       |Module                     |Cells |
+------+-------------------------------+---------------------------+------+
|1     |top                            |                           |   644|
|2     |  line_buf_0_U                 |conv_3x3_strm_linbkb       |    21|
|3     |    conv_3x3_strm_linbkb_ram_U |conv_3x3_strm_linbkb_ram_1 |    21|
|4     |  line_buf_1_U                 |conv_3x3_strm_linbkb_0     |    56|
|5     |    conv_3x3_strm_linbkb_ram_U |conv_3x3_strm_linbkb_ram   |    56|
+------+-------------------------------+---------------------------+------+
---------------------------------------------------------------------------------
Finished Writing Synthesis Report : Time (s): cpu = 00:00:33 ; elapsed = 00:00:34 . Memory (MB): peak = 768.277 ; gain = 538.176
---------------------------------------------------------------------------------
Synthesis finished with 0 errors, 0 critical warnings and 9 warnings.
Synthesis Optimization Runtime : Time (s): cpu = 00:00:20 ; elapsed = 00:00:28 . Memory (MB): peak = 768.277 ; gain = 199.953
Synthesis Optimization Complete : Time (s): cpu = 00:00:33 ; elapsed = 00:00:34 . Memory (MB): peak = 768.277 ; gain = 538.176
INFO: [Project 1-571] Translating synthesized netlist
INFO: [Netlist 29-17] Analyzing 29 Unisim elements for replacement
INFO: [Netlist 29-28] Unisim Transformation completed in 0 CPU seconds
INFO: [Project 1-570] Preparing netlist for logic optimization
INFO: [Opt 31-138] Pushed 0 inverter(s) to 0 load pin(s).
INFO: [Project 1-111] Unisim Transformation Summary:
No Unisim elements were transformed.

INFO: [Common 17-83] Releasing license: Synthesis
50 Infos, 10 Warnings, 0 Critical Warnings and 0 Errors encountered.
synth_design completed successfully
synth_design: Time (s): cpu = 00:00:35 ; elapsed = 00:00:38 . Memory (MB): peak = 768.277 ; gain = 542.480
INFO: [Common 17-1381] The checkpoint 'C:/Users/Kristoffer/Documents/Embedded_Real_Time_Exercises/Project/Convolution_IP.prj/solution2/impl/vhdl/project.runs/synth_1/conv_3x3_strm.dcp' has been generated.
INFO: [runtcl-4] Executing : report_utilization -file conv_3x3_strm_utilization_synth.rpt -pb conv_3x3_strm_utilization_synth.pb
report_utilization: Time (s): cpu = 00:00:00 ; elapsed = 00:00:00.026 . Memory (MB): peak = 768.277 ; gain = 0.000
INFO: [Common 17-206] Exiting Vivado at Thu Dec  3 19:31:23 2020...
